<test-run id="2" testcasecount="66" result="Passed" start-time="2024-04-12 14:04:37.625205" end-time="2024-04-12 14:04:41.562053" duration="3" total="66" passed="54" failed="12" inconclusive="0" skipped="0" asserts="0" clr-version="3.12.1 (main, Jan  8 2024, 05:57:25) [Clang 17.0.6 ]" engine-version="3.6.2"><command-line>/home/brunolnetto/github/API/venv/lib/python3.12/site-packages/pytest/__main__.py</command-line><filter /><test-suite id="tests/core/test_utils.py" name="tests/core/test_utils.py" fullname="tests/core/test_utils.py" methodname="" classname="" runstate="Runnable" type="Assembly" testcasecount="5" result="Passed" label="" start-time="2024-04-12 14:04:40.939310" end-time="2024-04-12 14:04:40.956939" duration="0.017629" asserts="0" total="5" passed="5" failed="0" warnings="0" inconclusive="0" skipped="0"><properties><property name="python_version" value="3.12.1 (main, Jan  8 2024, 05:57:25) [Clang 17.0.6 ]" /></properties><test-case id="130" name="tests/core/test_utils.py::test_get_items_sample" fullname="tests/core/test_utils.py::test_get_items_sample" methodname="test_get_items_sample" classname="tests/core/test_utils.py" runstate="Runnable" seed="1" result="Passed" label="" start-time="2024-04-12 14:04:40.939310" end-time="2024-04-12 14:04:40.940393" duration="0.001083" asserts="0"><properties><property name="python-version" value="3.12.1 (main, Jan  8 2024, 05:57:25) [Clang 17.0.6 ]" /><property name="fspath" value="tests/core/test_utils.py" /></properties><environment framework-version="3.6.2" clr-version="3.12.1 (main, Jan  8 2024, 05:57:25) [Clang 17.0.6 ]" os-version="5.15.0-102-generic" platform="Linux" cwd="/home/brunolnetto/github/API" machine-name="x86_64" user="" user-domain="" culture="pt_BR" uiculture="pt_BR" os-architecture="64bit" /><failure><message><![CDATA[]]></message><stack-trace><![CDATA[None]]></stack-trace></failure><reason><message><![CDATA[]]></message></reason><output><![CDATA[]]></output></test-case><test-case id="131" name="tests/core/test_utils.py::test_get_sets_count_per_items_dict" fullname="tests/core/test_utils.py::test_get_sets_count_per_items_dict" methodname="test_get_sets_count_per_items_dict" classname="tests/core/test_utils.py" runstate="Runnable" seed="1" result="Passed" label="" start-time="2024-04-12 14:04:40.941556" end-time="2024-04-12 14:04:40.944307" duration="0.002751" asserts="0"><properties><property name="python-version" value="3.12.1 (main, Jan  8 2024, 05:57:25) [Clang 17.0.6 ]" /><property name="fspath" value="tests/core/test_utils.py" /></properties><environment framework-version="3.6.2" clr-version="3.12.1 (main, Jan  8 2024, 05:57:25) [Clang 17.0.6 ]" os-version="5.15.0-102-generic" platform="Linux" cwd="/home/brunolnetto/github/API" machine-name="x86_64" user="" user-domain="" culture="pt_BR" uiculture="pt_BR" os-architecture="64bit" /><failure><message><![CDATA[]]></message><stack-trace><![CDATA[None]]></stack-trace></failure><reason><message><![CDATA[]]></message></reason><output><![CDATA[]]></output></test-case><test-case id="132" name="tests/core/test_utils.py::test_get_items_neighbors_count" fullname="tests/core/test_utils.py::test_get_items_neighbors_count" methodname="test_get_items_neighbors_count" classname="tests/core/test_utils.py" runstate="Runnable" seed="1" result="Passed" label="" start-time="2024-04-12 14:04:40.945417" end-time="2024-04-12 14:04:40.948108" duration="0.002691" asserts="0"><properties><property name="python-version" value="3.12.1 (main, Jan  8 2024, 05:57:25) [Clang 17.0.6 ]" /><property name="fspath" value="tests/core/test_utils.py" /></properties><environment framework-version="3.6.2" clr-version="3.12.1 (main, Jan  8 2024, 05:57:25) [Clang 17.0.6 ]" os-version="5.15.0-102-generic" platform="Linux" cwd="/home/brunolnetto/github/API" machine-name="x86_64" user="" user-domain="" culture="pt_BR" uiculture="pt_BR" os-architecture="64bit" /><failure><message><![CDATA[]]></message><stack-trace><![CDATA[None]]></stack-trace></failure><reason><message><![CDATA[]]></message></reason><output><![CDATA[]]></output></test-case><test-case id="133" name="tests/core/test_utils.py::test_get_sets_count_per_items" fullname="tests/core/test_utils.py::test_get_sets_count_per_items" methodname="test_get_sets_count_per_items" classname="tests/core/test_utils.py" runstate="Runnable" seed="1" result="Passed" label="" start-time="2024-04-12 14:04:40.949213" end-time="2024-04-12 14:04:40.952569" duration="0.003356" asserts="0"><properties><property name="python-version" value="3.12.1 (main, Jan  8 2024, 05:57:25) [Clang 17.0.6 ]" /><property name="fspath" value="tests/core/test_utils.py" /></properties><environment framework-version="3.6.2" clr-version="3.12.1 (main, Jan  8 2024, 05:57:25) [Clang 17.0.6 ]" os-version="5.15.0-102-generic" platform="Linux" cwd="/home/brunolnetto/github/API" machine-name="x86_64" user="" user-domain="" culture="pt_BR" uiculture="pt_BR" os-architecture="64bit" /><failure><message><![CDATA[]]></message><stack-trace><![CDATA[None]]></stack-trace></failure><reason><message><![CDATA[]]></message></reason><output><![CDATA[]]></output></test-case><test-case id="134" name="tests/core/test_utils.py::test_get_sets_to_items_dict" fullname="tests/core/test_utils.py::test_get_sets_to_items_dict" methodname="test_get_sets_to_items_dict" classname="tests/core/test_utils.py" runstate="Runnable" seed="1" result="Passed" label="" start-time="2024-04-12 14:04:40.953628" end-time="2024-04-12 14:04:40.956939" duration="0.003311" asserts="0"><properties><property name="python-version" value="3.12.1 (main, Jan  8 2024, 05:57:25) [Clang 17.0.6 ]" /><property name="fspath" value="tests/core/test_utils.py" /></properties><environment framework-version="3.6.2" clr-version="3.12.1 (main, Jan  8 2024, 05:57:25) [Clang 17.0.6 ]" os-version="5.15.0-102-generic" platform="Linux" cwd="/home/brunolnetto/github/API" machine-name="x86_64" user="" user-domain="" culture="pt_BR" uiculture="pt_BR" os-architecture="64bit" /><failure><message><![CDATA[]]></message><stack-trace><![CDATA[None]]></stack-trace></failure><reason><message><![CDATA[]]></message></reason><output><![CDATA[]]></output></test-case><environment framework-version="3.6.2" clr-version="3.12.1 (main, Jan  8 2024, 05:57:25) [Clang 17.0.6 ]" os-version="5.15.0-102-generic" platform="Linux" cwd="/home/brunolnetto/github/API" machine-name="x86_64" user="" user-domain="" culture="pt_BR" uiculture="pt_BR" os-architecture="64bit" /></test-suite><test-suite id="tests/core/test_algorithms.py" name="tests/core/test_algorithms.py" fullname="tests/core/test_algorithms.py" methodname="" classname="" runstate="Runnable" type="Assembly" testcasecount="2" result="Passed" label="" start-time="2024-04-12 14:04:38.271366" end-time="2024-04-12 14:04:38.285135" duration="0.013769" asserts="0" total="2" passed="1" failed="1" warnings="0" inconclusive="0" skipped="0"><properties><property name="python_version" value="3.12.1 (main, Jan  8 2024, 05:57:25) [Clang 17.0.6 ]" /></properties><test-case id="100" name="tests/core/test_algorithms.py::test_get_frequent_items_and_rules_dict" fullname="tests/core/test_algorithms.py::test_get_frequent_items_and_rules_dict" methodname="test_get_frequent_items_and_rules_dict" classname="tests/core/test_algorithms.py" runstate="Runnable" seed="1" result="Failed" label="" start-time="2024-04-12 14:04:38.271366" end-time="2024-04-12 14:04:38.272209" duration="0" asserts="0"><properties><property name="python-version" value="3.12.1 (main, Jan  8 2024, 05:57:25) [Clang 17.0.6 ]" /><property name="fspath" value="tests/core/test_algorithms.py" /></properties><environment framework-version="3.6.2" clr-version="3.12.1 (main, Jan  8 2024, 05:57:25) [Clang 17.0.6 ]" os-version="5.15.0-102-generic" platform="Linux" cwd="/home/brunolnetto/github/API" machine-name="x86_64" user="" user-domain="" culture="pt_BR" uiculture="pt_BR" os-architecture="64bit" /><failure><message><![CDATA[]]></message><stack-trace><![CDATA[]]></stack-trace></failure><reason><message><![CDATA[]]></message></reason><output><![CDATA[]]></output></test-case><test-case id="101" name="tests/core/test_algorithms.py::test_get_k_best_metrics" fullname="tests/core/test_algorithms.py::test_get_k_best_metrics" methodname="test_get_k_best_metrics" classname="tests/core/test_algorithms.py" runstate="Runnable" seed="1" result="Passed" label="" start-time="2024-04-12 14:04:38.274330" end-time="2024-04-12 14:04:38.285135" duration="0.010805" asserts="0"><properties><property name="python-version" value="3.12.1 (main, Jan  8 2024, 05:57:25) [Clang 17.0.6 ]" /><property name="fspath" value="tests/core/test_algorithms.py" /></properties><environment framework-version="3.6.2" clr-version="3.12.1 (main, Jan  8 2024, 05:57:25) [Clang 17.0.6 ]" os-version="5.15.0-102-generic" platform="Linux" cwd="/home/brunolnetto/github/API" machine-name="x86_64" user="" user-domain="" culture="pt_BR" uiculture="pt_BR" os-architecture="64bit" /><failure><message><![CDATA[]]></message><stack-trace><![CDATA[None]]></stack-trace></failure><reason><message><![CDATA[]]></message></reason><output><![CDATA[]]></output></test-case><environment framework-version="3.6.2" clr-version="3.12.1 (main, Jan  8 2024, 05:57:25) [Clang 17.0.6 ]" os-version="5.15.0-102-generic" platform="Linux" cwd="/home/brunolnetto/github/API" machine-name="x86_64" user="" user-domain="" culture="pt_BR" uiculture="pt_BR" os-architecture="64bit" /></test-suite><test-suite id="tests/core/test_models.py" name="tests/core/test_models.py" fullname="tests/core/test_models.py" methodname="" classname="" runstate="Runnable" type="Assembly" testcasecount="20" result="Passed" label="" start-time="2024-04-12 14:04:38.318238" end-time="2024-04-12 14:04:40.937194" duration="2.618956" asserts="0" total="20" passed="9" failed="11" warnings="0" inconclusive="0" skipped="0"><properties><property name="python_version" value="3.12.1 (main, Jan  8 2024, 05:57:25) [Clang 17.0.6 ]" /></properties><test-case id="110" name="tests/core/test_models.py::test_basket_validity" fullname="tests/core/test_models.py::test_basket_validity" methodname="test_basket_validity" classname="tests/core/test_models.py" runstate="Runnable" seed="1" result="Passed" label="" start-time="2024-04-12 14:04:38.318238" end-time="2024-04-12 14:04:38.319095" duration="0.000857" asserts="0"><properties><property name="python-version" value="3.12.1 (main, Jan  8 2024, 05:57:25) [Clang 17.0.6 ]" /><property name="fspath" value="tests/core/test_models.py" /></properties><environment framework-version="3.6.2" clr-version="3.12.1 (main, Jan  8 2024, 05:57:25) [Clang 17.0.6 ]" os-version="5.15.0-102-generic" platform="Linux" cwd="/home/brunolnetto/github/API" machine-name="x86_64" user="" user-domain="" culture="pt_BR" uiculture="pt_BR" os-architecture="64bit" /><failure><message><![CDATA[]]></message><stack-trace><![CDATA[None]]></stack-trace></failure><reason><message><![CDATA[]]></message></reason><output><![CDATA[]]></output></test-case><test-case id="111" name="tests/core/test_models.py::test_basket_eq" fullname="tests/core/test_models.py::test_basket_eq" methodname="test_basket_eq" classname="tests/core/test_models.py" runstate="Runnable" seed="1" result="Passed" label="" start-time="2024-04-12 14:04:38.320255" end-time="2024-04-12 14:04:38.321180" duration="0.000925" asserts="0"><properties><property name="python-version" value="3.12.1 (main, Jan  8 2024, 05:57:25) [Clang 17.0.6 ]" /><property name="fspath" value="tests/core/test_models.py" /></properties><environment framework-version="3.6.2" clr-version="3.12.1 (main, Jan  8 2024, 05:57:25) [Clang 17.0.6 ]" os-version="5.15.0-102-generic" platform="Linux" cwd="/home/brunolnetto/github/API" machine-name="x86_64" user="" user-domain="" culture="pt_BR" uiculture="pt_BR" os-architecture="64bit" /><failure><message><![CDATA[]]></message><stack-trace><![CDATA[None]]></stack-trace></failure><reason><message><![CDATA[]]></message></reason><output><![CDATA[]]></output></test-case><test-case id="112" name="tests/core/test_models.py::test_basket_ne" fullname="tests/core/test_models.py::test_basket_ne" methodname="test_basket_ne" classname="tests/core/test_models.py" runstate="Runnable" seed="1" result="Passed" label="" start-time="2024-04-12 14:04:38.322192" end-time="2024-04-12 14:04:38.323035" duration="0.000843" asserts="0"><properties><property name="python-version" value="3.12.1 (main, Jan  8 2024, 05:57:25) [Clang 17.0.6 ]" /><property name="fspath" value="tests/core/test_models.py" /></properties><environment framework-version="3.6.2" clr-version="3.12.1 (main, Jan  8 2024, 05:57:25) [Clang 17.0.6 ]" os-version="5.15.0-102-generic" platform="Linux" cwd="/home/brunolnetto/github/API" machine-name="x86_64" user="" user-domain="" culture="pt_BR" uiculture="pt_BR" os-architecture="64bit" /><failure><message><![CDATA[]]></message><stack-trace><![CDATA[None]]></stack-trace></failure><reason><message><![CDATA[]]></message></reason><output><![CDATA[]]></output></test-case><test-case id="113" name="tests/core/test_models.py::test_basket_repr" fullname="tests/core/test_models.py::test_basket_repr" methodname="test_basket_repr" classname="tests/core/test_models.py" runstate="Runnable" seed="1" result="Passed" label="" start-time="2024-04-12 14:04:38.324000" end-time="2024-04-12 14:04:38.325034" duration="0.001034" asserts="0"><properties><property name="python-version" value="3.12.1 (main, Jan  8 2024, 05:57:25) [Clang 17.0.6 ]" /><property name="fspath" value="tests/core/test_models.py" /></properties><environment framework-version="3.6.2" clr-version="3.12.1 (main, Jan  8 2024, 05:57:25) [Clang 17.0.6 ]" os-version="5.15.0-102-generic" platform="Linux" cwd="/home/brunolnetto/github/API" machine-name="x86_64" user="" user-domain="" culture="pt_BR" uiculture="pt_BR" os-architecture="64bit" /><failure><message><![CDATA[]]></message><stack-trace><![CDATA[None]]></stack-trace></failure><reason><message><![CDATA[]]></message></reason><output><![CDATA[]]></output></test-case><test-case id="114" name="tests/core/test_models.py::test_basket_eq_different_type" fullname="tests/core/test_models.py::test_basket_eq_different_type" methodname="test_basket_eq_different_type" classname="tests/core/test_models.py" runstate="Runnable" seed="1" result="Passed" label="" start-time="2024-04-12 14:04:38.325992" end-time="2024-04-12 14:04:38.326785" duration="0.000793" asserts="0"><properties><property name="python-version" value="3.12.1 (main, Jan  8 2024, 05:57:25) [Clang 17.0.6 ]" /><property name="fspath" value="tests/core/test_models.py" /></properties><environment framework-version="3.6.2" clr-version="3.12.1 (main, Jan  8 2024, 05:57:25) [Clang 17.0.6 ]" os-version="5.15.0-102-generic" platform="Linux" cwd="/home/brunolnetto/github/API" machine-name="x86_64" user="" user-domain="" culture="pt_BR" uiculture="pt_BR" os-architecture="64bit" /><failure><message><![CDATA[]]></message><stack-trace><![CDATA[None]]></stack-trace></failure><reason><message><![CDATA[]]></message></reason><output><![CDATA[]]></output></test-case><test-case id="115" name="tests/core/test_models.py::test_item_description" fullname="tests/core/test_models.py::test_item_description" methodname="test_item_description" classname="tests/core/test_models.py" runstate="Runnable" seed="1" result="Passed" label="" start-time="2024-04-12 14:04:38.327635" end-time="2024-04-12 14:04:38.328418" duration="0.000783" asserts="0"><properties><property name="python-version" value="3.12.1 (main, Jan  8 2024, 05:57:25) [Clang 17.0.6 ]" /><property name="fspath" value="tests/core/test_models.py" /></properties><environment framework-version="3.6.2" clr-version="3.12.1 (main, Jan  8 2024, 05:57:25) [Clang 17.0.6 ]" os-version="5.15.0-102-generic" platform="Linux" cwd="/home/brunolnetto/github/API" machine-name="x86_64" user="" user-domain="" culture="pt_BR" uiculture="pt_BR" os-architecture="64bit" /><failure><message><![CDATA[]]></message><stack-trace><![CDATA[None]]></stack-trace></failure><reason><message><![CDATA[]]></message></reason><output><![CDATA[]]></output></test-case><test-case id="116" name="tests/core/test_models.py::test_item_repr" fullname="tests/core/test_models.py::test_item_repr" methodname="test_item_repr" classname="tests/core/test_models.py" runstate="Runnable" seed="1" result="Passed" label="" start-time="2024-04-12 14:04:38.329244" end-time="2024-04-12 14:04:38.329984" duration="0.00074" asserts="0"><properties><property name="python-version" value="3.12.1 (main, Jan  8 2024, 05:57:25) [Clang 17.0.6 ]" /><property name="fspath" value="tests/core/test_models.py" /></properties><environment framework-version="3.6.2" clr-version="3.12.1 (main, Jan  8 2024, 05:57:25) [Clang 17.0.6 ]" os-version="5.15.0-102-generic" platform="Linux" cwd="/home/brunolnetto/github/API" machine-name="x86_64" user="" user-domain="" culture="pt_BR" uiculture="pt_BR" os-architecture="64bit" /><failure><message><![CDATA[]]></message><stack-trace><![CDATA[None]]></stack-trace></failure><reason><message><![CDATA[]]></message></reason><output><![CDATA[]]></output></test-case><test-case id="117" name="tests/core/test_models.py::test_product_to_basket" fullname="tests/core/test_models.py::test_product_to_basket" methodname="test_product_to_basket" classname="tests/core/test_models.py" runstate="Runnable" seed="1" result="Passed" label="" start-time="2024-04-12 14:04:38.330769" end-time="2024-04-12 14:04:38.331701" duration="0.000932" asserts="0"><properties><property name="python-version" value="3.12.1 (main, Jan  8 2024, 05:57:25) [Clang 17.0.6 ]" /><property name="fspath" value="tests/core/test_models.py" /></properties><environment framework-version="3.6.2" clr-version="3.12.1 (main, Jan  8 2024, 05:57:25) [Clang 17.0.6 ]" os-version="5.15.0-102-generic" platform="Linux" cwd="/home/brunolnetto/github/API" machine-name="x86_64" user="" user-domain="" culture="pt_BR" uiculture="pt_BR" os-architecture="64bit" /><failure><message><![CDATA[]]></message><stack-trace><![CDATA[None]]></stack-trace></failure><reason><message><![CDATA[]]></message></reason><output><![CDATA[]]></output></test-case><test-case id="118" name="tests/core/test_models.py::test_recommendation_k_best_arbitrary[arbitrary]" fullname="tests/core/test_models.py::test_recommendation_k_best_arbitrary[arbitrary]" methodname="test_recommendation_k_best_arbitrary[arbitrary]" classname="tests/core/test_models.py" runstate="Runnable" seed="1" result="Failed" label="" start-time="2024-04-12 14:04:38.569428" end-time="2024-04-12 14:04:38.570090" duration="0" asserts="0"><properties><property name="python-version" value="3.12.1 (main, Jan  8 2024, 05:57:25) [Clang 17.0.6 ]" /><property name="fspath" value="tests/core/test_models.py" /></properties><environment framework-version="3.6.2" clr-version="3.12.1 (main, Jan  8 2024, 05:57:25) [Clang 17.0.6 ]" os-version="5.15.0-102-generic" platform="Linux" cwd="/home/brunolnetto/github/API" machine-name="x86_64" user="" user-domain="" culture="pt_BR" uiculture="pt_BR" os-architecture="64bit" /><failure><message><![CDATA[]]></message><stack-trace><![CDATA[]]></stack-trace></failure><reason><message><![CDATA[]]></message></reason><output><![CDATA[]]></output></test-case><test-case id="119" name="tests/core/test_models.py::test_recommendation_k_best_arbitrary[random]" fullname="tests/core/test_models.py::test_recommendation_k_best_arbitrary[random]" methodname="test_recommendation_k_best_arbitrary[random]" classname="tests/core/test_models.py" runstate="Runnable" seed="1" result="Failed" label="" start-time="2024-04-12 14:04:38.799300" end-time="2024-04-12 14:04:38.799917" duration="0" asserts="0"><properties><property name="python-version" value="3.12.1 (main, Jan  8 2024, 05:57:25) [Clang 17.0.6 ]" /><property name="fspath" value="tests/core/test_models.py" /></properties><environment framework-version="3.6.2" clr-version="3.12.1 (main, Jan  8 2024, 05:57:25) [Clang 17.0.6 ]" os-version="5.15.0-102-generic" platform="Linux" cwd="/home/brunolnetto/github/API" machine-name="x86_64" user="" user-domain="" culture="pt_BR" uiculture="pt_BR" os-architecture="64bit" /><failure><message><![CDATA[]]></message><stack-trace><![CDATA[]]></stack-trace></failure><reason><message><![CDATA[]]></message></reason><output><![CDATA[]]></output></test-case><test-case id="120" name="tests/core/test_models.py::test_recommendation_k_best_arbitrary[support]" fullname="tests/core/test_models.py::test_recommendation_k_best_arbitrary[support]" methodname="test_recommendation_k_best_arbitrary[support]" classname="tests/core/test_models.py" runstate="Runnable" seed="1" result="Failed" label="" start-time="2024-04-12 14:04:39.033793" end-time="2024-04-12 14:04:39.034431" duration="0" asserts="0"><properties><property name="python-version" value="3.12.1 (main, Jan  8 2024, 05:57:25) [Clang 17.0.6 ]" /><property name="fspath" value="tests/core/test_models.py" /></properties><environment framework-version="3.6.2" clr-version="3.12.1 (main, Jan  8 2024, 05:57:25) [Clang 17.0.6 ]" os-version="5.15.0-102-generic" platform="Linux" cwd="/home/brunolnetto/github/API" machine-name="x86_64" user="" user-domain="" culture="pt_BR" uiculture="pt_BR" os-architecture="64bit" /><failure><message><![CDATA[]]></message><stack-trace><![CDATA[]]></stack-trace></failure><reason><message><![CDATA[]]></message></reason><output><![CDATA[]]></output></test-case><test-case id="121" name="tests/core/test_models.py::test_recommendation_k_best_arbitrary[confidence]" fullname="tests/core/test_models.py::test_recommendation_k_best_arbitrary[confidence]" methodname="test_recommendation_k_best_arbitrary[confidence]" classname="tests/core/test_models.py" runstate="Runnable" seed="1" result="Failed" label="" start-time="2024-04-12 14:04:39.270992" end-time="2024-04-12 14:04:39.271628" duration="0" asserts="0"><properties><property name="python-version" value="3.12.1 (main, Jan  8 2024, 05:57:25) [Clang 17.0.6 ]" /><property name="fspath" value="tests/core/test_models.py" /></properties><environment framework-version="3.6.2" clr-version="3.12.1 (main, Jan  8 2024, 05:57:25) [Clang 17.0.6 ]" os-version="5.15.0-102-generic" platform="Linux" cwd="/home/brunolnetto/github/API" machine-name="x86_64" user="" user-domain="" culture="pt_BR" uiculture="pt_BR" os-architecture="64bit" /><failure><message><![CDATA[]]></message><stack-trace><![CDATA[]]></stack-trace></failure><reason><message><![CDATA[]]></message></reason><output><![CDATA[]]></output></test-case><test-case id="122" name="tests/core/test_models.py::test_recommendation_k_best_arbitrary[lift]" fullname="tests/core/test_models.py::test_recommendation_k_best_arbitrary[lift]" methodname="test_recommendation_k_best_arbitrary[lift]" classname="tests/core/test_models.py" runstate="Runnable" seed="1" result="Failed" label="" start-time="2024-04-12 14:04:39.496745" end-time="2024-04-12 14:04:39.497288" duration="0" asserts="0"><properties><property name="python-version" value="3.12.1 (main, Jan  8 2024, 05:57:25) [Clang 17.0.6 ]" /><property name="fspath" value="tests/core/test_models.py" /></properties><environment framework-version="3.6.2" clr-version="3.12.1 (main, Jan  8 2024, 05:57:25) [Clang 17.0.6 ]" os-version="5.15.0-102-generic" platform="Linux" cwd="/home/brunolnetto/github/API" machine-name="x86_64" user="" user-domain="" culture="pt_BR" uiculture="pt_BR" os-architecture="64bit" /><failure><message><![CDATA[]]></message><stack-trace><![CDATA[]]></stack-trace></failure><reason><message><![CDATA[]]></message></reason><output><![CDATA[]]></output></test-case><test-case id="123" name="tests/core/test_models.py::test_recommendation_k_best_arbitrary[leverage]" fullname="tests/core/test_models.py::test_recommendation_k_best_arbitrary[leverage]" methodname="test_recommendation_k_best_arbitrary[leverage]" classname="tests/core/test_models.py" runstate="Runnable" seed="1" result="Failed" label="" start-time="2024-04-12 14:04:39.737537" end-time="2024-04-12 14:04:39.738182" duration="0" asserts="0"><properties><property name="python-version" value="3.12.1 (main, Jan  8 2024, 05:57:25) [Clang 17.0.6 ]" /><property name="fspath" value="tests/core/test_models.py" /></properties><environment framework-version="3.6.2" clr-version="3.12.1 (main, Jan  8 2024, 05:57:25) [Clang 17.0.6 ]" os-version="5.15.0-102-generic" platform="Linux" cwd="/home/brunolnetto/github/API" machine-name="x86_64" user="" user-domain="" culture="pt_BR" uiculture="pt_BR" os-architecture="64bit" /><failure><message><![CDATA[]]></message><stack-trace><![CDATA[]]></stack-trace></failure><reason><message><![CDATA[]]></message></reason><output><![CDATA[]]></output></test-case><test-case id="124" name="tests/core/test_models.py::test_recommendation_k_best_arbitrary[conviction]" fullname="tests/core/test_models.py::test_recommendation_k_best_arbitrary[conviction]" methodname="test_recommendation_k_best_arbitrary[conviction]" classname="tests/core/test_models.py" runstate="Runnable" seed="1" result="Failed" label="" start-time="2024-04-12 14:04:39.985436" end-time="2024-04-12 14:04:39.986093" duration="0" asserts="0"><properties><property name="python-version" value="3.12.1 (main, Jan  8 2024, 05:57:25) [Clang 17.0.6 ]" /><property name="fspath" value="tests/core/test_models.py" /></properties><environment framework-version="3.6.2" clr-version="3.12.1 (main, Jan  8 2024, 05:57:25) [Clang 17.0.6 ]" os-version="5.15.0-102-generic" platform="Linux" cwd="/home/brunolnetto/github/API" machine-name="x86_64" user="" user-domain="" culture="pt_BR" uiculture="pt_BR" os-architecture="64bit" /><failure><message><![CDATA[]]></message><stack-trace><![CDATA[]]></stack-trace></failure><reason><message><![CDATA[]]></message></reason><output><![CDATA[]]></output></test-case><test-case id="125" name="tests/core/test_models.py::test_get_sv_recommender_invalid_suggestion_count" fullname="tests/core/test_models.py::test_get_sv_recommender_invalid_suggestion_count" methodname="test_get_sv_recommender_invalid_suggestion_count" classname="tests/core/test_models.py" runstate="Runnable" seed="1" result="Failed" label="" start-time="2024-04-12 14:04:40.221280" end-time="2024-04-12 14:04:40.221846" duration="0" asserts="0"><properties><property name="python-version" value="3.12.1 (main, Jan  8 2024, 05:57:25) [Clang 17.0.6 ]" /><property name="fspath" value="tests/core/test_models.py" /></properties><environment framework-version="3.6.2" clr-version="3.12.1 (main, Jan  8 2024, 05:57:25) [Clang 17.0.6 ]" os-version="5.15.0-102-generic" platform="Linux" cwd="/home/brunolnetto/github/API" machine-name="x86_64" user="" user-domain="" culture="pt_BR" uiculture="pt_BR" os-architecture="64bit" /><failure><message><![CDATA[]]></message><stack-trace><![CDATA[]]></stack-trace></failure><reason><message><![CDATA[]]></message></reason><output><![CDATA[]]></output></test-case><test-case id="126" name="tests/core/test_models.py::test_get_sv_recommender_metrics" fullname="tests/core/test_models.py::test_get_sv_recommender_metrics" methodname="test_get_sv_recommender_metrics" classname="tests/core/test_models.py" runstate="Runnable" seed="1" result="Passed" label="" start-time="2024-04-12 14:04:40.223343" end-time="2024-04-12 14:04:40.226472" duration="0.003129" asserts="0"><properties><property name="python-version" value="3.12.1 (main, Jan  8 2024, 05:57:25) [Clang 17.0.6 ]" /><property name="fspath" value="tests/core/test_models.py" /></properties><environment framework-version="3.6.2" clr-version="3.12.1 (main, Jan  8 2024, 05:57:25) [Clang 17.0.6 ]" os-version="5.15.0-102-generic" platform="Linux" cwd="/home/brunolnetto/github/API" machine-name="x86_64" user="" user-domain="" culture="pt_BR" uiculture="pt_BR" os-architecture="64bit" /><failure><message><![CDATA[]]></message><stack-trace><![CDATA[None]]></stack-trace></failure><reason><message><![CDATA[]]></message></reason><output><![CDATA[]]></output></test-case><test-case id="127" name="tests/core/test_models.py::test_get_sv_recommender_invalid_method" fullname="tests/core/test_models.py::test_get_sv_recommender_invalid_method" methodname="test_get_sv_recommender_invalid_method" classname="tests/core/test_models.py" runstate="Runnable" seed="1" result="Failed" label="" start-time="2024-04-12 14:04:40.467832" end-time="2024-04-12 14:04:40.468576" duration="0" asserts="0"><properties><property name="python-version" value="3.12.1 (main, Jan  8 2024, 05:57:25) [Clang 17.0.6 ]" /><property name="fspath" value="tests/core/test_models.py" /></properties><environment framework-version="3.6.2" clr-version="3.12.1 (main, Jan  8 2024, 05:57:25) [Clang 17.0.6 ]" os-version="5.15.0-102-generic" platform="Linux" cwd="/home/brunolnetto/github/API" machine-name="x86_64" user="" user-domain="" culture="pt_BR" uiculture="pt_BR" os-architecture="64bit" /><failure><message><![CDATA[]]></message><stack-trace><![CDATA[]]></stack-trace></failure><reason><message><![CDATA[]]></message></reason><output><![CDATA[]]></output></test-case><test-case id="128" name="tests/core/test_models.py::test_description" fullname="tests/core/test_models.py::test_description" methodname="test_description" classname="tests/core/test_models.py" runstate="Runnable" seed="1" result="Failed" label="" start-time="2024-04-12 14:04:40.717683" end-time="2024-04-12 14:04:40.718342" duration="0" asserts="0"><properties><property name="python-version" value="3.12.1 (main, Jan  8 2024, 05:57:25) [Clang 17.0.6 ]" /><property name="fspath" value="tests/core/test_models.py" /></properties><environment framework-version="3.6.2" clr-version="3.12.1 (main, Jan  8 2024, 05:57:25) [Clang 17.0.6 ]" os-version="5.15.0-102-generic" platform="Linux" cwd="/home/brunolnetto/github/API" machine-name="x86_64" user="" user-domain="" culture="pt_BR" uiculture="pt_BR" os-architecture="64bit" /><failure><message><![CDATA[]]></message><stack-trace><![CDATA[]]></stack-trace></failure><reason><message><![CDATA[]]></message></reason><output><![CDATA[]]></output></test-case><test-case id="129" name="tests/core/test_models.py::test_get_sv_recommender_invalid_item" fullname="tests/core/test_models.py::test_get_sv_recommender_invalid_item" methodname="test_get_sv_recommender_invalid_item" classname="tests/core/test_models.py" runstate="Runnable" seed="1" result="Failed" label="" start-time="2024-04-12 14:04:40.936632" end-time="2024-04-12 14:04:40.937194" duration="0" asserts="0"><properties><property name="python-version" value="3.12.1 (main, Jan  8 2024, 05:57:25) [Clang 17.0.6 ]" /><property name="fspath" value="tests/core/test_models.py" /></properties><environment framework-version="3.6.2" clr-version="3.12.1 (main, Jan  8 2024, 05:57:25) [Clang 17.0.6 ]" os-version="5.15.0-102-generic" platform="Linux" cwd="/home/brunolnetto/github/API" machine-name="x86_64" user="" user-domain="" culture="pt_BR" uiculture="pt_BR" os-architecture="64bit" /><failure><message><![CDATA[]]></message><stack-trace><![CDATA[]]></stack-trace></failure><reason><message><![CDATA[]]></message></reason><output><![CDATA[]]></output></test-case><environment framework-version="3.6.2" clr-version="3.12.1 (main, Jan  8 2024, 05:57:25) [Clang 17.0.6 ]" os-version="5.15.0-102-generic" platform="Linux" cwd="/home/brunolnetto/github/API" machine-name="x86_64" user="" user-domain="" culture="pt_BR" uiculture="pt_BR" os-architecture="64bit" /></test-suite><test-suite id="tests/test_app.py" name="tests/test_app.py" fullname="tests/test_app.py" methodname="" classname="" runstate="Runnable" type="Assembly" testcasecount="4" result="Passed" label="" start-time="2024-04-12 14:04:40.958198" end-time="2024-04-12 14:04:40.997392" duration="0.039194" asserts="0" total="4" passed="4" failed="0" warnings="0" inconclusive="0" skipped="0"><properties><property name="python_version" value="3.12.1 (main, Jan  8 2024, 05:57:25) [Clang 17.0.6 ]" /></properties><test-case id="135" name="tests/test_app.py::test_read_root" fullname="tests/test_app.py::test_read_root" methodname="test_read_root" classname="tests/test_app.py" runstate="Runnable" seed="1" result="Passed" label="" start-time="2024-04-12 14:04:40.958198" end-time="2024-04-12 14:04:40.974093" duration="0.015895" asserts="0"><properties><property name="python-version" value="3.12.1 (main, Jan  8 2024, 05:57:25) [Clang 17.0.6 ]" /><property name="fspath" value="tests/test_app.py" /></properties><environment framework-version="3.6.2" clr-version="3.12.1 (main, Jan  8 2024, 05:57:25) [Clang 17.0.6 ]" os-version="5.15.0-102-generic" platform="Linux" cwd="/home/brunolnetto/github/API" machine-name="x86_64" user="" user-domain="" culture="pt_BR" uiculture="pt_BR" os-architecture="64bit" /><failure><message><![CDATA[]]></message><stack-trace><![CDATA[None]]></stack-trace></failure><reason><message><![CDATA[]]></message></reason><output><![CDATA[]]></output></test-case><test-case id="136" name="tests/test_app.py::test_pong" fullname="tests/test_app.py::test_pong" methodname="test_pong" classname="tests/test_app.py" runstate="Runnable" seed="1" result="Passed" label="" start-time="2024-04-12 14:04:40.975299" end-time="2024-04-12 14:04:40.978527" duration="0.003228" asserts="0"><properties><property name="python-version" value="3.12.1 (main, Jan  8 2024, 05:57:25) [Clang 17.0.6 ]" /><property name="fspath" value="tests/test_app.py" /></properties><environment framework-version="3.6.2" clr-version="3.12.1 (main, Jan  8 2024, 05:57:25) [Clang 17.0.6 ]" os-version="5.15.0-102-generic" platform="Linux" cwd="/home/brunolnetto/github/API" machine-name="x86_64" user="" user-domain="" culture="pt_BR" uiculture="pt_BR" os-architecture="64bit" /><failure><message><![CDATA[]]></message><stack-trace><![CDATA[None]]></stack-trace></failure><reason><message><![CDATA[]]></message></reason><output><![CDATA[]]></output></test-case><test-case id="137" name="tests/test_app.py::test_health_check" fullname="tests/test_app.py::test_health_check" methodname="test_health_check" classname="tests/test_app.py" runstate="Runnable" seed="1" result="Passed" label="" start-time="2024-04-12 14:04:40.979561" end-time="2024-04-12 14:04:40.982816" duration="0.003255" asserts="0"><properties><property name="python-version" value="3.12.1 (main, Jan  8 2024, 05:57:25) [Clang 17.0.6 ]" /><property name="fspath" value="tests/test_app.py" /></properties><environment framework-version="3.6.2" clr-version="3.12.1 (main, Jan  8 2024, 05:57:25) [Clang 17.0.6 ]" os-version="5.15.0-102-generic" platform="Linux" cwd="/home/brunolnetto/github/API" machine-name="x86_64" user="" user-domain="" culture="pt_BR" uiculture="pt_BR" os-architecture="64bit" /><failure><message><![CDATA[]]></message><stack-trace><![CDATA[None]]></stack-trace></failure><reason><message><![CDATA[]]></message></reason><output><![CDATA[]]></output></test-case><test-case id="138" name="tests/test_app.py::test_info" fullname="tests/test_app.py::test_info" methodname="test_info" classname="tests/test_app.py" runstate="Runnable" seed="1" result="Passed" label="" start-time="2024-04-12 14:04:40.984131" end-time="2024-04-12 14:04:40.997392" duration="0.013261" asserts="0"><properties><property name="python-version" value="3.12.1 (main, Jan  8 2024, 05:57:25) [Clang 17.0.6 ]" /><property name="fspath" value="tests/test_app.py" /></properties><environment framework-version="3.6.2" clr-version="3.12.1 (main, Jan  8 2024, 05:57:25) [Clang 17.0.6 ]" os-version="5.15.0-102-generic" platform="Linux" cwd="/home/brunolnetto/github/API" machine-name="x86_64" user="" user-domain="" culture="pt_BR" uiculture="pt_BR" os-architecture="64bit" /><failure><message><![CDATA[]]></message><stack-trace><![CDATA[None]]></stack-trace></failure><reason><message><![CDATA[]]></message></reason><output><![CDATA[]]></output></test-case><environment framework-version="3.6.2" clr-version="3.12.1 (main, Jan  8 2024, 05:57:25) [Clang 17.0.6 ]" os-version="5.15.0-102-generic" platform="Linux" cwd="/home/brunolnetto/github/API" machine-name="x86_64" user="" user-domain="" culture="pt_BR" uiculture="pt_BR" os-architecture="64bit" /></test-suite><test-suite id="tests/utils/test_native.py" name="tests/utils/test_native.py" fullname="tests/utils/test_native.py" methodname="" classname="" runstate="Runnable" type="Assembly" testcasecount="7" result="Passed" label="" start-time="2024-04-12 14:04:41.532804" end-time="2024-04-12 14:04:41.545716" duration="0.012912" asserts="0" total="7" passed="7" failed="0" warnings="0" inconclusive="0" skipped="0"><properties><property name="python_version" value="3.12.1 (main, Jan  8 2024, 05:57:25) [Clang 17.0.6 ]" /></properties><test-case id="156" name="tests/utils/test_native.py::test_invert_dict_failed" fullname="tests/utils/test_native.py::test_invert_dict_failed" methodname="test_invert_dict_failed" classname="tests/utils/test_native.py" runstate="Runnable" seed="1" result="Passed" label="" start-time="2024-04-12 14:04:41.532804" end-time="2024-04-12 14:04:41.533603" duration="0.000799" asserts="0"><properties><property name="python-version" value="3.12.1 (main, Jan  8 2024, 05:57:25) [Clang 17.0.6 ]" /><property name="fspath" value="tests/utils/test_native.py" /></properties><environment framework-version="3.6.2" clr-version="3.12.1 (main, Jan  8 2024, 05:57:25) [Clang 17.0.6 ]" os-version="5.15.0-102-generic" platform="Linux" cwd="/home/brunolnetto/github/API" machine-name="x86_64" user="" user-domain="" culture="pt_BR" uiculture="pt_BR" os-architecture="64bit" /><failure><message><![CDATA[]]></message><stack-trace><![CDATA[None]]></stack-trace></failure><reason><message><![CDATA[]]></message></reason><output><![CDATA[]]></output></test-case><test-case id="157" name="tests/utils/test_native.py::test_invert_dict" fullname="tests/utils/test_native.py::test_invert_dict" methodname="test_invert_dict" classname="tests/utils/test_native.py" runstate="Runnable" seed="1" result="Passed" label="" start-time="2024-04-12 14:04:41.534427" end-time="2024-04-12 14:04:41.535153" duration="0.000726" asserts="0"><properties><property name="python-version" value="3.12.1 (main, Jan  8 2024, 05:57:25) [Clang 17.0.6 ]" /><property name="fspath" value="tests/utils/test_native.py" /></properties><environment framework-version="3.6.2" clr-version="3.12.1 (main, Jan  8 2024, 05:57:25) [Clang 17.0.6 ]" os-version="5.15.0-102-generic" platform="Linux" cwd="/home/brunolnetto/github/API" machine-name="x86_64" user="" user-domain="" culture="pt_BR" uiculture="pt_BR" os-architecture="64bit" /><failure><message><![CDATA[]]></message><stack-trace><![CDATA[None]]></stack-trace></failure><reason><message><![CDATA[]]></message></reason><output><![CDATA[]]></output></test-case><test-case id="158" name="tests/utils/test_native.py::test_flatten_list" fullname="tests/utils/test_native.py::test_flatten_list" methodname="test_flatten_list" classname="tests/utils/test_native.py" runstate="Runnable" seed="1" result="Passed" label="" start-time="2024-04-12 14:04:41.535867" end-time="2024-04-12 14:04:41.536563" duration="0.000696" asserts="0"><properties><property name="python-version" value="3.12.1 (main, Jan  8 2024, 05:57:25) [Clang 17.0.6 ]" /><property name="fspath" value="tests/utils/test_native.py" /></properties><environment framework-version="3.6.2" clr-version="3.12.1 (main, Jan  8 2024, 05:57:25) [Clang 17.0.6 ]" os-version="5.15.0-102-generic" platform="Linux" cwd="/home/brunolnetto/github/API" machine-name="x86_64" user="" user-domain="" culture="pt_BR" uiculture="pt_BR" os-architecture="64bit" /><failure><message><![CDATA[]]></message><stack-trace><![CDATA[None]]></stack-trace></failure><reason><message><![CDATA[]]></message></reason><output><![CDATA[]]></output></test-case><test-case id="159" name="tests/utils/test_native.py::test_sum_dicts" fullname="tests/utils/test_native.py::test_sum_dicts" methodname="test_sum_dicts" classname="tests/utils/test_native.py" runstate="Runnable" seed="1" result="Passed" label="" start-time="2024-04-12 14:04:41.537246" end-time="2024-04-12 14:04:41.537932" duration="0.000686" asserts="0"><properties><property name="python-version" value="3.12.1 (main, Jan  8 2024, 05:57:25) [Clang 17.0.6 ]" /><property name="fspath" value="tests/utils/test_native.py" /></properties><environment framework-version="3.6.2" clr-version="3.12.1 (main, Jan  8 2024, 05:57:25) [Clang 17.0.6 ]" os-version="5.15.0-102-generic" platform="Linux" cwd="/home/brunolnetto/github/API" machine-name="x86_64" user="" user-domain="" culture="pt_BR" uiculture="pt_BR" os-architecture="64bit" /><failure><message><![CDATA[]]></message><stack-trace><![CDATA[None]]></stack-trace></failure><reason><message><![CDATA[]]></message></reason><output><![CDATA[]]></output></test-case><test-case id="160" name="tests/utils/test_native.py::test_pickle_functions" fullname="tests/utils/test_native.py::test_pickle_functions" methodname="test_pickle_functions" classname="tests/utils/test_native.py" runstate="Runnable" seed="1" result="Passed" label="" start-time="2024-04-12 14:04:41.539310" end-time="2024-04-12 14:04:41.540291" duration="0.000981" asserts="0"><properties><property name="python-version" value="3.12.1 (main, Jan  8 2024, 05:57:25) [Clang 17.0.6 ]" /><property name="fspath" value="tests/utils/test_native.py" /></properties><environment framework-version="3.6.2" clr-version="3.12.1 (main, Jan  8 2024, 05:57:25) [Clang 17.0.6 ]" os-version="5.15.0-102-generic" platform="Linux" cwd="/home/brunolnetto/github/API" machine-name="x86_64" user="" user-domain="" culture="pt_BR" uiculture="pt_BR" os-architecture="64bit" /><failure><message><![CDATA[]]></message><stack-trace><![CDATA[None]]></stack-trace></failure><reason><message><![CDATA[]]></message></reason><output><![CDATA[]]></output></test-case><test-case id="161" name="tests/utils/test_native.py::test_dill_functions" fullname="tests/utils/test_native.py::test_dill_functions" methodname="test_dill_functions" classname="tests/utils/test_native.py" runstate="Runnable" seed="1" result="Passed" label="" start-time="2024-04-12 14:04:41.541680" end-time="2024-04-12 14:04:41.543203" duration="0.001523" asserts="0"><properties><property name="python-version" value="3.12.1 (main, Jan  8 2024, 05:57:25) [Clang 17.0.6 ]" /><property name="fspath" value="tests/utils/test_native.py" /></properties><environment framework-version="3.6.2" clr-version="3.12.1 (main, Jan  8 2024, 05:57:25) [Clang 17.0.6 ]" os-version="5.15.0-102-generic" platform="Linux" cwd="/home/brunolnetto/github/API" machine-name="x86_64" user="" user-domain="" culture="pt_BR" uiculture="pt_BR" os-architecture="64bit" /><failure><message><![CDATA[]]></message><stack-trace><![CDATA[None]]></stack-trace></failure><reason><message><![CDATA[]]></message></reason><output><![CDATA[]]></output></test-case><test-case id="162" name="tests/utils/test_native.py::test_cloudpickle_functions" fullname="tests/utils/test_native.py::test_cloudpickle_functions" methodname="test_cloudpickle_functions" classname="tests/utils/test_native.py" runstate="Runnable" seed="1" result="Passed" label="" start-time="2024-04-12 14:04:41.544684" end-time="2024-04-12 14:04:41.545716" duration="0.001032" asserts="0"><properties><property name="python-version" value="3.12.1 (main, Jan  8 2024, 05:57:25) [Clang 17.0.6 ]" /><property name="fspath" value="tests/utils/test_native.py" /></properties><environment framework-version="3.6.2" clr-version="3.12.1 (main, Jan  8 2024, 05:57:25) [Clang 17.0.6 ]" os-version="5.15.0-102-generic" platform="Linux" cwd="/home/brunolnetto/github/API" machine-name="x86_64" user="" user-domain="" culture="pt_BR" uiculture="pt_BR" os-architecture="64bit" /><failure><message><![CDATA[]]></message><stack-trace><![CDATA[None]]></stack-trace></failure><reason><message><![CDATA[]]></message></reason><output><![CDATA[]]></output></test-case><environment framework-version="3.6.2" clr-version="3.12.1 (main, Jan  8 2024, 05:57:25) [Clang 17.0.6 ]" os-version="5.15.0-102-generic" platform="Linux" cwd="/home/brunolnetto/github/API" machine-name="x86_64" user="" user-domain="" culture="pt_BR" uiculture="pt_BR" os-architecture="64bit" /></test-suite><test-suite id="tests/utils/test_dataframe.py" name="tests/utils/test_dataframe.py" fullname="tests/utils/test_dataframe.py" methodname="" classname="" runstate="Runnable" type="Assembly" testcasecount="8" result="Passed" label="" start-time="2024-04-12 14:04:41.407526" end-time="2024-04-12 14:04:41.521952" duration="0.114426" asserts="0" total="8" passed="8" failed="0" warnings="0" inconclusive="0" skipped="0"><properties><property name="python_version" value="3.12.1 (main, Jan  8 2024, 05:57:25) [Clang 17.0.6 ]" /></properties><test-case id="144" name="tests/utils/test_dataframe.py::test_read_data_to_dataframe_gen" fullname="tests/utils/test_dataframe.py::test_read_data_to_dataframe_gen" methodname="test_read_data_to_dataframe_gen" classname="tests/utils/test_dataframe.py" runstate="Runnable" seed="1" result="Passed" label="" start-time="2024-04-12 14:04:41.407526" end-time="2024-04-12 14:04:41.480024" duration="0.072498" asserts="0"><properties><property name="python-version" value="3.12.1 (main, Jan  8 2024, 05:57:25) [Clang 17.0.6 ]" /><property name="fspath" value="tests/utils/test_dataframe.py" /></properties><environment framework-version="3.6.2" clr-version="3.12.1 (main, Jan  8 2024, 05:57:25) [Clang 17.0.6 ]" os-version="5.15.0-102-generic" platform="Linux" cwd="/home/brunolnetto/github/API" machine-name="x86_64" user="" user-domain="" culture="pt_BR" uiculture="pt_BR" os-architecture="64bit" /><failure><message><![CDATA[]]></message><stack-trace><![CDATA[None]]></stack-trace></failure><reason><message><![CDATA[]]></message></reason><output><![CDATA[]]></output></test-case><test-case id="145" name="tests/utils/test_dataframe.py::test_listify_items" fullname="tests/utils/test_dataframe.py::test_listify_items" methodname="test_listify_items" classname="tests/utils/test_dataframe.py" runstate="Runnable" seed="1" result="Passed" label="" start-time="2024-04-12 14:04:41.481812" end-time="2024-04-12 14:04:41.484419" duration="0.002607" asserts="0"><properties><property name="python-version" value="3.12.1 (main, Jan  8 2024, 05:57:25) [Clang 17.0.6 ]" /><property name="fspath" value="tests/utils/test_dataframe.py" /></properties><environment framework-version="3.6.2" clr-version="3.12.1 (main, Jan  8 2024, 05:57:25) [Clang 17.0.6 ]" os-version="5.15.0-102-generic" platform="Linux" cwd="/home/brunolnetto/github/API" machine-name="x86_64" user="" user-domain="" culture="pt_BR" uiculture="pt_BR" os-architecture="64bit" /><failure><message><![CDATA[]]></message><stack-trace><![CDATA[None]]></stack-trace></failure><reason><message><![CDATA[]]></message></reason><output><![CDATA[]]></output></test-case><test-case id="146" name="tests/utils/test_dataframe.py::test_get_descriptions" fullname="tests/utils/test_dataframe.py::test_get_descriptions" methodname="test_get_descriptions" classname="tests/utils/test_dataframe.py" runstate="Runnable" seed="1" result="Passed" label="" start-time="2024-04-12 14:04:41.485691" end-time="2024-04-12 14:04:41.487149" duration="0.001458" asserts="0"><properties><property name="python-version" value="3.12.1 (main, Jan  8 2024, 05:57:25) [Clang 17.0.6 ]" /><property name="fspath" value="tests/utils/test_dataframe.py" /></properties><environment framework-version="3.6.2" clr-version="3.12.1 (main, Jan  8 2024, 05:57:25) [Clang 17.0.6 ]" os-version="5.15.0-102-generic" platform="Linux" cwd="/home/brunolnetto/github/API" machine-name="x86_64" user="" user-domain="" culture="pt_BR" uiculture="pt_BR" os-architecture="64bit" /><failure><message><![CDATA[]]></message><stack-trace><![CDATA[None]]></stack-trace></failure><reason><message><![CDATA[]]></message></reason><output><![CDATA[]]></output></test-case><test-case id="147" name="tests/utils/test_dataframe.py::test_get_years" fullname="tests/utils/test_dataframe.py::test_get_years" methodname="test_get_years" classname="tests/utils/test_dataframe.py" runstate="Runnable" seed="1" result="Passed" label="" start-time="2024-04-12 14:04:41.488389" end-time="2024-04-12 14:04:41.498805" duration="0.010416" asserts="0"><properties><property name="python-version" value="3.12.1 (main, Jan  8 2024, 05:57:25) [Clang 17.0.6 ]" /><property name="fspath" value="tests/utils/test_dataframe.py" /></properties><environment framework-version="3.6.2" clr-version="3.12.1 (main, Jan  8 2024, 05:57:25) [Clang 17.0.6 ]" os-version="5.15.0-102-generic" platform="Linux" cwd="/home/brunolnetto/github/API" machine-name="x86_64" user="" user-domain="" culture="pt_BR" uiculture="pt_BR" os-architecture="64bit" /><failure><message><![CDATA[]]></message><stack-trace><![CDATA[None]]></stack-trace></failure><reason><message><![CDATA[]]></message></reason><output><![CDATA[]]></output></test-case><test-case id="148" name="tests/utils/test_dataframe.py::test_get_unique_elements" fullname="tests/utils/test_dataframe.py::test_get_unique_elements" methodname="test_get_unique_elements" classname="tests/utils/test_dataframe.py" runstate="Runnable" seed="1" result="Passed" label="" start-time="2024-04-12 14:04:41.500129" end-time="2024-04-12 14:04:41.501113" duration="0.000984" asserts="0"><properties><property name="python-version" value="3.12.1 (main, Jan  8 2024, 05:57:25) [Clang 17.0.6 ]" /><property name="fspath" value="tests/utils/test_dataframe.py" /></properties><environment framework-version="3.6.2" clr-version="3.12.1 (main, Jan  8 2024, 05:57:25) [Clang 17.0.6 ]" os-version="5.15.0-102-generic" platform="Linux" cwd="/home/brunolnetto/github/API" machine-name="x86_64" user="" user-domain="" culture="pt_BR" uiculture="pt_BR" os-architecture="64bit" /><failure><message><![CDATA[]]></message><stack-trace><![CDATA[None]]></stack-trace></failure><reason><message><![CDATA[]]></message></reason><output><![CDATA[]]></output></test-case><test-case id="149" name="tests/utils/test_dataframe.py::test_read_data_from_file" fullname="tests/utils/test_dataframe.py::test_read_data_from_file" methodname="test_read_data_from_file" classname="tests/utils/test_dataframe.py" runstate="Runnable" seed="1" result="Passed" label="" start-time="2024-04-12 14:04:41.502425" end-time="2024-04-12 14:04:41.516510" duration="0.014085" asserts="0"><properties><property name="python-version" value="3.12.1 (main, Jan  8 2024, 05:57:25) [Clang 17.0.6 ]" /><property name="fspath" value="tests/utils/test_dataframe.py" /></properties><environment framework-version="3.6.2" clr-version="3.12.1 (main, Jan  8 2024, 05:57:25) [Clang 17.0.6 ]" os-version="5.15.0-102-generic" platform="Linux" cwd="/home/brunolnetto/github/API" machine-name="x86_64" user="" user-domain="" culture="pt_BR" uiculture="pt_BR" os-architecture="64bit" /><failure><message><![CDATA[]]></message><stack-trace><![CDATA[None]]></stack-trace></failure><reason><message><![CDATA[]]></message></reason><output><![CDATA[]]></output></test-case><test-case id="150" name="tests/utils/test_dataframe.py::test_read_data_to_dataframe_gen_folder_not_found" fullname="tests/utils/test_dataframe.py::test_read_data_to_dataframe_gen_folder_not_found" methodname="test_read_data_to_dataframe_gen_folder_not_found" classname="tests/utils/test_dataframe.py" runstate="Runnable" seed="1" result="Passed" label="" start-time="2024-04-12 14:04:41.517385" end-time="2024-04-12 14:04:41.518719" duration="0.001334" asserts="0"><properties><property name="python-version" value="3.12.1 (main, Jan  8 2024, 05:57:25) [Clang 17.0.6 ]" /><property name="fspath" value="tests/utils/test_dataframe.py" /></properties><environment framework-version="3.6.2" clr-version="3.12.1 (main, Jan  8 2024, 05:57:25) [Clang 17.0.6 ]" os-version="5.15.0-102-generic" platform="Linux" cwd="/home/brunolnetto/github/API" machine-name="x86_64" user="" user-domain="" culture="pt_BR" uiculture="pt_BR" os-architecture="64bit" /><failure><message><![CDATA[]]></message><stack-trace><![CDATA[None]]></stack-trace></failure><reason><message><![CDATA[]]></message></reason><output><![CDATA[]]></output></test-case><test-case id="151" name="tests/utils/test_dataframe.py::test_read_data_to_dataframe" fullname="tests/utils/test_dataframe.py::test_read_data_to_dataframe" methodname="test_read_data_to_dataframe" classname="tests/utils/test_dataframe.py" runstate="Runnable" seed="1" result="Passed" label="" start-time="2024-04-12 14:04:41.520026" end-time="2024-04-12 14:04:41.521952" duration="0.001926" asserts="0"><properties><property name="python-version" value="3.12.1 (main, Jan  8 2024, 05:57:25) [Clang 17.0.6 ]" /><property name="fspath" value="tests/utils/test_dataframe.py" /></properties><environment framework-version="3.6.2" clr-version="3.12.1 (main, Jan  8 2024, 05:57:25) [Clang 17.0.6 ]" os-version="5.15.0-102-generic" platform="Linux" cwd="/home/brunolnetto/github/API" machine-name="x86_64" user="" user-domain="" culture="pt_BR" uiculture="pt_BR" os-architecture="64bit" /><failure><message><![CDATA[]]></message><stack-trace><![CDATA[None]]></stack-trace></failure><reason><message><![CDATA[]]></message></reason><output><![CDATA[]]></output></test-case><environment framework-version="3.6.2" clr-version="3.12.1 (main, Jan  8 2024, 05:57:25) [Clang 17.0.6 ]" os-version="5.15.0-102-generic" platform="Linux" cwd="/home/brunolnetto/github/API" machine-name="x86_64" user="" user-domain="" culture="pt_BR" uiculture="pt_BR" os-architecture="64bit" /></test-suite><test-suite id="tests/core/test_metrics.py" name="tests/core/test_metrics.py" fullname="tests/core/test_metrics.py" methodname="" classname="" runstate="Runnable" type="Assembly" testcasecount="6" result="Passed" label="" start-time="2024-04-12 14:04:38.302801" end-time="2024-04-12 14:04:38.316531" duration="0.01373" asserts="0" total="6" passed="6" failed="0" warnings="0" inconclusive="0" skipped="0"><properties><property name="python_version" value="3.12.1 (main, Jan  8 2024, 05:57:25) [Clang 17.0.6 ]" /></properties><test-case id="104" name="tests/core/test_metrics.py::test_get_items_support" fullname="tests/core/test_metrics.py::test_get_items_support" methodname="test_get_items_support" classname="tests/core/test_metrics.py" runstate="Runnable" seed="1" result="Passed" label="" start-time="2024-04-12 14:04:38.302801" end-time="2024-04-12 14:04:38.303643" duration="0.000842" asserts="0"><properties><property name="python-version" value="3.12.1 (main, Jan  8 2024, 05:57:25) [Clang 17.0.6 ]" /><property name="fspath" value="tests/core/test_metrics.py" /></properties><environment framework-version="3.6.2" clr-version="3.12.1 (main, Jan  8 2024, 05:57:25) [Clang 17.0.6 ]" os-version="5.15.0-102-generic" platform="Linux" cwd="/home/brunolnetto/github/API" machine-name="x86_64" user="" user-domain="" culture="pt_BR" uiculture="pt_BR" os-architecture="64bit" /><failure><message><![CDATA[]]></message><stack-trace><![CDATA[None]]></stack-trace></failure><reason><message><![CDATA[]]></message></reason><output><![CDATA[]]></output></test-case><test-case id="105" name="tests/core/test_metrics.py::test_get_items_neighbors_support" fullname="tests/core/test_metrics.py::test_get_items_neighbors_support" methodname="test_get_items_neighbors_support" classname="tests/core/test_metrics.py" runstate="Runnable" seed="1" result="Passed" label="" start-time="2024-04-12 14:04:38.305120" end-time="2024-04-12 14:04:38.305889" duration="0.000769" asserts="0"><properties><property name="python-version" value="3.12.1 (main, Jan  8 2024, 05:57:25) [Clang 17.0.6 ]" /><property name="fspath" value="tests/core/test_metrics.py" /></properties><environment framework-version="3.6.2" clr-version="3.12.1 (main, Jan  8 2024, 05:57:25) [Clang 17.0.6 ]" os-version="5.15.0-102-generic" platform="Linux" cwd="/home/brunolnetto/github/API" machine-name="x86_64" user="" user-domain="" culture="pt_BR" uiculture="pt_BR" os-architecture="64bit" /><failure><message><![CDATA[]]></message><stack-trace><![CDATA[None]]></stack-trace></failure><reason><message><![CDATA[]]></message></reason><output><![CDATA[]]></output></test-case><test-case id="106" name="tests/core/test_metrics.py::test_get_items_confidence" fullname="tests/core/test_metrics.py::test_get_items_confidence" methodname="test_get_items_confidence" classname="tests/core/test_metrics.py" runstate="Runnable" seed="1" result="Passed" label="" start-time="2024-04-12 14:04:38.307141" end-time="2024-04-12 14:04:38.307926" duration="0.000785" asserts="0"><properties><property name="python-version" value="3.12.1 (main, Jan  8 2024, 05:57:25) [Clang 17.0.6 ]" /><property name="fspath" value="tests/core/test_metrics.py" /></properties><environment framework-version="3.6.2" clr-version="3.12.1 (main, Jan  8 2024, 05:57:25) [Clang 17.0.6 ]" os-version="5.15.0-102-generic" platform="Linux" cwd="/home/brunolnetto/github/API" machine-name="x86_64" user="" user-domain="" culture="pt_BR" uiculture="pt_BR" os-architecture="64bit" /><failure><message><![CDATA[]]></message><stack-trace><![CDATA[None]]></stack-trace></failure><reason><message><![CDATA[]]></message></reason><output><![CDATA[]]></output></test-case><test-case id="107" name="tests/core/test_metrics.py::test_get_items_lift" fullname="tests/core/test_metrics.py::test_get_items_lift" methodname="test_get_items_lift" classname="tests/core/test_metrics.py" runstate="Runnable" seed="1" result="Passed" label="" start-time="2024-04-12 14:04:38.309133" end-time="2024-04-12 14:04:38.309959" duration="0.000826" asserts="0"><properties><property name="python-version" value="3.12.1 (main, Jan  8 2024, 05:57:25) [Clang 17.0.6 ]" /><property name="fspath" value="tests/core/test_metrics.py" /></properties><environment framework-version="3.6.2" clr-version="3.12.1 (main, Jan  8 2024, 05:57:25) [Clang 17.0.6 ]" os-version="5.15.0-102-generic" platform="Linux" cwd="/home/brunolnetto/github/API" machine-name="x86_64" user="" user-domain="" culture="pt_BR" uiculture="pt_BR" os-architecture="64bit" /><failure><message><![CDATA[]]></message><stack-trace><![CDATA[None]]></stack-trace></failure><reason><message><![CDATA[]]></message></reason><output><![CDATA[]]></output></test-case><test-case id="108" name="tests/core/test_metrics.py::test_get_items_support_empty" fullname="tests/core/test_metrics.py::test_get_items_support_empty" methodname="test_get_items_support_empty" classname="tests/core/test_metrics.py" runstate="Runnable" seed="1" result="Passed" label="" start-time="2024-04-12 14:04:38.310772" end-time="2024-04-12 14:04:38.311544" duration="0.000772" asserts="0"><properties><property name="python-version" value="3.12.1 (main, Jan  8 2024, 05:57:25) [Clang 17.0.6 ]" /><property name="fspath" value="tests/core/test_metrics.py" /></properties><environment framework-version="3.6.2" clr-version="3.12.1 (main, Jan  8 2024, 05:57:25) [Clang 17.0.6 ]" os-version="5.15.0-102-generic" platform="Linux" cwd="/home/brunolnetto/github/API" machine-name="x86_64" user="" user-domain="" culture="pt_BR" uiculture="pt_BR" os-architecture="64bit" /><failure><message><![CDATA[]]></message><stack-trace><![CDATA[None]]></stack-trace></failure><reason><message><![CDATA[]]></message></reason><output><![CDATA[]]></output></test-case><test-case id="109" name="tests/core/test_metrics.py::test_association_metrics" fullname="tests/core/test_metrics.py::test_association_metrics" methodname="test_association_metrics" classname="tests/core/test_metrics.py" runstate="Runnable" seed="1" result="Passed" label="" start-time="2024-04-12 14:04:38.312794" end-time="2024-04-12 14:04:38.316531" duration="0.003737" asserts="0"><properties><property name="python-version" value="3.12.1 (main, Jan  8 2024, 05:57:25) [Clang 17.0.6 ]" /><property name="fspath" value="tests/core/test_metrics.py" /></properties><environment framework-version="3.6.2" clr-version="3.12.1 (main, Jan  8 2024, 05:57:25) [Clang 17.0.6 ]" os-version="5.15.0-102-generic" platform="Linux" cwd="/home/brunolnetto/github/API" machine-name="x86_64" user="" user-domain="" culture="pt_BR" uiculture="pt_BR" os-architecture="64bit" /><failure><message><![CDATA[]]></message><stack-trace><![CDATA[None]]></stack-trace></failure><reason><message><![CDATA[]]></message></reason><output><![CDATA[]]></output></test-case><environment framework-version="3.6.2" clr-version="3.12.1 (main, Jan  8 2024, 05:57:25) [Clang 17.0.6 ]" os-version="5.15.0-102-generic" platform="Linux" cwd="/home/brunolnetto/github/API" machine-name="x86_64" user="" user-domain="" culture="pt_BR" uiculture="pt_BR" os-architecture="64bit" /></test-suite><test-suite id="tests/utils/test_file.py" name="tests/utils/test_file.py" fullname="tests/utils/test_file.py" methodname="" classname="" runstate="Runnable" type="Assembly" testcasecount="4" result="Passed" label="" start-time="2024-04-12 14:04:41.523449" end-time="2024-04-12 14:04:41.531264" duration="0.007815" asserts="0" total="4" passed="4" failed="0" warnings="0" inconclusive="0" skipped="0"><properties><property name="python_version" value="3.12.1 (main, Jan  8 2024, 05:57:25) [Clang 17.0.6 ]" /></properties><test-case id="152" name="tests/utils/test_file.py::test_get_filename" fullname="tests/utils/test_file.py::test_get_filename" methodname="test_get_filename" classname="tests/utils/test_file.py" runstate="Runnable" seed="1" result="Passed" label="" start-time="2024-04-12 14:04:41.523449" end-time="2024-04-12 14:04:41.524207" duration="0.000758" asserts="0"><properties><property name="python-version" value="3.12.1 (main, Jan  8 2024, 05:57:25) [Clang 17.0.6 ]" /><property name="fspath" value="tests/utils/test_file.py" /></properties><environment framework-version="3.6.2" clr-version="3.12.1 (main, Jan  8 2024, 05:57:25) [Clang 17.0.6 ]" os-version="5.15.0-102-generic" platform="Linux" cwd="/home/brunolnetto/github/API" machine-name="x86_64" user="" user-domain="" culture="pt_BR" uiculture="pt_BR" os-architecture="64bit" /><failure><message><![CDATA[]]></message><stack-trace><![CDATA[None]]></stack-trace></failure><reason><message><![CDATA[]]></message></reason><output><![CDATA[]]></output></test-case><test-case id="153" name="tests/utils/test_file.py::test_extend_filename" fullname="tests/utils/test_file.py::test_extend_filename" methodname="test_extend_filename" classname="tests/utils/test_file.py" runstate="Runnable" seed="1" result="Passed" label="" start-time="2024-04-12 14:04:41.524943" end-time="2024-04-12 14:04:41.525679" duration="0.000736" asserts="0"><properties><property name="python-version" value="3.12.1 (main, Jan  8 2024, 05:57:25) [Clang 17.0.6 ]" /><property name="fspath" value="tests/utils/test_file.py" /></properties><environment framework-version="3.6.2" clr-version="3.12.1 (main, Jan  8 2024, 05:57:25) [Clang 17.0.6 ]" os-version="5.15.0-102-generic" platform="Linux" cwd="/home/brunolnetto/github/API" machine-name="x86_64" user="" user-domain="" culture="pt_BR" uiculture="pt_BR" os-architecture="64bit" /><failure><message><![CDATA[]]></message><stack-trace><![CDATA[None]]></stack-trace></failure><reason><message><![CDATA[]]></message></reason><output><![CDATA[]]></output></test-case><test-case id="154" name="tests/utils/test_file.py::test_create_folder" fullname="tests/utils/test_file.py::test_create_folder" methodname="test_create_folder" classname="tests/utils/test_file.py" runstate="Runnable" seed="1" result="Passed" label="" start-time="2024-04-12 14:04:41.527501" end-time="2024-04-12 14:04:41.528688" duration="0.001187" asserts="0"><properties><property name="python-version" value="3.12.1 (main, Jan  8 2024, 05:57:25) [Clang 17.0.6 ]" /><property name="fspath" value="tests/utils/test_file.py" /></properties><environment framework-version="3.6.2" clr-version="3.12.1 (main, Jan  8 2024, 05:57:25) [Clang 17.0.6 ]" os-version="5.15.0-102-generic" platform="Linux" cwd="/home/brunolnetto/github/API" machine-name="x86_64" user="" user-domain="" culture="pt_BR" uiculture="pt_BR" os-architecture="64bit" /><failure><message><![CDATA[]]></message><stack-trace><![CDATA[None]]></stack-trace></failure><reason><message><![CDATA[]]></message></reason><output><![CDATA[]]></output></test-case><test-case id="155" name="tests/utils/test_file.py::test_create_folder_already_exists" fullname="tests/utils/test_file.py::test_create_folder_already_exists" methodname="test_create_folder_already_exists" classname="tests/utils/test_file.py" runstate="Runnable" seed="1" result="Passed" label="" start-time="2024-04-12 14:04:41.530230" end-time="2024-04-12 14:04:41.531264" duration="0.001034" asserts="0"><properties><property name="python-version" value="3.12.1 (main, Jan  8 2024, 05:57:25) [Clang 17.0.6 ]" /><property name="fspath" value="tests/utils/test_file.py" /></properties><environment framework-version="3.6.2" clr-version="3.12.1 (main, Jan  8 2024, 05:57:25) [Clang 17.0.6 ]" os-version="5.15.0-102-generic" platform="Linux" cwd="/home/brunolnetto/github/API" machine-name="x86_64" user="" user-domain="" culture="pt_BR" uiculture="pt_BR" os-architecture="64bit" /><failure><message><![CDATA[]]></message><stack-trace><![CDATA[None]]></stack-trace></failure><reason><message><![CDATA[]]></message></reason><output><![CDATA[]]></output></test-case><environment framework-version="3.6.2" clr-version="3.12.1 (main, Jan  8 2024, 05:57:25) [Clang 17.0.6 ]" os-version="5.15.0-102-generic" platform="Linux" cwd="/home/brunolnetto/github/API" machine-name="x86_64" user="" user-domain="" culture="pt_BR" uiculture="pt_BR" os-architecture="64bit" /></test-suite><test-suite id="tests/test_routes.py" name="tests/test_routes.py" fullname="tests/test_routes.py" methodname="" classname="" runstate="Runnable" type="Assembly" testcasecount="5" result="Passed" label="" start-time="2024-04-12 14:04:40.999189" end-time="2024-04-12 14:04:41.404272" duration="0.405083" asserts="0" total="5" passed="5" failed="0" warnings="0" inconclusive="0" skipped="0"><properties><property name="python_version" value="3.12.1 (main, Jan  8 2024, 05:57:25) [Clang 17.0.6 ]" /></properties><test-case id="139" name="tests/test_routes.py::test_recommend_product_valid" fullname="tests/test_routes.py::test_recommend_product_valid" methodname="test_recommend_product_valid" classname="tests/test_routes.py" runstate="Runnable" seed="1" result="Passed" label="" start-time="2024-04-12 14:04:40.999189" end-time="2024-04-12 14:04:41.306410" duration="0.307221" asserts="0"><properties><property name="python-version" value="3.12.1 (main, Jan  8 2024, 05:57:25) [Clang 17.0.6 ]" /><property name="fspath" value="tests/test_routes.py" /></properties><environment framework-version="3.6.2" clr-version="3.12.1 (main, Jan  8 2024, 05:57:25) [Clang 17.0.6 ]" os-version="5.15.0-102-generic" platform="Linux" cwd="/home/brunolnetto/github/API" machine-name="x86_64" user="" user-domain="" culture="pt_BR" uiculture="pt_BR" os-architecture="64bit" /><failure><message><![CDATA[]]></message><stack-trace><![CDATA[None]]></stack-trace></failure><reason><message><![CDATA[]]></message></reason><output><![CDATA[]]></output></test-case><test-case id="140" name="tests/test_routes.py::test_recommend_product_empty_basket" fullname="tests/test_routes.py::test_recommend_product_empty_basket" methodname="test_recommend_product_empty_basket" classname="tests/test_routes.py" runstate="Runnable" seed="1" result="Passed" label="" start-time="2024-04-12 14:04:41.308225" end-time="2024-04-12 14:04:41.334231" duration="0.026006" asserts="0"><properties><property name="python-version" value="3.12.1 (main, Jan  8 2024, 05:57:25) [Clang 17.0.6 ]" /><property name="fspath" value="tests/test_routes.py" /></properties><environment framework-version="3.6.2" clr-version="3.12.1 (main, Jan  8 2024, 05:57:25) [Clang 17.0.6 ]" os-version="5.15.0-102-generic" platform="Linux" cwd="/home/brunolnetto/github/API" machine-name="x86_64" user="" user-domain="" culture="pt_BR" uiculture="pt_BR" os-architecture="64bit" /><failure><message><![CDATA[]]></message><stack-trace><![CDATA[None]]></stack-trace></failure><reason><message><![CDATA[]]></message></reason><output><![CDATA[]]></output></test-case><test-case id="141" name="tests/test_routes.py::test_recommend_product_missing_items" fullname="tests/test_routes.py::test_recommend_product_missing_items" methodname="test_recommend_product_missing_items" classname="tests/test_routes.py" runstate="Runnable" seed="1" result="Passed" label="" start-time="2024-04-12 14:04:41.335730" end-time="2024-04-12 14:04:41.366868" duration="0.031138" asserts="0"><properties><property name="python-version" value="3.12.1 (main, Jan  8 2024, 05:57:25) [Clang 17.0.6 ]" /><property name="fspath" value="tests/test_routes.py" /></properties><environment framework-version="3.6.2" clr-version="3.12.1 (main, Jan  8 2024, 05:57:25) [Clang 17.0.6 ]" os-version="5.15.0-102-generic" platform="Linux" cwd="/home/brunolnetto/github/API" machine-name="x86_64" user="" user-domain="" culture="pt_BR" uiculture="pt_BR" os-architecture="64bit" /><failure><message><![CDATA[]]></message><stack-trace><![CDATA[None]]></stack-trace></failure><reason><message><![CDATA[]]></message></reason><output><![CDATA[]]></output></test-case><test-case id="142" name="tests/test_routes.py::test_recommend_product_" fullname="tests/test_routes.py::test_recommend_product_" methodname="test_recommend_product_" classname="tests/test_routes.py" runstate="Runnable" seed="1" result="Passed" label="" start-time="2024-04-12 14:04:41.368384" end-time="2024-04-12 14:04:41.398300" duration="0.029916" asserts="0"><properties><property name="python-version" value="3.12.1 (main, Jan  8 2024, 05:57:25) [Clang 17.0.6 ]" /><property name="fspath" value="tests/test_routes.py" /></properties><environment framework-version="3.6.2" clr-version="3.12.1 (main, Jan  8 2024, 05:57:25) [Clang 17.0.6 ]" os-version="5.15.0-102-generic" platform="Linux" cwd="/home/brunolnetto/github/API" machine-name="x86_64" user="" user-domain="" culture="pt_BR" uiculture="pt_BR" os-architecture="64bit" /><failure><message><![CDATA[]]></message><stack-trace><![CDATA[None]]></stack-trace></failure><reason><message><![CDATA[]]></message></reason><output><![CDATA[]]></output></test-case><test-case id="143" name="tests/test_routes.py::test_recommend_product_invalid_request" fullname="tests/test_routes.py::test_recommend_product_invalid_request" methodname="test_recommend_product_invalid_request" classname="tests/test_routes.py" runstate="Runnable" seed="1" result="Passed" label="" start-time="2024-04-12 14:04:41.399573" end-time="2024-04-12 14:04:41.404272" duration="0.004699" asserts="0"><properties><property name="python-version" value="3.12.1 (main, Jan  8 2024, 05:57:25) [Clang 17.0.6 ]" /><property name="fspath" value="tests/test_routes.py" /></properties><environment framework-version="3.6.2" clr-version="3.12.1 (main, Jan  8 2024, 05:57:25) [Clang 17.0.6 ]" os-version="5.15.0-102-generic" platform="Linux" cwd="/home/brunolnetto/github/API" machine-name="x86_64" user="" user-domain="" culture="pt_BR" uiculture="pt_BR" os-architecture="64bit" /><failure><message><![CDATA[]]></message><stack-trace><![CDATA[None]]></stack-trace></failure><reason><message><![CDATA[]]></message></reason><output><![CDATA[]]></output></test-case><environment framework-version="3.6.2" clr-version="3.12.1 (main, Jan  8 2024, 05:57:25) [Clang 17.0.6 ]" os-version="5.15.0-102-generic" platform="Linux" cwd="/home/brunolnetto/github/API" machine-name="x86_64" user="" user-domain="" culture="pt_BR" uiculture="pt_BR" os-architecture="64bit" /></test-suite><test-suite id="tests/utils/test_statistics.py" name="tests/utils/test_statistics.py" fullname="tests/utils/test_statistics.py" methodname="" classname="" runstate="Runnable" type="Assembly" testcasecount="2" result="Passed" label="" start-time="2024-04-12 14:04:41.549419" end-time="2024-04-12 14:04:41.561685" duration="0.012266" asserts="0" total="2" passed="2" failed="0" warnings="0" inconclusive="0" skipped="0"><properties><property name="python_version" value="3.12.1 (main, Jan  8 2024, 05:57:25) [Clang 17.0.6 ]" /></properties><test-case id="164" name="tests/utils/test_statistics.py::test_get_list_statistics" fullname="tests/utils/test_statistics.py::test_get_list_statistics" methodname="test_get_list_statistics" classname="tests/utils/test_statistics.py" runstate="Runnable" seed="1" result="Passed" label="" start-time="2024-04-12 14:04:41.549419" end-time="2024-04-12 14:04:41.554163" duration="0.004744" asserts="0"><properties><property name="python-version" value="3.12.1 (main, Jan  8 2024, 05:57:25) [Clang 17.0.6 ]" /><property name="fspath" value="tests/utils/test_statistics.py" /></properties><environment framework-version="3.6.2" clr-version="3.12.1 (main, Jan  8 2024, 05:57:25) [Clang 17.0.6 ]" os-version="5.15.0-102-generic" platform="Linux" cwd="/home/brunolnetto/github/API" machine-name="x86_64" user="" user-domain="" culture="pt_BR" uiculture="pt_BR" os-architecture="64bit" /><failure><message><![CDATA[]]></message><stack-trace><![CDATA[None]]></stack-trace></failure><reason><message><![CDATA[]]></message></reason><output><![CDATA[]]></output></test-case><test-case id="165" name="tests/utils/test_statistics.py::test_print_list_statistics" fullname="tests/utils/test_statistics.py::test_print_list_statistics" methodname="test_print_list_statistics" classname="tests/utils/test_statistics.py" runstate="Runnable" seed="1" result="Passed" label="" start-time="2024-04-12 14:04:41.555221" end-time="2024-04-12 14:04:41.561685" duration="0.006464" asserts="0"><properties><property name="python-version" value="3.12.1 (main, Jan  8 2024, 05:57:25) [Clang 17.0.6 ]" /><property name="fspath" value="tests/utils/test_statistics.py" /></properties><environment framework-version="3.6.2" clr-version="3.12.1 (main, Jan  8 2024, 05:57:25) [Clang 17.0.6 ]" os-version="5.15.0-102-generic" platform="Linux" cwd="/home/brunolnetto/github/API" machine-name="x86_64" user="" user-domain="" culture="pt_BR" uiculture="pt_BR" os-architecture="64bit" /><failure><message><![CDATA[]]></message><stack-trace><![CDATA[None]]></stack-trace></failure><reason><message><![CDATA[]]></message></reason><output><![CDATA[]]></output></test-case><environment framework-version="3.6.2" clr-version="3.12.1 (main, Jan  8 2024, 05:57:25) [Clang 17.0.6 ]" os-version="5.15.0-102-generic" platform="Linux" cwd="/home/brunolnetto/github/API" machine-name="x86_64" user="" user-domain="" culture="pt_BR" uiculture="pt_BR" os-architecture="64bit" /></test-suite><test-suite id="tests/utils/test_routes.py" name="tests/utils/test_routes.py" fullname="tests/utils/test_routes.py" methodname="" classname="" runstate="Runnable" type="Assembly" testcasecount="1" result="Passed" label="" start-time="2024-04-12 14:04:41.547144" end-time="2024-04-12 14:04:41.547981" duration="0.000837" asserts="0" total="1" passed="1" failed="0" warnings="0" inconclusive="0" skipped="0"><properties><property name="python_version" value="3.12.1 (main, Jan  8 2024, 05:57:25) [Clang 17.0.6 ]" /></properties><test-case id="163" name="tests/utils/test_routes.py::test_make_json_response" fullname="tests/utils/test_routes.py::test_make_json_response" methodname="test_make_json_response" classname="tests/utils/test_routes.py" runstate="Runnable" seed="1" result="Passed" label="" start-time="2024-04-12 14:04:41.547144" end-time="2024-04-12 14:04:41.547981" duration="0.000837" asserts="0"><properties><property name="python-version" value="3.12.1 (main, Jan  8 2024, 05:57:25) [Clang 17.0.6 ]" /><property name="fspath" value="tests/utils/test_routes.py" /></properties><environment framework-version="3.6.2" clr-version="3.12.1 (main, Jan  8 2024, 05:57:25) [Clang 17.0.6 ]" os-version="5.15.0-102-generic" platform="Linux" cwd="/home/brunolnetto/github/API" machine-name="x86_64" user="" user-domain="" culture="pt_BR" uiculture="pt_BR" os-architecture="64bit" /><failure><message><![CDATA[]]></message><stack-trace><![CDATA[None]]></stack-trace></failure><reason><message><![CDATA[]]></message></reason><output><![CDATA[]]></output></test-case><environment framework-version="3.6.2" clr-version="3.12.1 (main, Jan  8 2024, 05:57:25) [Clang 17.0.6 ]" os-version="5.15.0-102-generic" platform="Linux" cwd="/home/brunolnetto/github/API" machine-name="x86_64" user="" user-domain="" culture="pt_BR" uiculture="pt_BR" os-architecture="64bit" /></test-suite><test-suite id="tests/core/test_itemgenerator.py" name="tests/core/test_itemgenerator.py" fullname="tests/core/test_itemgenerator.py" methodname="" classname="" runstate="Runnable" type="Assembly" testcasecount="1" result="Passed" label="" start-time="2024-04-12 14:04:38.290201" end-time="2024-04-12 14:04:38.300395" duration="0.010194" asserts="0" total="1" passed="1" failed="0" warnings="0" inconclusive="0" skipped="0"><properties><property name="python_version" value="3.12.1 (main, Jan  8 2024, 05:57:25) [Clang 17.0.6 ]" /></properties><test-case id="103" name="tests/core/test_itemgenerator.py::test_itemset_generator" fullname="tests/core/test_itemgenerator.py::test_itemset_generator" methodname="test_itemset_generator" classname="tests/core/test_itemgenerator.py" runstate="Runnable" seed="1" result="Passed" label="" start-time="2024-04-12 14:04:38.290201" end-time="2024-04-12 14:04:38.300395" duration="0.010194" asserts="0"><properties><property name="python-version" value="3.12.1 (main, Jan  8 2024, 05:57:25) [Clang 17.0.6 ]" /><property name="fspath" value="tests/core/test_itemgenerator.py" /></properties><environment framework-version="3.6.2" clr-version="3.12.1 (main, Jan  8 2024, 05:57:25) [Clang 17.0.6 ]" os-version="5.15.0-102-generic" platform="Linux" cwd="/home/brunolnetto/github/API" machine-name="x86_64" user="" user-domain="" culture="pt_BR" uiculture="pt_BR" os-architecture="64bit" /><failure><message><![CDATA[]]></message><stack-trace><![CDATA[None]]></stack-trace></failure><reason><message><![CDATA[]]></message></reason><output><![CDATA[]]></output></test-case><environment framework-version="3.6.2" clr-version="3.12.1 (main, Jan  8 2024, 05:57:25) [Clang 17.0.6 ]" os-version="5.15.0-102-generic" platform="Linux" cwd="/home/brunolnetto/github/API" machine-name="x86_64" user="" user-domain="" culture="pt_BR" uiculture="pt_BR" os-architecture="64bit" /></test-suite><test-suite id="tests/core/test_et.py" name="tests/core/test_et.py" fullname="tests/core/test_et.py" methodname="" classname="" runstate="Runnable" type="Assembly" testcasecount="1" result="Passed" label="" start-time="2024-04-12 14:04:38.287397" end-time="2024-04-12 14:04:38.288602" duration="0.001205" asserts="0" total="1" passed="1" failed="0" warnings="0" inconclusive="0" skipped="0"><properties><property name="python_version" value="3.12.1 (main, Jan  8 2024, 05:57:25) [Clang 17.0.6 ]" /></properties><test-case id="102" name="tests/core/test_et.py::test_get_items_sample" fullname="tests/core/test_et.py::test_get_items_sample" methodname="test_get_items_sample" classname="tests/core/test_et.py" runstate="Runnable" seed="1" result="Passed" label="" start-time="2024-04-12 14:04:38.287397" end-time="2024-04-12 14:04:38.288602" duration="0.001205" asserts="0"><properties><property name="python-version" value="3.12.1 (main, Jan  8 2024, 05:57:25) [Clang 17.0.6 ]" /><property name="fspath" value="tests/core/test_et.py" /></properties><environment framework-version="3.6.2" clr-version="3.12.1 (main, Jan  8 2024, 05:57:25) [Clang 17.0.6 ]" os-version="5.15.0-102-generic" platform="Linux" cwd="/home/brunolnetto/github/API" machine-name="x86_64" user="" user-domain="" culture="pt_BR" uiculture="pt_BR" os-architecture="64bit" /><failure><message><![CDATA[]]></message><stack-trace><![CDATA[None]]></stack-trace></failure><reason><message><![CDATA[]]></message></reason><output><![CDATA[]]></output></test-case><environment framework-version="3.6.2" clr-version="3.12.1 (main, Jan  8 2024, 05:57:25) [Clang 17.0.6 ]" os-version="5.15.0-102-generic" platform="Linux" cwd="/home/brunolnetto/github/API" machine-name="x86_64" user="" user-domain="" culture="pt_BR" uiculture="pt_BR" os-architecture="64bit" /></test-suite></test-run>