<test-run id="2" testcasecount="88" result="Passed" start-time="2024-05-04 18:25:26.829195" end-time="2024-05-04 18:25:28.005288" duration="1" total="88" passed="85" failed="3" inconclusive="0" skipped="0" asserts="0" clr-version="3.8.10 (default, Nov 22 2023, 10:22:35) &#10;[GCC 9.4.0]" engine-version="3.6.2"><command-line>/home/brunolnetto/github/API/venv/lib/python3.8/site-packages/pytest/__main__.py</command-line><filter /><test-suite id="tests/api/routes/test_app.py" name="tests/api/routes/test_app.py" fullname="tests/api/routes/test_app.py" methodname="" classname="" runstate="Runnable" type="Assembly" testcasecount="4" result="Passed" label="" start-time="2024-05-04 18:25:27.127751" end-time="2024-05-04 18:25:27.148592" duration="0.020841" asserts="0" total="4" passed="4" failed="0" warnings="0" inconclusive="0" skipped="0"><properties><property name="python_version" value="3.8.10 (default, Nov 22 2023, 10:22:35) &#10;[GCC 9.4.0]" /></properties><test-case id="135" name="tests/api/routes/test_app.py::test_read_root" fullname="tests/api/routes/test_app.py::test_read_root" methodname="test_read_root" classname="tests/api/routes/test_app.py" runstate="Runnable" seed="1" result="Passed" label="" start-time="2024-05-04 18:25:27.127751" end-time="2024-05-04 18:25:27.136570" duration="0.008819" asserts="0"><properties><property name="python-version" value="3.8.10 (default, Nov 22 2023, 10:22:35) &#10;[GCC 9.4.0]" /><property name="fspath" value="tests/api/routes/test_app.py" /></properties><environment framework-version="3.6.2" clr-version="3.8.10 (default, Nov 22 2023, 10:22:35) &#10;[GCC 9.4.0]" os-version="5.15.0-105-generic" platform="Linux" cwd="/home/brunolnetto/github/API" machine-name="x86_64" user="" user-domain="" culture="pt_BR" uiculture="pt_BR" os-architecture="64bit" /><failure><message><![CDATA[]]></message><stack-trace><![CDATA[None]]></stack-trace></failure><reason><message><![CDATA[]]></message></reason><output><![CDATA[]]></output></test-case><test-case id="136" name="tests/api/routes/test_app.py::test_pong" fullname="tests/api/routes/test_app.py::test_pong" methodname="test_pong" classname="tests/api/routes/test_app.py" runstate="Runnable" seed="1" result="Passed" label="" start-time="2024-05-04 18:25:27.137336" end-time="2024-05-04 18:25:27.140021" duration="0.002685" asserts="0"><properties><property name="python-version" value="3.8.10 (default, Nov 22 2023, 10:22:35) &#10;[GCC 9.4.0]" /><property name="fspath" value="tests/api/routes/test_app.py" /></properties><environment framework-version="3.6.2" clr-version="3.8.10 (default, Nov 22 2023, 10:22:35) &#10;[GCC 9.4.0]" os-version="5.15.0-105-generic" platform="Linux" cwd="/home/brunolnetto/github/API" machine-name="x86_64" user="" user-domain="" culture="pt_BR" uiculture="pt_BR" os-architecture="64bit" /><failure><message><![CDATA[]]></message><stack-trace><![CDATA[None]]></stack-trace></failure><reason><message><![CDATA[]]></message></reason><output><![CDATA[]]></output></test-case><test-case id="137" name="tests/api/routes/test_app.py::test_health_check" fullname="tests/api/routes/test_app.py::test_health_check" methodname="test_health_check" classname="tests/api/routes/test_app.py" runstate="Runnable" seed="1" result="Passed" label="" start-time="2024-05-04 18:25:27.140756" end-time="2024-05-04 18:25:27.143016" duration="0.00226" asserts="0"><properties><property name="python-version" value="3.8.10 (default, Nov 22 2023, 10:22:35) &#10;[GCC 9.4.0]" /><property name="fspath" value="tests/api/routes/test_app.py" /></properties><environment framework-version="3.6.2" clr-version="3.8.10 (default, Nov 22 2023, 10:22:35) &#10;[GCC 9.4.0]" os-version="5.15.0-105-generic" platform="Linux" cwd="/home/brunolnetto/github/API" machine-name="x86_64" user="" user-domain="" culture="pt_BR" uiculture="pt_BR" os-architecture="64bit" /><failure><message><![CDATA[]]></message><stack-trace><![CDATA[None]]></stack-trace></failure><reason><message><![CDATA[]]></message></reason><output><![CDATA[]]></output></test-case><test-case id="138" name="tests/api/routes/test_app.py::test_info" fullname="tests/api/routes/test_app.py::test_info" methodname="test_info" classname="tests/api/routes/test_app.py" runstate="Runnable" seed="1" result="Passed" label="" start-time="2024-05-04 18:25:27.143705" end-time="2024-05-04 18:25:27.148592" duration="0.004887" asserts="0"><properties><property name="python-version" value="3.8.10 (default, Nov 22 2023, 10:22:35) &#10;[GCC 9.4.0]" /><property name="fspath" value="tests/api/routes/test_app.py" /></properties><environment framework-version="3.6.2" clr-version="3.8.10 (default, Nov 22 2023, 10:22:35) &#10;[GCC 9.4.0]" os-version="5.15.0-105-generic" platform="Linux" cwd="/home/brunolnetto/github/API" machine-name="x86_64" user="" user-domain="" culture="pt_BR" uiculture="pt_BR" os-architecture="64bit" /><failure><message><![CDATA[]]></message><stack-trace><![CDATA[None]]></stack-trace></failure><reason><message><![CDATA[]]></message></reason><output><![CDATA[]]></output></test-case><environment framework-version="3.6.2" clr-version="3.8.10 (default, Nov 22 2023, 10:22:35) &#10;[GCC 9.4.0]" os-version="5.15.0-105-generic" platform="Linux" cwd="/home/brunolnetto/github/API" machine-name="x86_64" user="" user-domain="" culture="pt_BR" uiculture="pt_BR" os-architecture="64bit" /></test-suite><test-suite id="tests/api/utils/test_routes.py" name="tests/api/utils/test_routes.py" fullname="tests/api/utils/test_routes.py" methodname="" classname="" runstate="Runnable" type="Assembly" testcasecount="1" result="Passed" label="" start-time="2024-05-04 18:25:27.972249" end-time="2024-05-04 18:25:27.972850" duration="0.000601" asserts="0" total="1" passed="1" failed="0" warnings="0" inconclusive="0" skipped="0"><properties><property name="python_version" value="3.8.10 (default, Nov 22 2023, 10:22:35) &#10;[GCC 9.4.0]" /></properties><test-case id="181" name="tests/api/utils/test_routes.py::test_make_json_response" fullname="tests/api/utils/test_routes.py::test_make_json_response" methodname="test_make_json_response" classname="tests/api/utils/test_routes.py" runstate="Runnable" seed="1" result="Passed" label="" start-time="2024-05-04 18:25:27.972249" end-time="2024-05-04 18:25:27.972850" duration="0.000601" asserts="0"><properties><property name="python-version" value="3.8.10 (default, Nov 22 2023, 10:22:35) &#10;[GCC 9.4.0]" /><property name="fspath" value="tests/api/utils/test_routes.py" /></properties><environment framework-version="3.6.2" clr-version="3.8.10 (default, Nov 22 2023, 10:22:35) &#10;[GCC 9.4.0]" os-version="5.15.0-105-generic" platform="Linux" cwd="/home/brunolnetto/github/API" machine-name="x86_64" user="" user-domain="" culture="pt_BR" uiculture="pt_BR" os-architecture="64bit" /><failure><message><![CDATA[]]></message><stack-trace><![CDATA[None]]></stack-trace></failure><reason><message><![CDATA[]]></message></reason><output><![CDATA[]]></output></test-case><environment framework-version="3.6.2" clr-version="3.8.10 (default, Nov 22 2023, 10:22:35) &#10;[GCC 9.4.0]" os-version="5.15.0-105-generic" platform="Linux" cwd="/home/brunolnetto/github/API" machine-name="x86_64" user="" user-domain="" culture="pt_BR" uiculture="pt_BR" os-architecture="64bit" /></test-suite><test-suite id="tests/api/core/test_et.py" name="tests/api/core/test_et.py" fullname="tests/api/core/test_et.py" methodname="" classname="" runstate="Runnable" type="Assembly" testcasecount="1" result="Passed" label="" start-time="2024-05-04 18:25:26.995870" end-time="2024-05-04 18:25:26.996646" duration="0.000776" asserts="0" total="1" passed="1" failed="0" warnings="0" inconclusive="0" skipped="0"><properties><property name="python_version" value="3.8.10 (default, Nov 22 2023, 10:22:35) &#10;[GCC 9.4.0]" /></properties><test-case id="102" name="tests/api/core/test_et.py::test_get_items_sample" fullname="tests/api/core/test_et.py::test_get_items_sample" methodname="test_get_items_sample" classname="tests/api/core/test_et.py" runstate="Runnable" seed="1" result="Passed" label="" start-time="2024-05-04 18:25:26.995870" end-time="2024-05-04 18:25:26.996646" duration="0.000776" asserts="0"><properties><property name="python-version" value="3.8.10 (default, Nov 22 2023, 10:22:35) &#10;[GCC 9.4.0]" /><property name="fspath" value="tests/api/core/test_et.py" /></properties><environment framework-version="3.6.2" clr-version="3.8.10 (default, Nov 22 2023, 10:22:35) &#10;[GCC 9.4.0]" os-version="5.15.0-105-generic" platform="Linux" cwd="/home/brunolnetto/github/API" machine-name="x86_64" user="" user-domain="" culture="pt_BR" uiculture="pt_BR" os-architecture="64bit" /><failure><message><![CDATA[]]></message><stack-trace><![CDATA[None]]></stack-trace></failure><reason><message><![CDATA[]]></message></reason><output><![CDATA[]]></output></test-case><environment framework-version="3.6.2" clr-version="3.8.10 (default, Nov 22 2023, 10:22:35) &#10;[GCC 9.4.0]" os-version="5.15.0-105-generic" platform="Linux" cwd="/home/brunolnetto/github/API" machine-name="x86_64" user="" user-domain="" culture="pt_BR" uiculture="pt_BR" os-architecture="64bit" /></test-suite><test-suite id="tests/api/test_api_models.py" name="tests/api/test_api_models.py" fullname="tests/api/test_api_models.py" methodname="" classname="" runstate="Runnable" type="Assembly" testcasecount="7" result="Passed" label="" start-time="2024-05-04 18:25:27.881335" end-time="2024-05-04 18:25:27.888432" duration="0.007097" asserts="0" total="7" passed="7" failed="0" warnings="0" inconclusive="0" skipped="0"><properties><property name="python_version" value="3.8.10 (default, Nov 22 2023, 10:22:35) &#10;[GCC 9.4.0]" /></properties><test-case id="148" name="tests/api/test_api_models.py::test_empty_password" fullname="tests/api/test_api_models.py::test_empty_password" methodname="test_empty_password" classname="tests/api/test_api_models.py" runstate="Runnable" seed="1" result="Passed" label="" start-time="2024-05-04 18:25:27.881335" end-time="2024-05-04 18:25:27.882257" duration="0.000922" asserts="0"><properties><property name="python-version" value="3.8.10 (default, Nov 22 2023, 10:22:35) &#10;[GCC 9.4.0]" /><property name="fspath" value="tests/api/test_api_models.py" /></properties><environment framework-version="3.6.2" clr-version="3.8.10 (default, Nov 22 2023, 10:22:35) &#10;[GCC 9.4.0]" os-version="5.15.0-105-generic" platform="Linux" cwd="/home/brunolnetto/github/API" machine-name="x86_64" user="" user-domain="" culture="pt_BR" uiculture="pt_BR" os-architecture="64bit" /><failure><message><![CDATA[]]></message><stack-trace><![CDATA[None]]></stack-trace></failure><reason><message><![CDATA[]]></message></reason><output><![CDATA[]]></output></test-case><test-case id="149" name="tests/api/test_api_models.py::test_weak_password_short" fullname="tests/api/test_api_models.py::test_weak_password_short" methodname="test_weak_password_short" classname="tests/api/test_api_models.py" runstate="Runnable" seed="1" result="Passed" label="" start-time="2024-05-04 18:25:27.882805" end-time="2024-05-04 18:25:27.883362" duration="0.000557" asserts="0"><properties><property name="python-version" value="3.8.10 (default, Nov 22 2023, 10:22:35) &#10;[GCC 9.4.0]" /><property name="fspath" value="tests/api/test_api_models.py" /></properties><environment framework-version="3.6.2" clr-version="3.8.10 (default, Nov 22 2023, 10:22:35) &#10;[GCC 9.4.0]" os-version="5.15.0-105-generic" platform="Linux" cwd="/home/brunolnetto/github/API" machine-name="x86_64" user="" user-domain="" culture="pt_BR" uiculture="pt_BR" os-architecture="64bit" /><failure><message><![CDATA[]]></message><stack-trace><![CDATA[None]]></stack-trace></failure><reason><message><![CDATA[]]></message></reason><output><![CDATA[]]></output></test-case><test-case id="150" name="tests/api/test_api_models.py::test_weak_password_no_lowercase" fullname="tests/api/test_api_models.py::test_weak_password_no_lowercase" methodname="test_weak_password_no_lowercase" classname="tests/api/test_api_models.py" runstate="Runnable" seed="1" result="Passed" label="" start-time="2024-05-04 18:25:27.883874" end-time="2024-05-04 18:25:27.884516" duration="0.000642" asserts="0"><properties><property name="python-version" value="3.8.10 (default, Nov 22 2023, 10:22:35) &#10;[GCC 9.4.0]" /><property name="fspath" value="tests/api/test_api_models.py" /></properties><environment framework-version="3.6.2" clr-version="3.8.10 (default, Nov 22 2023, 10:22:35) &#10;[GCC 9.4.0]" os-version="5.15.0-105-generic" platform="Linux" cwd="/home/brunolnetto/github/API" machine-name="x86_64" user="" user-domain="" culture="pt_BR" uiculture="pt_BR" os-architecture="64bit" /><failure><message><![CDATA[]]></message><stack-trace><![CDATA[None]]></stack-trace></failure><reason><message><![CDATA[]]></message></reason><output><![CDATA[]]></output></test-case><test-case id="151" name="tests/api/test_api_models.py::test_weak_password_no_uppercase" fullname="tests/api/test_api_models.py::test_weak_password_no_uppercase" methodname="test_weak_password_no_uppercase" classname="tests/api/test_api_models.py" runstate="Runnable" seed="1" result="Passed" label="" start-time="2024-05-04 18:25:27.884988" end-time="2024-05-04 18:25:27.885503" duration="0.000515" asserts="0"><properties><property name="python-version" value="3.8.10 (default, Nov 22 2023, 10:22:35) &#10;[GCC 9.4.0]" /><property name="fspath" value="tests/api/test_api_models.py" /></properties><environment framework-version="3.6.2" clr-version="3.8.10 (default, Nov 22 2023, 10:22:35) &#10;[GCC 9.4.0]" os-version="5.15.0-105-generic" platform="Linux" cwd="/home/brunolnetto/github/API" machine-name="x86_64" user="" user-domain="" culture="pt_BR" uiculture="pt_BR" os-architecture="64bit" /><failure><message><![CDATA[]]></message><stack-trace><![CDATA[None]]></stack-trace></failure><reason><message><![CDATA[]]></message></reason><output><![CDATA[]]></output></test-case><test-case id="152" name="tests/api/test_api_models.py::test_weak_password_no_number" fullname="tests/api/test_api_models.py::test_weak_password_no_number" methodname="test_weak_password_no_number" classname="tests/api/test_api_models.py" runstate="Runnable" seed="1" result="Passed" label="" start-time="2024-05-04 18:25:27.885985" end-time="2024-05-04 18:25:27.886483" duration="0.000498" asserts="0"><properties><property name="python-version" value="3.8.10 (default, Nov 22 2023, 10:22:35) &#10;[GCC 9.4.0]" /><property name="fspath" value="tests/api/test_api_models.py" /></properties><environment framework-version="3.6.2" clr-version="3.8.10 (default, Nov 22 2023, 10:22:35) &#10;[GCC 9.4.0]" os-version="5.15.0-105-generic" platform="Linux" cwd="/home/brunolnetto/github/API" machine-name="x86_64" user="" user-domain="" culture="pt_BR" uiculture="pt_BR" os-architecture="64bit" /><failure><message><![CDATA[]]></message><stack-trace><![CDATA[None]]></stack-trace></failure><reason><message><![CDATA[]]></message></reason><output><![CDATA[]]></output></test-case><test-case id="153" name="tests/api/test_api_models.py::test_weak_password_no_special_char" fullname="tests/api/test_api_models.py::test_weak_password_no_special_char" methodname="test_weak_password_no_special_char" classname="tests/api/test_api_models.py" runstate="Runnable" seed="1" result="Passed" label="" start-time="2024-05-04 18:25:27.886951" end-time="2024-05-04 18:25:27.887460" duration="0.000509" asserts="0"><properties><property name="python-version" value="3.8.10 (default, Nov 22 2023, 10:22:35) &#10;[GCC 9.4.0]" /><property name="fspath" value="tests/api/test_api_models.py" /></properties><environment framework-version="3.6.2" clr-version="3.8.10 (default, Nov 22 2023, 10:22:35) &#10;[GCC 9.4.0]" os-version="5.15.0-105-generic" platform="Linux" cwd="/home/brunolnetto/github/API" machine-name="x86_64" user="" user-domain="" culture="pt_BR" uiculture="pt_BR" os-architecture="64bit" /><failure><message><![CDATA[]]></message><stack-trace><![CDATA[None]]></stack-trace></failure><reason><message><![CDATA[]]></message></reason><output><![CDATA[]]></output></test-case><test-case id="154" name="tests/api/test_api_models.py::test_strong_password" fullname="tests/api/test_api_models.py::test_strong_password" methodname="test_strong_password" classname="tests/api/test_api_models.py" runstate="Runnable" seed="1" result="Passed" label="" start-time="2024-05-04 18:25:27.887932" end-time="2024-05-04 18:25:27.888432" duration="0.0005" asserts="0"><properties><property name="python-version" value="3.8.10 (default, Nov 22 2023, 10:22:35) &#10;[GCC 9.4.0]" /><property name="fspath" value="tests/api/test_api_models.py" /></properties><environment framework-version="3.6.2" clr-version="3.8.10 (default, Nov 22 2023, 10:22:35) &#10;[GCC 9.4.0]" os-version="5.15.0-105-generic" platform="Linux" cwd="/home/brunolnetto/github/API" machine-name="x86_64" user="" user-domain="" culture="pt_BR" uiculture="pt_BR" os-architecture="64bit" /><failure><message><![CDATA[]]></message><stack-trace><![CDATA[None]]></stack-trace></failure><reason><message><![CDATA[]]></message></reason><output><![CDATA[]]></output></test-case><environment framework-version="3.6.2" clr-version="3.8.10 (default, Nov 22 2023, 10:22:35) &#10;[GCC 9.4.0]" os-version="5.15.0-105-generic" platform="Linux" cwd="/home/brunolnetto/github/API" machine-name="x86_64" user="" user-domain="" culture="pt_BR" uiculture="pt_BR" os-architecture="64bit" /></test-suite><test-suite id="tests/api/core/test_itemgenerator.py" name="tests/api/core/test_itemgenerator.py" fullname="tests/api/core/test_itemgenerator.py" methodname="" classname="" runstate="Runnable" type="Assembly" testcasecount="1" result="Passed" label="" start-time="2024-05-04 18:25:26.997406" end-time="2024-05-04 18:25:27.003007" duration="0.005601" asserts="0" total="1" passed="1" failed="0" warnings="0" inconclusive="0" skipped="0"><properties><property name="python_version" value="3.8.10 (default, Nov 22 2023, 10:22:35) &#10;[GCC 9.4.0]" /></properties><test-case id="103" name="tests/api/core/test_itemgenerator.py::test_itemset_generator" fullname="tests/api/core/test_itemgenerator.py::test_itemset_generator" methodname="test_itemset_generator" classname="tests/api/core/test_itemgenerator.py" runstate="Runnable" seed="1" result="Passed" label="" start-time="2024-05-04 18:25:26.997406" end-time="2024-05-04 18:25:27.003007" duration="0.005601" asserts="0"><properties><property name="python-version" value="3.8.10 (default, Nov 22 2023, 10:22:35) &#10;[GCC 9.4.0]" /><property name="fspath" value="tests/api/core/test_itemgenerator.py" /></properties><environment framework-version="3.6.2" clr-version="3.8.10 (default, Nov 22 2023, 10:22:35) &#10;[GCC 9.4.0]" os-version="5.15.0-105-generic" platform="Linux" cwd="/home/brunolnetto/github/API" machine-name="x86_64" user="" user-domain="" culture="pt_BR" uiculture="pt_BR" os-architecture="64bit" /><failure><message><![CDATA[]]></message><stack-trace><![CDATA[None]]></stack-trace></failure><reason><message><![CDATA[]]></message></reason><output><![CDATA[]]></output></test-case><environment framework-version="3.6.2" clr-version="3.8.10 (default, Nov 22 2023, 10:22:35) &#10;[GCC 9.4.0]" os-version="5.15.0-105-generic" platform="Linux" cwd="/home/brunolnetto/github/API" machine-name="x86_64" user="" user-domain="" culture="pt_BR" uiculture="pt_BR" os-architecture="64bit" /></test-suite><test-suite id="tests/db/test_db_core.py::TestSQLRepository" name="tests/db/test_db_core.py::TestSQLRepository" fullname="tests/db/test_db_core.py::TestSQLRepository" methodname="" classname="" runstate="Runnable" type="Assembly" testcasecount="3" result="Passed" label="" start-time="2024-05-04 18:25:27.982419" end-time="2024-05-04 18:25:28.005053" duration="0.022634" asserts="0" total="3" passed="2" failed="1" warnings="0" inconclusive="0" skipped="0"><properties><property name="python_version" value="3.8.10 (default, Nov 22 2023, 10:22:35) &#10;[GCC 9.4.0]" /></properties><test-case id="185" name="tests/db/test_db_core.py::TestSQLRepository::test_get_success" fullname="tests/db/test_db_core.py::TestSQLRepository::test_get_success" methodname="test_get_success" classname="TestSQLRepository" runstate="Runnable" seed="1" result="Failed" label="" start-time="2024-05-04 18:25:27.982419" end-time="2024-05-04 18:25:27.991869" duration="0.00945" asserts="0"><properties><property name="python-version" value="3.8.10 (default, Nov 22 2023, 10:22:35) &#10;[GCC 9.4.0]" /><property name="fspath" value="tests/db/test_db_core.py" /></properties><environment framework-version="3.6.2" clr-version="3.8.10 (default, Nov 22 2023, 10:22:35) &#10;[GCC 9.4.0]" os-version="5.15.0-105-generic" platform="Linux" cwd="/home/brunolnetto/github/API" machine-name="x86_64" user="" user-domain="" culture="pt_BR" uiculture="pt_BR" os-architecture="64bit" /><failure><message><![CDATA[self = &lt;test_db_core.TestSQLRepository object at 0x7f7b730a11c0&gt;, mocker = &lt;pytest_mock.plugin.MockerFixture object at 0x7f7b717eb100&gt;

    @pytest.mark.asyncio
    async def test_get_success(self, mocker):
        # Mock session and model
        session = AsyncMock()
        model = MagicMock()
        pk = 1
    
        # Create repository and call get
        repository = SQLRepository(model)
        entity = await repository.find_by_id(pk, session)
    
        # Assertions
&gt;       assert entity == model
E       AssertionError: assert &lt;AsyncMock na...168161858224'&gt; == &lt;MagicMock id...168161842704'&gt;
E         
E         Use -v to get more diff

tests/db/test_db_core.py:31: AssertionError]]></message><stack-trace><![CDATA[/home/brunolnetto/github/API/tests/db/test_db_core.py:31: AssertionError: assert &lt;AsyncMock na...168161858224'&gt; == &lt;MagicMock id...168161842704'&gt;]]></stack-trace></failure><reason><message><![CDATA[]]></message></reason><output><![CDATA[]]></output></test-case><test-case id="186" name="tests/db/test_db_core.py::TestSQLRepository::test_find_failure" fullname="tests/db/test_db_core.py::TestSQLRepository::test_find_failure" methodname="test_find_failure" classname="TestSQLRepository" runstate="Runnable" seed="1" result="Passed" label="" start-time="2024-05-04 18:25:27.992877" end-time="2024-05-04 18:25:27.995770" duration="0.002893" asserts="0"><properties><property name="python-version" value="3.8.10 (default, Nov 22 2023, 10:22:35) &#10;[GCC 9.4.0]" /><property name="fspath" value="tests/db/test_db_core.py" /></properties><environment framework-version="3.6.2" clr-version="3.8.10 (default, Nov 22 2023, 10:22:35) &#10;[GCC 9.4.0]" os-version="5.15.0-105-generic" platform="Linux" cwd="/home/brunolnetto/github/API" machine-name="x86_64" user="" user-domain="" culture="pt_BR" uiculture="pt_BR" os-architecture="64bit" /><failure><message><![CDATA[]]></message><stack-trace><![CDATA[None]]></stack-trace></failure><reason><message><![CDATA[]]></message></reason><output><![CDATA[]]></output></test-case><test-case id="187" name="tests/db/test_db_core.py::TestSQLRepository::test_save_success" fullname="tests/db/test_db_core.py::TestSQLRepository::test_save_success" methodname="test_save_success" classname="TestSQLRepository" runstate="Runnable" seed="1" result="Passed" label="" start-time="2024-05-04 18:25:27.996779" end-time="2024-05-04 18:25:28.005053" duration="0.008274" asserts="0"><properties><property name="python-version" value="3.8.10 (default, Nov 22 2023, 10:22:35) &#10;[GCC 9.4.0]" /><property name="fspath" value="tests/db/test_db_core.py" /></properties><environment framework-version="3.6.2" clr-version="3.8.10 (default, Nov 22 2023, 10:22:35) &#10;[GCC 9.4.0]" os-version="5.15.0-105-generic" platform="Linux" cwd="/home/brunolnetto/github/API" machine-name="x86_64" user="" user-domain="" culture="pt_BR" uiculture="pt_BR" os-architecture="64bit" /><failure><message><![CDATA[]]></message><stack-trace><![CDATA[None]]></stack-trace></failure><reason><message><![CDATA[]]></message></reason><output><![CDATA[]]></output></test-case><environment framework-version="3.6.2" clr-version="3.8.10 (default, Nov 22 2023, 10:22:35) &#10;[GCC 9.4.0]" os-version="5.15.0-105-generic" platform="Linux" cwd="/home/brunolnetto/github/API" machine-name="x86_64" user="" user-domain="" culture="pt_BR" uiculture="pt_BR" os-architecture="64bit" /></test-suite><test-suite id="tests/api/utils/test_dataframe.py" name="tests/api/utils/test_dataframe.py" fullname="tests/api/utils/test_dataframe.py" methodname="" classname="" runstate="Runnable" type="Assembly" testcasecount="8" result="Passed" label="" start-time="2024-05-04 18:25:27.892748" end-time="2024-05-04 18:25:27.945353" duration="0.052605" asserts="0" total="8" passed="8" failed="0" warnings="0" inconclusive="0" skipped="0"><properties><property name="python_version" value="3.8.10 (default, Nov 22 2023, 10:22:35) &#10;[GCC 9.4.0]" /></properties><test-case id="155" name="tests/api/utils/test_dataframe.py::test_read_data_to_dataframe_gen" fullname="tests/api/utils/test_dataframe.py::test_read_data_to_dataframe_gen" methodname="test_read_data_to_dataframe_gen" classname="tests/api/utils/test_dataframe.py" runstate="Runnable" seed="1" result="Passed" label="" start-time="2024-05-04 18:25:27.892748" end-time="2024-05-04 18:25:27.926277" duration="0.033529" asserts="0"><properties><property name="python-version" value="3.8.10 (default, Nov 22 2023, 10:22:35) &#10;[GCC 9.4.0]" /><property name="fspath" value="tests/api/utils/test_dataframe.py" /></properties><environment framework-version="3.6.2" clr-version="3.8.10 (default, Nov 22 2023, 10:22:35) &#10;[GCC 9.4.0]" os-version="5.15.0-105-generic" platform="Linux" cwd="/home/brunolnetto/github/API" machine-name="x86_64" user="" user-domain="" culture="pt_BR" uiculture="pt_BR" os-architecture="64bit" /><failure><message><![CDATA[]]></message><stack-trace><![CDATA[None]]></stack-trace></failure><reason><message><![CDATA[]]></message></reason><output><![CDATA[]]></output></test-case><test-case id="156" name="tests/api/utils/test_dataframe.py::test_listify_items" fullname="tests/api/utils/test_dataframe.py::test_listify_items" methodname="test_listify_items" classname="tests/api/utils/test_dataframe.py" runstate="Runnable" seed="1" result="Passed" label="" start-time="2024-05-04 18:25:27.927333" end-time="2024-05-04 18:25:27.929304" duration="0.001971" asserts="0"><properties><property name="python-version" value="3.8.10 (default, Nov 22 2023, 10:22:35) &#10;[GCC 9.4.0]" /><property name="fspath" value="tests/api/utils/test_dataframe.py" /></properties><environment framework-version="3.6.2" clr-version="3.8.10 (default, Nov 22 2023, 10:22:35) &#10;[GCC 9.4.0]" os-version="5.15.0-105-generic" platform="Linux" cwd="/home/brunolnetto/github/API" machine-name="x86_64" user="" user-domain="" culture="pt_BR" uiculture="pt_BR" os-architecture="64bit" /><failure><message><![CDATA[]]></message><stack-trace><![CDATA[None]]></stack-trace></failure><reason><message><![CDATA[]]></message></reason><output><![CDATA[]]></output></test-case><test-case id="157" name="tests/api/utils/test_dataframe.py::test_get_descriptions" fullname="tests/api/utils/test_dataframe.py::test_get_descriptions" methodname="test_get_descriptions" classname="tests/api/utils/test_dataframe.py" runstate="Runnable" seed="1" result="Passed" label="" start-time="2024-05-04 18:25:27.930260" end-time="2024-05-04 18:25:27.931392" duration="0.001132" asserts="0"><properties><property name="python-version" value="3.8.10 (default, Nov 22 2023, 10:22:35) &#10;[GCC 9.4.0]" /><property name="fspath" value="tests/api/utils/test_dataframe.py" /></properties><environment framework-version="3.6.2" clr-version="3.8.10 (default, Nov 22 2023, 10:22:35) &#10;[GCC 9.4.0]" os-version="5.15.0-105-generic" platform="Linux" cwd="/home/brunolnetto/github/API" machine-name="x86_64" user="" user-domain="" culture="pt_BR" uiculture="pt_BR" os-architecture="64bit" /><failure><message><![CDATA[]]></message><stack-trace><![CDATA[None]]></stack-trace></failure><reason><message><![CDATA[]]></message></reason><output><![CDATA[]]></output></test-case><test-case id="158" name="tests/api/utils/test_dataframe.py::test_get_years" fullname="tests/api/utils/test_dataframe.py::test_get_years" methodname="test_get_years" classname="tests/api/utils/test_dataframe.py" runstate="Runnable" seed="1" result="Passed" label="" start-time="2024-05-04 18:25:27.932310" end-time="2024-05-04 18:25:27.936399" duration="0.004089" asserts="0"><properties><property name="python-version" value="3.8.10 (default, Nov 22 2023, 10:22:35) &#10;[GCC 9.4.0]" /><property name="fspath" value="tests/api/utils/test_dataframe.py" /></properties><environment framework-version="3.6.2" clr-version="3.8.10 (default, Nov 22 2023, 10:22:35) &#10;[GCC 9.4.0]" os-version="5.15.0-105-generic" platform="Linux" cwd="/home/brunolnetto/github/API" machine-name="x86_64" user="" user-domain="" culture="pt_BR" uiculture="pt_BR" os-architecture="64bit" /><failure><message><![CDATA[]]></message><stack-trace><![CDATA[None]]></stack-trace></failure><reason><message><![CDATA[]]></message></reason><output><![CDATA[]]></output></test-case><test-case id="159" name="tests/api/utils/test_dataframe.py::test_get_unique_elements" fullname="tests/api/utils/test_dataframe.py::test_get_unique_elements" methodname="test_get_unique_elements" classname="tests/api/utils/test_dataframe.py" runstate="Runnable" seed="1" result="Passed" label="" start-time="2024-05-04 18:25:27.937326" end-time="2024-05-04 18:25:27.938091" duration="0.000765" asserts="0"><properties><property name="python-version" value="3.8.10 (default, Nov 22 2023, 10:22:35) &#10;[GCC 9.4.0]" /><property name="fspath" value="tests/api/utils/test_dataframe.py" /></properties><environment framework-version="3.6.2" clr-version="3.8.10 (default, Nov 22 2023, 10:22:35) &#10;[GCC 9.4.0]" os-version="5.15.0-105-generic" platform="Linux" cwd="/home/brunolnetto/github/API" machine-name="x86_64" user="" user-domain="" culture="pt_BR" uiculture="pt_BR" os-architecture="64bit" /><failure><message><![CDATA[]]></message><stack-trace><![CDATA[None]]></stack-trace></failure><reason><message><![CDATA[]]></message></reason><output><![CDATA[]]></output></test-case><test-case id="160" name="tests/api/utils/test_dataframe.py::test_read_data_from_file" fullname="tests/api/utils/test_dataframe.py::test_read_data_from_file" methodname="test_read_data_from_file" classname="tests/api/utils/test_dataframe.py" runstate="Runnable" seed="1" result="Passed" label="" start-time="2024-05-04 18:25:27.939003" end-time="2024-05-04 18:25:27.940975" duration="0.001972" asserts="0"><properties><property name="python-version" value="3.8.10 (default, Nov 22 2023, 10:22:35) &#10;[GCC 9.4.0]" /><property name="fspath" value="tests/api/utils/test_dataframe.py" /></properties><environment framework-version="3.6.2" clr-version="3.8.10 (default, Nov 22 2023, 10:22:35) &#10;[GCC 9.4.0]" os-version="5.15.0-105-generic" platform="Linux" cwd="/home/brunolnetto/github/API" machine-name="x86_64" user="" user-domain="" culture="pt_BR" uiculture="pt_BR" os-architecture="64bit" /><failure><message><![CDATA[]]></message><stack-trace><![CDATA[None]]></stack-trace></failure><reason><message><![CDATA[]]></message></reason><output><![CDATA[]]></output></test-case><test-case id="161" name="tests/api/utils/test_dataframe.py::test_read_data_to_dataframe_gen_folder_not_found" fullname="tests/api/utils/test_dataframe.py::test_read_data_to_dataframe_gen_folder_not_found" methodname="test_read_data_to_dataframe_gen_folder_not_found" classname="tests/api/utils/test_dataframe.py" runstate="Runnable" seed="1" result="Passed" label="" start-time="2024-05-04 18:25:27.941497" end-time="2024-05-04 18:25:27.942500" duration="0.001003" asserts="0"><properties><property name="python-version" value="3.8.10 (default, Nov 22 2023, 10:22:35) &#10;[GCC 9.4.0]" /><property name="fspath" value="tests/api/utils/test_dataframe.py" /></properties><environment framework-version="3.6.2" clr-version="3.8.10 (default, Nov 22 2023, 10:22:35) &#10;[GCC 9.4.0]" os-version="5.15.0-105-generic" platform="Linux" cwd="/home/brunolnetto/github/API" machine-name="x86_64" user="" user-domain="" culture="pt_BR" uiculture="pt_BR" os-architecture="64bit" /><failure><message><![CDATA[]]></message><stack-trace><![CDATA[None]]></stack-trace></failure><reason><message><![CDATA[]]></message></reason><output><![CDATA[]]></output></test-case><test-case id="162" name="tests/api/utils/test_dataframe.py::test_read_data_to_dataframe" fullname="tests/api/utils/test_dataframe.py::test_read_data_to_dataframe" methodname="test_read_data_to_dataframe" classname="tests/api/utils/test_dataframe.py" runstate="Runnable" seed="1" result="Passed" label="" start-time="2024-05-04 18:25:27.943424" end-time="2024-05-04 18:25:27.945353" duration="0.001929" asserts="0"><properties><property name="python-version" value="3.8.10 (default, Nov 22 2023, 10:22:35) &#10;[GCC 9.4.0]" /><property name="fspath" value="tests/api/utils/test_dataframe.py" /></properties><environment framework-version="3.6.2" clr-version="3.8.10 (default, Nov 22 2023, 10:22:35) &#10;[GCC 9.4.0]" os-version="5.15.0-105-generic" platform="Linux" cwd="/home/brunolnetto/github/API" machine-name="x86_64" user="" user-domain="" culture="pt_BR" uiculture="pt_BR" os-architecture="64bit" /><failure><message><![CDATA[]]></message><stack-trace><![CDATA[None]]></stack-trace></failure><reason><message><![CDATA[]]></message></reason><output><![CDATA[]]></output></test-case><environment framework-version="3.6.2" clr-version="3.8.10 (default, Nov 22 2023, 10:22:35) &#10;[GCC 9.4.0]" os-version="5.15.0-105-generic" platform="Linux" cwd="/home/brunolnetto/github/API" machine-name="x86_64" user="" user-domain="" culture="pt_BR" uiculture="pt_BR" os-architecture="64bit" /></test-suite><test-suite id="tests/api/core/test_algorithms.py" name="tests/api/core/test_algorithms.py" fullname="tests/api/core/test_algorithms.py" methodname="" classname="" runstate="Runnable" type="Assembly" testcasecount="2" result="Passed" label="" start-time="2024-05-04 18:25:26.981024" end-time="2024-05-04 18:25:26.994742" duration="0.013718" asserts="0" total="2" passed="2" failed="0" warnings="0" inconclusive="0" skipped="0"><properties><property name="python_version" value="3.8.10 (default, Nov 22 2023, 10:22:35) &#10;[GCC 9.4.0]" /></properties><test-case id="100" name="tests/api/core/test_algorithms.py::test_get_frequent_items_and_rules_dict" fullname="tests/api/core/test_algorithms.py::test_get_frequent_items_and_rules_dict" methodname="test_get_frequent_items_and_rules_dict" classname="tests/api/core/test_algorithms.py" runstate="Runnable" seed="1" result="Passed" label="" start-time="2024-05-04 18:25:26.981024" end-time="2024-05-04 18:25:26.990053" duration="0.009029" asserts="0"><properties><property name="python-version" value="3.8.10 (default, Nov 22 2023, 10:22:35) &#10;[GCC 9.4.0]" /><property name="fspath" value="tests/api/core/test_algorithms.py" /></properties><environment framework-version="3.6.2" clr-version="3.8.10 (default, Nov 22 2023, 10:22:35) &#10;[GCC 9.4.0]" os-version="5.15.0-105-generic" platform="Linux" cwd="/home/brunolnetto/github/API" machine-name="x86_64" user="" user-domain="" culture="pt_BR" uiculture="pt_BR" os-architecture="64bit" /><failure><message><![CDATA[]]></message><stack-trace><![CDATA[None]]></stack-trace></failure><reason><message><![CDATA[]]></message></reason><output><![CDATA[]]></output></test-case><test-case id="101" name="tests/api/core/test_algorithms.py::test_get_k_best_metrics" fullname="tests/api/core/test_algorithms.py::test_get_k_best_metrics" methodname="test_get_k_best_metrics" classname="tests/api/core/test_algorithms.py" runstate="Runnable" seed="1" result="Passed" label="" start-time="2024-05-04 18:25:26.991070" end-time="2024-05-04 18:25:26.994742" duration="0.003672" asserts="0"><properties><property name="python-version" value="3.8.10 (default, Nov 22 2023, 10:22:35) &#10;[GCC 9.4.0]" /><property name="fspath" value="tests/api/core/test_algorithms.py" /></properties><environment framework-version="3.6.2" clr-version="3.8.10 (default, Nov 22 2023, 10:22:35) &#10;[GCC 9.4.0]" os-version="5.15.0-105-generic" platform="Linux" cwd="/home/brunolnetto/github/API" machine-name="x86_64" user="" user-domain="" culture="pt_BR" uiculture="pt_BR" os-architecture="64bit" /><failure><message><![CDATA[]]></message><stack-trace><![CDATA[None]]></stack-trace></failure><reason><message><![CDATA[]]></message></reason><output><![CDATA[]]></output></test-case><environment framework-version="3.6.2" clr-version="3.8.10 (default, Nov 22 2023, 10:22:35) &#10;[GCC 9.4.0]" os-version="5.15.0-105-generic" platform="Linux" cwd="/home/brunolnetto/github/API" machine-name="x86_64" user="" user-domain="" culture="pt_BR" uiculture="pt_BR" os-architecture="64bit" /></test-suite><test-suite id="tests/api/core/test_models.py" name="tests/api/core/test_models.py" fullname="tests/api/core/test_models.py" methodname="" classname="" runstate="Runnable" type="Assembly" testcasecount="20" result="Passed" label="" start-time="2024-05-04 18:25:27.014101" end-time="2024-05-04 18:25:27.112704" duration="0.098603" asserts="0" total="20" passed="20" failed="0" warnings="0" inconclusive="0" skipped="0"><properties><property name="python_version" value="3.8.10 (default, Nov 22 2023, 10:22:35) &#10;[GCC 9.4.0]" /></properties><test-case id="110" name="tests/api/core/test_models.py::test_basket_validity" fullname="tests/api/core/test_models.py::test_basket_validity" methodname="test_basket_validity" classname="tests/api/core/test_models.py" runstate="Runnable" seed="1" result="Passed" label="" start-time="2024-05-04 18:25:27.014101" end-time="2024-05-04 18:25:27.014652" duration="0.000551" asserts="0"><properties><property name="python-version" value="3.8.10 (default, Nov 22 2023, 10:22:35) &#10;[GCC 9.4.0]" /><property name="fspath" value="tests/api/core/test_models.py" /></properties><environment framework-version="3.6.2" clr-version="3.8.10 (default, Nov 22 2023, 10:22:35) &#10;[GCC 9.4.0]" os-version="5.15.0-105-generic" platform="Linux" cwd="/home/brunolnetto/github/API" machine-name="x86_64" user="" user-domain="" culture="pt_BR" uiculture="pt_BR" os-architecture="64bit" /><failure><message><![CDATA[]]></message><stack-trace><![CDATA[None]]></stack-trace></failure><reason><message><![CDATA[]]></message></reason><output><![CDATA[]]></output></test-case><test-case id="111" name="tests/api/core/test_models.py::test_basket_eq" fullname="tests/api/core/test_models.py::test_basket_eq" methodname="test_basket_eq" classname="tests/api/core/test_models.py" runstate="Runnable" seed="1" result="Passed" label="" start-time="2024-05-04 18:25:27.015301" end-time="2024-05-04 18:25:27.015870" duration="0.000569" asserts="0"><properties><property name="python-version" value="3.8.10 (default, Nov 22 2023, 10:22:35) &#10;[GCC 9.4.0]" /><property name="fspath" value="tests/api/core/test_models.py" /></properties><environment framework-version="3.6.2" clr-version="3.8.10 (default, Nov 22 2023, 10:22:35) &#10;[GCC 9.4.0]" os-version="5.15.0-105-generic" platform="Linux" cwd="/home/brunolnetto/github/API" machine-name="x86_64" user="" user-domain="" culture="pt_BR" uiculture="pt_BR" os-architecture="64bit" /><failure><message><![CDATA[]]></message><stack-trace><![CDATA[None]]></stack-trace></failure><reason><message><![CDATA[]]></message></reason><output><![CDATA[]]></output></test-case><test-case id="112" name="tests/api/core/test_models.py::test_basket_ne" fullname="tests/api/core/test_models.py::test_basket_ne" methodname="test_basket_ne" classname="tests/api/core/test_models.py" runstate="Runnable" seed="1" result="Passed" label="" start-time="2024-05-04 18:25:27.016506" end-time="2024-05-04 18:25:27.017074" duration="0.000568" asserts="0"><properties><property name="python-version" value="3.8.10 (default, Nov 22 2023, 10:22:35) &#10;[GCC 9.4.0]" /><property name="fspath" value="tests/api/core/test_models.py" /></properties><environment framework-version="3.6.2" clr-version="3.8.10 (default, Nov 22 2023, 10:22:35) &#10;[GCC 9.4.0]" os-version="5.15.0-105-generic" platform="Linux" cwd="/home/brunolnetto/github/API" machine-name="x86_64" user="" user-domain="" culture="pt_BR" uiculture="pt_BR" os-architecture="64bit" /><failure><message><![CDATA[]]></message><stack-trace><![CDATA[None]]></stack-trace></failure><reason><message><![CDATA[]]></message></reason><output><![CDATA[]]></output></test-case><test-case id="113" name="tests/api/core/test_models.py::test_basket_repr" fullname="tests/api/core/test_models.py::test_basket_repr" methodname="test_basket_repr" classname="tests/api/core/test_models.py" runstate="Runnable" seed="1" result="Passed" label="" start-time="2024-05-04 18:25:27.017714" end-time="2024-05-04 18:25:27.018354" duration="0.00064" asserts="0"><properties><property name="python-version" value="3.8.10 (default, Nov 22 2023, 10:22:35) &#10;[GCC 9.4.0]" /><property name="fspath" value="tests/api/core/test_models.py" /></properties><environment framework-version="3.6.2" clr-version="3.8.10 (default, Nov 22 2023, 10:22:35) &#10;[GCC 9.4.0]" os-version="5.15.0-105-generic" platform="Linux" cwd="/home/brunolnetto/github/API" machine-name="x86_64" user="" user-domain="" culture="pt_BR" uiculture="pt_BR" os-architecture="64bit" /><failure><message><![CDATA[]]></message><stack-trace><![CDATA[None]]></stack-trace></failure><reason><message><![CDATA[]]></message></reason><output><![CDATA[]]></output></test-case><test-case id="114" name="tests/api/core/test_models.py::test_basket_eq_different_type" fullname="tests/api/core/test_models.py::test_basket_eq_different_type" methodname="test_basket_eq_different_type" classname="tests/api/core/test_models.py" runstate="Runnable" seed="1" result="Passed" label="" start-time="2024-05-04 18:25:27.018990" end-time="2024-05-04 18:25:27.019553" duration="0.000563" asserts="0"><properties><property name="python-version" value="3.8.10 (default, Nov 22 2023, 10:22:35) &#10;[GCC 9.4.0]" /><property name="fspath" value="tests/api/core/test_models.py" /></properties><environment framework-version="3.6.2" clr-version="3.8.10 (default, Nov 22 2023, 10:22:35) &#10;[GCC 9.4.0]" os-version="5.15.0-105-generic" platform="Linux" cwd="/home/brunolnetto/github/API" machine-name="x86_64" user="" user-domain="" culture="pt_BR" uiculture="pt_BR" os-architecture="64bit" /><failure><message><![CDATA[]]></message><stack-trace><![CDATA[None]]></stack-trace></failure><reason><message><![CDATA[]]></message></reason><output><![CDATA[]]></output></test-case><test-case id="115" name="tests/api/core/test_models.py::test_item_description" fullname="tests/api/core/test_models.py::test_item_description" methodname="test_item_description" classname="tests/api/core/test_models.py" runstate="Runnable" seed="1" result="Passed" label="" start-time="2024-05-04 18:25:27.020129" end-time="2024-05-04 18:25:27.020619" duration="0.00049" asserts="0"><properties><property name="python-version" value="3.8.10 (default, Nov 22 2023, 10:22:35) &#10;[GCC 9.4.0]" /><property name="fspath" value="tests/api/core/test_models.py" /></properties><environment framework-version="3.6.2" clr-version="3.8.10 (default, Nov 22 2023, 10:22:35) &#10;[GCC 9.4.0]" os-version="5.15.0-105-generic" platform="Linux" cwd="/home/brunolnetto/github/API" machine-name="x86_64" user="" user-domain="" culture="pt_BR" uiculture="pt_BR" os-architecture="64bit" /><failure><message><![CDATA[]]></message><stack-trace><![CDATA[None]]></stack-trace></failure><reason><message><![CDATA[]]></message></reason><output><![CDATA[]]></output></test-case><test-case id="116" name="tests/api/core/test_models.py::test_item_repr" fullname="tests/api/core/test_models.py::test_item_repr" methodname="test_item_repr" classname="tests/api/core/test_models.py" runstate="Runnable" seed="1" result="Passed" label="" start-time="2024-05-04 18:25:27.021201" end-time="2024-05-04 18:25:27.021753" duration="0.000552" asserts="0"><properties><property name="python-version" value="3.8.10 (default, Nov 22 2023, 10:22:35) &#10;[GCC 9.4.0]" /><property name="fspath" value="tests/api/core/test_models.py" /></properties><environment framework-version="3.6.2" clr-version="3.8.10 (default, Nov 22 2023, 10:22:35) &#10;[GCC 9.4.0]" os-version="5.15.0-105-generic" platform="Linux" cwd="/home/brunolnetto/github/API" machine-name="x86_64" user="" user-domain="" culture="pt_BR" uiculture="pt_BR" os-architecture="64bit" /><failure><message><![CDATA[]]></message><stack-trace><![CDATA[None]]></stack-trace></failure><reason><message><![CDATA[]]></message></reason><output><![CDATA[]]></output></test-case><test-case id="117" name="tests/api/core/test_models.py::test_product_to_basket" fullname="tests/api/core/test_models.py::test_product_to_basket" methodname="test_product_to_basket" classname="tests/api/core/test_models.py" runstate="Runnable" seed="1" result="Passed" label="" start-time="2024-05-04 18:25:27.022234" end-time="2024-05-04 18:25:27.022770" duration="0.000536" asserts="0"><properties><property name="python-version" value="3.8.10 (default, Nov 22 2023, 10:22:35) &#10;[GCC 9.4.0]" /><property name="fspath" value="tests/api/core/test_models.py" /></properties><environment framework-version="3.6.2" clr-version="3.8.10 (default, Nov 22 2023, 10:22:35) &#10;[GCC 9.4.0]" os-version="5.15.0-105-generic" platform="Linux" cwd="/home/brunolnetto/github/API" machine-name="x86_64" user="" user-domain="" culture="pt_BR" uiculture="pt_BR" os-architecture="64bit" /><failure><message><![CDATA[]]></message><stack-trace><![CDATA[None]]></stack-trace></failure><reason><message><![CDATA[]]></message></reason><output><![CDATA[]]></output></test-case><test-case id="118" name="tests/api/core/test_models.py::test_recommendation_k_best_arbitrary[arbitrary]" fullname="tests/api/core/test_models.py::test_recommendation_k_best_arbitrary[arbitrary]" methodname="test_recommendation_k_best_arbitrary[arbitrary]" classname="tests/api/core/test_models.py" runstate="Runnable" seed="1" result="Passed" label="" start-time="2024-05-04 18:25:27.028075" end-time="2024-05-04 18:25:27.032388" duration="0.004313" asserts="0"><properties><property name="python-version" value="3.8.10 (default, Nov 22 2023, 10:22:35) &#10;[GCC 9.4.0]" /><property name="fspath" value="tests/api/core/test_models.py" /></properties><environment framework-version="3.6.2" clr-version="3.8.10 (default, Nov 22 2023, 10:22:35) &#10;[GCC 9.4.0]" os-version="5.15.0-105-generic" platform="Linux" cwd="/home/brunolnetto/github/API" machine-name="x86_64" user="" user-domain="" culture="pt_BR" uiculture="pt_BR" os-architecture="64bit" /><failure><message><![CDATA[]]></message><stack-trace><![CDATA[None]]></stack-trace></failure><reason><message><![CDATA[]]></message></reason><output><![CDATA[]]></output></test-case><test-case id="119" name="tests/api/core/test_models.py::test_recommendation_k_best_arbitrary[random]" fullname="tests/api/core/test_models.py::test_recommendation_k_best_arbitrary[random]" methodname="test_recommendation_k_best_arbitrary[random]" classname="tests/api/core/test_models.py" runstate="Runnable" seed="1" result="Passed" label="" start-time="2024-05-04 18:25:27.037141" end-time="2024-05-04 18:25:27.041815" duration="0.004674" asserts="0"><properties><property name="python-version" value="3.8.10 (default, Nov 22 2023, 10:22:35) &#10;[GCC 9.4.0]" /><property name="fspath" value="tests/api/core/test_models.py" /></properties><environment framework-version="3.6.2" clr-version="3.8.10 (default, Nov 22 2023, 10:22:35) &#10;[GCC 9.4.0]" os-version="5.15.0-105-generic" platform="Linux" cwd="/home/brunolnetto/github/API" machine-name="x86_64" user="" user-domain="" culture="pt_BR" uiculture="pt_BR" os-architecture="64bit" /><failure><message><![CDATA[]]></message><stack-trace><![CDATA[None]]></stack-trace></failure><reason><message><![CDATA[]]></message></reason><output><![CDATA[]]></output></test-case><test-case id="120" name="tests/api/core/test_models.py::test_recommendation_k_best_arbitrary[support]" fullname="tests/api/core/test_models.py::test_recommendation_k_best_arbitrary[support]" methodname="test_recommendation_k_best_arbitrary[support]" classname="tests/api/core/test_models.py" runstate="Runnable" seed="1" result="Passed" label="" start-time="2024-05-04 18:25:27.046798" end-time="2024-05-04 18:25:27.051106" duration="0.004308" asserts="0"><properties><property name="python-version" value="3.8.10 (default, Nov 22 2023, 10:22:35) &#10;[GCC 9.4.0]" /><property name="fspath" value="tests/api/core/test_models.py" /></properties><environment framework-version="3.6.2" clr-version="3.8.10 (default, Nov 22 2023, 10:22:35) &#10;[GCC 9.4.0]" os-version="5.15.0-105-generic" platform="Linux" cwd="/home/brunolnetto/github/API" machine-name="x86_64" user="" user-domain="" culture="pt_BR" uiculture="pt_BR" os-architecture="64bit" /><failure><message><![CDATA[]]></message><stack-trace><![CDATA[None]]></stack-trace></failure><reason><message><![CDATA[]]></message></reason><output><![CDATA[]]></output></test-case><test-case id="121" name="tests/api/core/test_models.py::test_recommendation_k_best_arbitrary[confidence]" fullname="tests/api/core/test_models.py::test_recommendation_k_best_arbitrary[confidence]" methodname="test_recommendation_k_best_arbitrary[confidence]" classname="tests/api/core/test_models.py" runstate="Runnable" seed="1" result="Passed" label="" start-time="2024-05-04 18:25:27.055899" end-time="2024-05-04 18:25:27.060241" duration="0.004342" asserts="0"><properties><property name="python-version" value="3.8.10 (default, Nov 22 2023, 10:22:35) &#10;[GCC 9.4.0]" /><property name="fspath" value="tests/api/core/test_models.py" /></properties><environment framework-version="3.6.2" clr-version="3.8.10 (default, Nov 22 2023, 10:22:35) &#10;[GCC 9.4.0]" os-version="5.15.0-105-generic" platform="Linux" cwd="/home/brunolnetto/github/API" machine-name="x86_64" user="" user-domain="" culture="pt_BR" uiculture="pt_BR" os-architecture="64bit" /><failure><message><![CDATA[]]></message><stack-trace><![CDATA[None]]></stack-trace></failure><reason><message><![CDATA[]]></message></reason><output><![CDATA[]]></output></test-case><test-case id="122" name="tests/api/core/test_models.py::test_recommendation_k_best_arbitrary[lift]" fullname="tests/api/core/test_models.py::test_recommendation_k_best_arbitrary[lift]" methodname="test_recommendation_k_best_arbitrary[lift]" classname="tests/api/core/test_models.py" runstate="Runnable" seed="1" result="Passed" label="" start-time="2024-05-04 18:25:27.065135" end-time="2024-05-04 18:25:27.069164" duration="0.004029" asserts="0"><properties><property name="python-version" value="3.8.10 (default, Nov 22 2023, 10:22:35) &#10;[GCC 9.4.0]" /><property name="fspath" value="tests/api/core/test_models.py" /></properties><environment framework-version="3.6.2" clr-version="3.8.10 (default, Nov 22 2023, 10:22:35) &#10;[GCC 9.4.0]" os-version="5.15.0-105-generic" platform="Linux" cwd="/home/brunolnetto/github/API" machine-name="x86_64" user="" user-domain="" culture="pt_BR" uiculture="pt_BR" os-architecture="64bit" /><failure><message><![CDATA[]]></message><stack-trace><![CDATA[None]]></stack-trace></failure><reason><message><![CDATA[]]></message></reason><output><![CDATA[]]></output></test-case><test-case id="123" name="tests/api/core/test_models.py::test_recommendation_k_best_arbitrary[leverage]" fullname="tests/api/core/test_models.py::test_recommendation_k_best_arbitrary[leverage]" methodname="test_recommendation_k_best_arbitrary[leverage]" classname="tests/api/core/test_models.py" runstate="Runnable" seed="1" result="Passed" label="" start-time="2024-05-04 18:25:27.073926" end-time="2024-05-04 18:25:27.078115" duration="0.004189" asserts="0"><properties><property name="python-version" value="3.8.10 (default, Nov 22 2023, 10:22:35) &#10;[GCC 9.4.0]" /><property name="fspath" value="tests/api/core/test_models.py" /></properties><environment framework-version="3.6.2" clr-version="3.8.10 (default, Nov 22 2023, 10:22:35) &#10;[GCC 9.4.0]" os-version="5.15.0-105-generic" platform="Linux" cwd="/home/brunolnetto/github/API" machine-name="x86_64" user="" user-domain="" culture="pt_BR" uiculture="pt_BR" os-architecture="64bit" /><failure><message><![CDATA[]]></message><stack-trace><![CDATA[None]]></stack-trace></failure><reason><message><![CDATA[]]></message></reason><output><![CDATA[]]></output></test-case><test-case id="124" name="tests/api/core/test_models.py::test_recommendation_k_best_arbitrary[conviction]" fullname="tests/api/core/test_models.py::test_recommendation_k_best_arbitrary[conviction]" methodname="test_recommendation_k_best_arbitrary[conviction]" classname="tests/api/core/test_models.py" runstate="Runnable" seed="1" result="Passed" label="" start-time="2024-05-04 18:25:27.083059" end-time="2024-05-04 18:25:27.087475" duration="0.004416" asserts="0"><properties><property name="python-version" value="3.8.10 (default, Nov 22 2023, 10:22:35) &#10;[GCC 9.4.0]" /><property name="fspath" value="tests/api/core/test_models.py" /></properties><environment framework-version="3.6.2" clr-version="3.8.10 (default, Nov 22 2023, 10:22:35) &#10;[GCC 9.4.0]" os-version="5.15.0-105-generic" platform="Linux" cwd="/home/brunolnetto/github/API" machine-name="x86_64" user="" user-domain="" culture="pt_BR" uiculture="pt_BR" os-architecture="64bit" /><failure><message><![CDATA[]]></message><stack-trace><![CDATA[None]]></stack-trace></failure><reason><message><![CDATA[]]></message></reason><output><![CDATA[]]></output></test-case><test-case id="125" name="tests/api/core/test_models.py::test_get_sv_recommender_invalid_suggestion_count" fullname="tests/api/core/test_models.py::test_get_sv_recommender_invalid_suggestion_count" methodname="test_get_sv_recommender_invalid_suggestion_count" classname="tests/api/core/test_models.py" runstate="Runnable" seed="1" result="Passed" label="" start-time="2024-05-04 18:25:27.089377" end-time="2024-05-04 18:25:27.090177" duration="0.0008" asserts="0"><properties><property name="python-version" value="3.8.10 (default, Nov 22 2023, 10:22:35) &#10;[GCC 9.4.0]" /><property name="fspath" value="tests/api/core/test_models.py" /></properties><environment framework-version="3.6.2" clr-version="3.8.10 (default, Nov 22 2023, 10:22:35) &#10;[GCC 9.4.0]" os-version="5.15.0-105-generic" platform="Linux" cwd="/home/brunolnetto/github/API" machine-name="x86_64" user="" user-domain="" culture="pt_BR" uiculture="pt_BR" os-architecture="64bit" /><failure><message><![CDATA[]]></message><stack-trace><![CDATA[None]]></stack-trace></failure><reason><message><![CDATA[]]></message></reason><output><![CDATA[]]></output></test-case><test-case id="126" name="tests/api/core/test_models.py::test_get_sv_recommender_metrics" fullname="tests/api/core/test_models.py::test_get_sv_recommender_metrics" methodname="test_get_sv_recommender_metrics" classname="tests/api/core/test_models.py" runstate="Runnable" seed="1" result="Passed" label="" start-time="2024-05-04 18:25:27.091111" end-time="2024-05-04 18:25:27.093192" duration="0.002081" asserts="0"><properties><property name="python-version" value="3.8.10 (default, Nov 22 2023, 10:22:35) &#10;[GCC 9.4.0]" /><property name="fspath" value="tests/api/core/test_models.py" /></properties><environment framework-version="3.6.2" clr-version="3.8.10 (default, Nov 22 2023, 10:22:35) &#10;[GCC 9.4.0]" os-version="5.15.0-105-generic" platform="Linux" cwd="/home/brunolnetto/github/API" machine-name="x86_64" user="" user-domain="" culture="pt_BR" uiculture="pt_BR" os-architecture="64bit" /><failure><message><![CDATA[]]></message><stack-trace><![CDATA[None]]></stack-trace></failure><reason><message><![CDATA[]]></message></reason><output><![CDATA[]]></output></test-case><test-case id="127" name="tests/api/core/test_models.py::test_get_sv_recommender_invalid_method" fullname="tests/api/core/test_models.py::test_get_sv_recommender_invalid_method" methodname="test_get_sv_recommender_invalid_method" classname="tests/api/core/test_models.py" runstate="Runnable" seed="1" result="Passed" label="" start-time="2024-05-04 18:25:27.097993" end-time="2024-05-04 18:25:27.101283" duration="0.00329" asserts="0"><properties><property name="python-version" value="3.8.10 (default, Nov 22 2023, 10:22:35) &#10;[GCC 9.4.0]" /><property name="fspath" value="tests/api/core/test_models.py" /></properties><environment framework-version="3.6.2" clr-version="3.8.10 (default, Nov 22 2023, 10:22:35) &#10;[GCC 9.4.0]" os-version="5.15.0-105-generic" platform="Linux" cwd="/home/brunolnetto/github/API" machine-name="x86_64" user="" user-domain="" culture="pt_BR" uiculture="pt_BR" os-architecture="64bit" /><failure><message><![CDATA[]]></message><stack-trace><![CDATA[None]]></stack-trace></failure><reason><message><![CDATA[]]></message></reason><output><![CDATA[]]></output></test-case><test-case id="128" name="tests/api/core/test_models.py::test_description" fullname="tests/api/core/test_models.py::test_description" methodname="test_description" classname="tests/api/core/test_models.py" runstate="Runnable" seed="1" result="Passed" label="" start-time="2024-05-04 18:25:27.106390" end-time="2024-05-04 18:25:27.107062" duration="0.000672" asserts="0"><properties><property name="python-version" value="3.8.10 (default, Nov 22 2023, 10:22:35) &#10;[GCC 9.4.0]" /><property name="fspath" value="tests/api/core/test_models.py" /></properties><environment framework-version="3.6.2" clr-version="3.8.10 (default, Nov 22 2023, 10:22:35) &#10;[GCC 9.4.0]" os-version="5.15.0-105-generic" platform="Linux" cwd="/home/brunolnetto/github/API" machine-name="x86_64" user="" user-domain="" culture="pt_BR" uiculture="pt_BR" os-architecture="64bit" /><failure><message><![CDATA[]]></message><stack-trace><![CDATA[None]]></stack-trace></failure><reason><message><![CDATA[]]></message></reason><output><![CDATA[]]></output></test-case><test-case id="129" name="tests/api/core/test_models.py::test_get_sv_recommender_invalid_item" fullname="tests/api/core/test_models.py::test_get_sv_recommender_invalid_item" methodname="test_get_sv_recommender_invalid_item" classname="tests/api/core/test_models.py" runstate="Runnable" seed="1" result="Passed" label="" start-time="2024-05-04 18:25:27.112070" end-time="2024-05-04 18:25:27.112704" duration="0.000634" asserts="0"><properties><property name="python-version" value="3.8.10 (default, Nov 22 2023, 10:22:35) &#10;[GCC 9.4.0]" /><property name="fspath" value="tests/api/core/test_models.py" /></properties><environment framework-version="3.6.2" clr-version="3.8.10 (default, Nov 22 2023, 10:22:35) &#10;[GCC 9.4.0]" os-version="5.15.0-105-generic" platform="Linux" cwd="/home/brunolnetto/github/API" machine-name="x86_64" user="" user-domain="" culture="pt_BR" uiculture="pt_BR" os-architecture="64bit" /><failure><message><![CDATA[]]></message><stack-trace><![CDATA[None]]></stack-trace></failure><reason><message><![CDATA[]]></message></reason><output><![CDATA[]]></output></test-case><environment framework-version="3.6.2" clr-version="3.8.10 (default, Nov 22 2023, 10:22:35) &#10;[GCC 9.4.0]" os-version="5.15.0-105-generic" platform="Linux" cwd="/home/brunolnetto/github/API" machine-name="x86_64" user="" user-domain="" culture="pt_BR" uiculture="pt_BR" os-architecture="64bit" /></test-suite><test-suite id="tests/api/core/test_metrics.py" name="tests/api/core/test_metrics.py" fullname="tests/api/core/test_metrics.py" methodname="" classname="" runstate="Runnable" type="Assembly" testcasecount="6" result="Passed" label="" start-time="2024-05-04 18:25:27.004096" end-time="2024-05-04 18:25:27.013349" duration="0.009253" asserts="0" total="6" passed="6" failed="0" warnings="0" inconclusive="0" skipped="0"><properties><property name="python_version" value="3.8.10 (default, Nov 22 2023, 10:22:35) &#10;[GCC 9.4.0]" /></properties><test-case id="104" name="tests/api/core/test_metrics.py::test_get_items_support" fullname="tests/api/core/test_metrics.py::test_get_items_support" methodname="test_get_items_support" classname="tests/api/core/test_metrics.py" runstate="Runnable" seed="1" result="Passed" label="" start-time="2024-05-04 18:25:27.004096" end-time="2024-05-04 18:25:27.004680" duration="0.000584" asserts="0"><properties><property name="python-version" value="3.8.10 (default, Nov 22 2023, 10:22:35) &#10;[GCC 9.4.0]" /><property name="fspath" value="tests/api/core/test_metrics.py" /></properties><environment framework-version="3.6.2" clr-version="3.8.10 (default, Nov 22 2023, 10:22:35) &#10;[GCC 9.4.0]" os-version="5.15.0-105-generic" platform="Linux" cwd="/home/brunolnetto/github/API" machine-name="x86_64" user="" user-domain="" culture="pt_BR" uiculture="pt_BR" os-architecture="64bit" /><failure><message><![CDATA[]]></message><stack-trace><![CDATA[None]]></stack-trace></failure><reason><message><![CDATA[]]></message></reason><output><![CDATA[]]></output></test-case><test-case id="105" name="tests/api/core/test_metrics.py::test_get_items_neighbors_support" fullname="tests/api/core/test_metrics.py::test_get_items_neighbors_support" methodname="test_get_items_neighbors_support" classname="tests/api/core/test_metrics.py" runstate="Runnable" seed="1" result="Passed" label="" start-time="2024-05-04 18:25:27.005546" end-time="2024-05-04 18:25:27.006140" duration="0.000594" asserts="0"><properties><property name="python-version" value="3.8.10 (default, Nov 22 2023, 10:22:35) &#10;[GCC 9.4.0]" /><property name="fspath" value="tests/api/core/test_metrics.py" /></properties><environment framework-version="3.6.2" clr-version="3.8.10 (default, Nov 22 2023, 10:22:35) &#10;[GCC 9.4.0]" os-version="5.15.0-105-generic" platform="Linux" cwd="/home/brunolnetto/github/API" machine-name="x86_64" user="" user-domain="" culture="pt_BR" uiculture="pt_BR" os-architecture="64bit" /><failure><message><![CDATA[]]></message><stack-trace><![CDATA[None]]></stack-trace></failure><reason><message><![CDATA[]]></message></reason><output><![CDATA[]]></output></test-case><test-case id="106" name="tests/api/core/test_metrics.py::test_get_items_confidence" fullname="tests/api/core/test_metrics.py::test_get_items_confidence" methodname="test_get_items_confidence" classname="tests/api/core/test_metrics.py" runstate="Runnable" seed="1" result="Passed" label="" start-time="2024-05-04 18:25:27.007084" end-time="2024-05-04 18:25:27.007714" duration="0.00063" asserts="0"><properties><property name="python-version" value="3.8.10 (default, Nov 22 2023, 10:22:35) &#10;[GCC 9.4.0]" /><property name="fspath" value="tests/api/core/test_metrics.py" /></properties><environment framework-version="3.6.2" clr-version="3.8.10 (default, Nov 22 2023, 10:22:35) &#10;[GCC 9.4.0]" os-version="5.15.0-105-generic" platform="Linux" cwd="/home/brunolnetto/github/API" machine-name="x86_64" user="" user-domain="" culture="pt_BR" uiculture="pt_BR" os-architecture="64bit" /><failure><message><![CDATA[]]></message><stack-trace><![CDATA[None]]></stack-trace></failure><reason><message><![CDATA[]]></message></reason><output><![CDATA[]]></output></test-case><test-case id="107" name="tests/api/core/test_metrics.py::test_get_items_lift" fullname="tests/api/core/test_metrics.py::test_get_items_lift" methodname="test_get_items_lift" classname="tests/api/core/test_metrics.py" runstate="Runnable" seed="1" result="Passed" label="" start-time="2024-05-04 18:25:27.008717" end-time="2024-05-04 18:25:27.009293" duration="0.000576" asserts="0"><properties><property name="python-version" value="3.8.10 (default, Nov 22 2023, 10:22:35) &#10;[GCC 9.4.0]" /><property name="fspath" value="tests/api/core/test_metrics.py" /></properties><environment framework-version="3.6.2" clr-version="3.8.10 (default, Nov 22 2023, 10:22:35) &#10;[GCC 9.4.0]" os-version="5.15.0-105-generic" platform="Linux" cwd="/home/brunolnetto/github/API" machine-name="x86_64" user="" user-domain="" culture="pt_BR" uiculture="pt_BR" os-architecture="64bit" /><failure><message><![CDATA[]]></message><stack-trace><![CDATA[None]]></stack-trace></failure><reason><message><![CDATA[]]></message></reason><output><![CDATA[]]></output></test-case><test-case id="108" name="tests/api/core/test_metrics.py::test_get_items_support_empty" fullname="tests/api/core/test_metrics.py::test_get_items_support_empty" methodname="test_get_items_support_empty" classname="tests/api/core/test_metrics.py" runstate="Runnable" seed="1" result="Passed" label="" start-time="2024-05-04 18:25:27.009827" end-time="2024-05-04 18:25:27.010311" duration="0.000484" asserts="0"><properties><property name="python-version" value="3.8.10 (default, Nov 22 2023, 10:22:35) &#10;[GCC 9.4.0]" /><property name="fspath" value="tests/api/core/test_metrics.py" /></properties><environment framework-version="3.6.2" clr-version="3.8.10 (default, Nov 22 2023, 10:22:35) &#10;[GCC 9.4.0]" os-version="5.15.0-105-generic" platform="Linux" cwd="/home/brunolnetto/github/API" machine-name="x86_64" user="" user-domain="" culture="pt_BR" uiculture="pt_BR" os-architecture="64bit" /><failure><message><![CDATA[]]></message><stack-trace><![CDATA[None]]></stack-trace></failure><reason><message><![CDATA[]]></message></reason><output><![CDATA[]]></output></test-case><test-case id="109" name="tests/api/core/test_metrics.py::test_association_metrics" fullname="tests/api/core/test_metrics.py::test_association_metrics" methodname="test_association_metrics" classname="tests/api/core/test_metrics.py" runstate="Runnable" seed="1" result="Passed" label="" start-time="2024-05-04 18:25:27.011167" end-time="2024-05-04 18:25:27.013349" duration="0.002182" asserts="0"><properties><property name="python-version" value="3.8.10 (default, Nov 22 2023, 10:22:35) &#10;[GCC 9.4.0]" /><property name="fspath" value="tests/api/core/test_metrics.py" /></properties><environment framework-version="3.6.2" clr-version="3.8.10 (default, Nov 22 2023, 10:22:35) &#10;[GCC 9.4.0]" os-version="5.15.0-105-generic" platform="Linux" cwd="/home/brunolnetto/github/API" machine-name="x86_64" user="" user-domain="" culture="pt_BR" uiculture="pt_BR" os-architecture="64bit" /><failure><message><![CDATA[]]></message><stack-trace><![CDATA[None]]></stack-trace></failure><reason><message><![CDATA[]]></message></reason><output><![CDATA[]]></output></test-case><environment framework-version="3.6.2" clr-version="3.8.10 (default, Nov 22 2023, 10:22:35) &#10;[GCC 9.4.0]" os-version="5.15.0-105-generic" platform="Linux" cwd="/home/brunolnetto/github/API" machine-name="x86_64" user="" user-domain="" culture="pt_BR" uiculture="pt_BR" os-architecture="64bit" /></test-suite><test-suite id="tests/api/utils/test_file.py" name="tests/api/utils/test_file.py" fullname="tests/api/utils/test_file.py" methodname="" classname="" runstate="Runnable" type="Assembly" testcasecount="4" result="Passed" label="" start-time="2024-05-04 18:25:27.946093" end-time="2024-05-04 18:25:27.951506" duration="0.005413" asserts="0" total="4" passed="4" failed="0" warnings="0" inconclusive="0" skipped="0"><properties><property name="python_version" value="3.8.10 (default, Nov 22 2023, 10:22:35) &#10;[GCC 9.4.0]" /></properties><test-case id="163" name="tests/api/utils/test_file.py::test_get_filename" fullname="tests/api/utils/test_file.py::test_get_filename" methodname="test_get_filename" classname="tests/api/utils/test_file.py" runstate="Runnable" seed="1" result="Passed" label="" start-time="2024-05-04 18:25:27.946093" end-time="2024-05-04 18:25:27.946619" duration="0.000526" asserts="0"><properties><property name="python-version" value="3.8.10 (default, Nov 22 2023, 10:22:35) &#10;[GCC 9.4.0]" /><property name="fspath" value="tests/api/utils/test_file.py" /></properties><environment framework-version="3.6.2" clr-version="3.8.10 (default, Nov 22 2023, 10:22:35) &#10;[GCC 9.4.0]" os-version="5.15.0-105-generic" platform="Linux" cwd="/home/brunolnetto/github/API" machine-name="x86_64" user="" user-domain="" culture="pt_BR" uiculture="pt_BR" os-architecture="64bit" /><failure><message><![CDATA[]]></message><stack-trace><![CDATA[None]]></stack-trace></failure><reason><message><![CDATA[]]></message></reason><output><![CDATA[]]></output></test-case><test-case id="164" name="tests/api/utils/test_file.py::test_extend_filename" fullname="tests/api/utils/test_file.py::test_extend_filename" methodname="test_extend_filename" classname="tests/api/utils/test_file.py" runstate="Runnable" seed="1" result="Passed" label="" start-time="2024-05-04 18:25:27.947137" end-time="2024-05-04 18:25:27.947686" duration="0.000549" asserts="0"><properties><property name="python-version" value="3.8.10 (default, Nov 22 2023, 10:22:35) &#10;[GCC 9.4.0]" /><property name="fspath" value="tests/api/utils/test_file.py" /></properties><environment framework-version="3.6.2" clr-version="3.8.10 (default, Nov 22 2023, 10:22:35) &#10;[GCC 9.4.0]" os-version="5.15.0-105-generic" platform="Linux" cwd="/home/brunolnetto/github/API" machine-name="x86_64" user="" user-domain="" culture="pt_BR" uiculture="pt_BR" os-architecture="64bit" /><failure><message><![CDATA[]]></message><stack-trace><![CDATA[None]]></stack-trace></failure><reason><message><![CDATA[]]></message></reason><output><![CDATA[]]></output></test-case><test-case id="165" name="tests/api/utils/test_file.py::test_create_folder" fullname="tests/api/utils/test_file.py::test_create_folder" methodname="test_create_folder" classname="tests/api/utils/test_file.py" runstate="Runnable" seed="1" result="Passed" label="" start-time="2024-05-04 18:25:27.948837" end-time="2024-05-04 18:25:27.949707" duration="0.00087" asserts="0"><properties><property name="python-version" value="3.8.10 (default, Nov 22 2023, 10:22:35) &#10;[GCC 9.4.0]" /><property name="fspath" value="tests/api/utils/test_file.py" /></properties><environment framework-version="3.6.2" clr-version="3.8.10 (default, Nov 22 2023, 10:22:35) &#10;[GCC 9.4.0]" os-version="5.15.0-105-generic" platform="Linux" cwd="/home/brunolnetto/github/API" machine-name="x86_64" user="" user-domain="" culture="pt_BR" uiculture="pt_BR" os-architecture="64bit" /><failure><message><![CDATA[]]></message><stack-trace><![CDATA[None]]></stack-trace></failure><reason><message><![CDATA[]]></message></reason><output><![CDATA[]]></output></test-case><test-case id="166" name="tests/api/utils/test_file.py::test_create_folder_already_exists" fullname="tests/api/utils/test_file.py::test_create_folder_already_exists" methodname="test_create_folder_already_exists" classname="tests/api/utils/test_file.py" runstate="Runnable" seed="1" result="Passed" label="" start-time="2024-05-04 18:25:27.950696" end-time="2024-05-04 18:25:27.951506" duration="0.00081" asserts="0"><properties><property name="python-version" value="3.8.10 (default, Nov 22 2023, 10:22:35) &#10;[GCC 9.4.0]" /><property name="fspath" value="tests/api/utils/test_file.py" /></properties><environment framework-version="3.6.2" clr-version="3.8.10 (default, Nov 22 2023, 10:22:35) &#10;[GCC 9.4.0]" os-version="5.15.0-105-generic" platform="Linux" cwd="/home/brunolnetto/github/API" machine-name="x86_64" user="" user-domain="" culture="pt_BR" uiculture="pt_BR" os-architecture="64bit" /><failure><message><![CDATA[]]></message><stack-trace><![CDATA[None]]></stack-trace></failure><reason><message><![CDATA[]]></message></reason><output><![CDATA[]]></output></test-case><environment framework-version="3.6.2" clr-version="3.8.10 (default, Nov 22 2023, 10:22:35) &#10;[GCC 9.4.0]" os-version="5.15.0-105-generic" platform="Linux" cwd="/home/brunolnetto/github/API" machine-name="x86_64" user="" user-domain="" culture="pt_BR" uiculture="pt_BR" os-architecture="64bit" /></test-suite><test-suite id="tests/api/core/test_utils.py" name="tests/api/core/test_utils.py" fullname="tests/api/core/test_utils.py" methodname="" classname="" runstate="Runnable" type="Assembly" testcasecount="5" result="Passed" label="" start-time="2024-05-04 18:25:27.113871" end-time="2024-05-04 18:25:27.126685" duration="0.012814" asserts="0" total="5" passed="5" failed="0" warnings="0" inconclusive="0" skipped="0"><properties><property name="python_version" value="3.8.10 (default, Nov 22 2023, 10:22:35) &#10;[GCC 9.4.0]" /></properties><test-case id="130" name="tests/api/core/test_utils.py::test_get_items_sample" fullname="tests/api/core/test_utils.py::test_get_items_sample" methodname="test_get_items_sample" classname="tests/api/core/test_utils.py" runstate="Runnable" seed="1" result="Passed" label="" start-time="2024-05-04 18:25:27.113871" end-time="2024-05-04 18:25:27.114616" duration="0.000745" asserts="0"><properties><property name="python-version" value="3.8.10 (default, Nov 22 2023, 10:22:35) &#10;[GCC 9.4.0]" /><property name="fspath" value="tests/api/core/test_utils.py" /></properties><environment framework-version="3.6.2" clr-version="3.8.10 (default, Nov 22 2023, 10:22:35) &#10;[GCC 9.4.0]" os-version="5.15.0-105-generic" platform="Linux" cwd="/home/brunolnetto/github/API" machine-name="x86_64" user="" user-domain="" culture="pt_BR" uiculture="pt_BR" os-architecture="64bit" /><failure><message><![CDATA[]]></message><stack-trace><![CDATA[None]]></stack-trace></failure><reason><message><![CDATA[]]></message></reason><output><![CDATA[]]></output></test-case><test-case id="131" name="tests/api/core/test_utils.py::test_get_sets_count_per_items_dict" fullname="tests/api/core/test_utils.py::test_get_sets_count_per_items_dict" methodname="test_get_sets_count_per_items_dict" classname="tests/api/core/test_utils.py" runstate="Runnable" seed="1" result="Passed" label="" start-time="2024-05-04 18:25:27.115458" end-time="2024-05-04 18:25:27.117363" duration="0.001905" asserts="0"><properties><property name="python-version" value="3.8.10 (default, Nov 22 2023, 10:22:35) &#10;[GCC 9.4.0]" /><property name="fspath" value="tests/api/core/test_utils.py" /></properties><environment framework-version="3.6.2" clr-version="3.8.10 (default, Nov 22 2023, 10:22:35) &#10;[GCC 9.4.0]" os-version="5.15.0-105-generic" platform="Linux" cwd="/home/brunolnetto/github/API" machine-name="x86_64" user="" user-domain="" culture="pt_BR" uiculture="pt_BR" os-architecture="64bit" /><failure><message><![CDATA[]]></message><stack-trace><![CDATA[None]]></stack-trace></failure><reason><message><![CDATA[]]></message></reason><output><![CDATA[]]></output></test-case><test-case id="132" name="tests/api/core/test_utils.py::test_get_items_neighbors_count" fullname="tests/api/core/test_utils.py::test_get_items_neighbors_count" methodname="test_get_items_neighbors_count" classname="tests/api/core/test_utils.py" runstate="Runnable" seed="1" result="Passed" label="" start-time="2024-05-04 18:25:27.118266" end-time="2024-05-04 18:25:27.120093" duration="0.001827" asserts="0"><properties><property name="python-version" value="3.8.10 (default, Nov 22 2023, 10:22:35) &#10;[GCC 9.4.0]" /><property name="fspath" value="tests/api/core/test_utils.py" /></properties><environment framework-version="3.6.2" clr-version="3.8.10 (default, Nov 22 2023, 10:22:35) &#10;[GCC 9.4.0]" os-version="5.15.0-105-generic" platform="Linux" cwd="/home/brunolnetto/github/API" machine-name="x86_64" user="" user-domain="" culture="pt_BR" uiculture="pt_BR" os-architecture="64bit" /><failure><message><![CDATA[]]></message><stack-trace><![CDATA[None]]></stack-trace></failure><reason><message><![CDATA[]]></message></reason><output><![CDATA[]]></output></test-case><test-case id="133" name="tests/api/core/test_utils.py::test_get_sets_count_per_items" fullname="tests/api/core/test_utils.py::test_get_sets_count_per_items" methodname="test_get_sets_count_per_items" classname="tests/api/core/test_utils.py" runstate="Runnable" seed="1" result="Passed" label="" start-time="2024-05-04 18:25:27.120922" end-time="2024-05-04 18:25:27.123279" duration="0.002357" asserts="0"><properties><property name="python-version" value="3.8.10 (default, Nov 22 2023, 10:22:35) &#10;[GCC 9.4.0]" /><property name="fspath" value="tests/api/core/test_utils.py" /></properties><environment framework-version="3.6.2" clr-version="3.8.10 (default, Nov 22 2023, 10:22:35) &#10;[GCC 9.4.0]" os-version="5.15.0-105-generic" platform="Linux" cwd="/home/brunolnetto/github/API" machine-name="x86_64" user="" user-domain="" culture="pt_BR" uiculture="pt_BR" os-architecture="64bit" /><failure><message><![CDATA[]]></message><stack-trace><![CDATA[None]]></stack-trace></failure><reason><message><![CDATA[]]></message></reason><output><![CDATA[]]></output></test-case><test-case id="134" name="tests/api/core/test_utils.py::test_get_sets_to_items_dict" fullname="tests/api/core/test_utils.py::test_get_sets_to_items_dict" methodname="test_get_sets_to_items_dict" classname="tests/api/core/test_utils.py" runstate="Runnable" seed="1" result="Passed" label="" start-time="2024-05-04 18:25:27.124116" end-time="2024-05-04 18:25:27.126685" duration="0.002569" asserts="0"><properties><property name="python-version" value="3.8.10 (default, Nov 22 2023, 10:22:35) &#10;[GCC 9.4.0]" /><property name="fspath" value="tests/api/core/test_utils.py" /></properties><environment framework-version="3.6.2" clr-version="3.8.10 (default, Nov 22 2023, 10:22:35) &#10;[GCC 9.4.0]" os-version="5.15.0-105-generic" platform="Linux" cwd="/home/brunolnetto/github/API" machine-name="x86_64" user="" user-domain="" culture="pt_BR" uiculture="pt_BR" os-architecture="64bit" /><failure><message><![CDATA[]]></message><stack-trace><![CDATA[None]]></stack-trace></failure><reason><message><![CDATA[]]></message></reason><output><![CDATA[]]></output></test-case><environment framework-version="3.6.2" clr-version="3.8.10 (default, Nov 22 2023, 10:22:35) &#10;[GCC 9.4.0]" os-version="5.15.0-105-generic" platform="Linux" cwd="/home/brunolnetto/github/API" machine-name="x86_64" user="" user-domain="" culture="pt_BR" uiculture="pt_BR" os-architecture="64bit" /></test-suite><test-suite id="tests/api/routes/test_recommendation.py" name="tests/api/routes/test_recommendation.py" fullname="tests/api/routes/test_recommendation.py" methodname="" classname="" runstate="Runnable" type="Assembly" testcasecount="5" result="Passed" label="" start-time="2024-05-04 18:25:27.149515" end-time="2024-05-04 18:25:27.710281" duration="0.560766" asserts="0" total="5" passed="5" failed="0" warnings="0" inconclusive="0" skipped="0"><properties><property name="python_version" value="3.8.10 (default, Nov 22 2023, 10:22:35) &#10;[GCC 9.4.0]" /></properties><test-case id="139" name="tests/api/routes/test_recommendation.py::test_recommend_product_valid" fullname="tests/api/routes/test_recommendation.py::test_recommend_product_valid" methodname="test_recommend_product_valid" classname="tests/api/routes/test_recommendation.py" runstate="Runnable" seed="1" result="Passed" label="" start-time="2024-05-04 18:25:27.149515" end-time="2024-05-04 18:25:27.444793" duration="0.295278" asserts="0"><properties><property name="python-version" value="3.8.10 (default, Nov 22 2023, 10:22:35) &#10;[GCC 9.4.0]" /><property name="fspath" value="tests/api/routes/test_recommendation.py" /></properties><environment framework-version="3.6.2" clr-version="3.8.10 (default, Nov 22 2023, 10:22:35) &#10;[GCC 9.4.0]" os-version="5.15.0-105-generic" platform="Linux" cwd="/home/brunolnetto/github/API" machine-name="x86_64" user="" user-domain="" culture="pt_BR" uiculture="pt_BR" os-architecture="64bit" /><failure><message><![CDATA[]]></message><stack-trace><![CDATA[None]]></stack-trace></failure><reason><message><![CDATA[]]></message></reason><output><![CDATA[]]></output></test-case><test-case id="140" name="tests/api/routes/test_recommendation.py::test_recommend_product_empty_basket" fullname="tests/api/routes/test_recommendation.py::test_recommend_product_empty_basket" methodname="test_recommend_product_empty_basket" classname="tests/api/routes/test_recommendation.py" runstate="Runnable" seed="1" result="Passed" label="" start-time="2024-05-04 18:25:27.446004" end-time="2024-05-04 18:25:27.529448" duration="0.083444" asserts="0"><properties><property name="python-version" value="3.8.10 (default, Nov 22 2023, 10:22:35) &#10;[GCC 9.4.0]" /><property name="fspath" value="tests/api/routes/test_recommendation.py" /></properties><environment framework-version="3.6.2" clr-version="3.8.10 (default, Nov 22 2023, 10:22:35) &#10;[GCC 9.4.0]" os-version="5.15.0-105-generic" platform="Linux" cwd="/home/brunolnetto/github/API" machine-name="x86_64" user="" user-domain="" culture="pt_BR" uiculture="pt_BR" os-architecture="64bit" /><failure><message><![CDATA[]]></message><stack-trace><![CDATA[None]]></stack-trace></failure><reason><message><![CDATA[]]></message></reason><output><![CDATA[]]></output></test-case><test-case id="141" name="tests/api/routes/test_recommendation.py::test_recommend_product_missing_items" fullname="tests/api/routes/test_recommendation.py::test_recommend_product_missing_items" methodname="test_recommend_product_missing_items" classname="tests/api/routes/test_recommendation.py" runstate="Runnable" seed="1" result="Passed" label="" start-time="2024-05-04 18:25:27.530644" end-time="2024-05-04 18:25:27.617621" duration="0.086977" asserts="0"><properties><property name="python-version" value="3.8.10 (default, Nov 22 2023, 10:22:35) &#10;[GCC 9.4.0]" /><property name="fspath" value="tests/api/routes/test_recommendation.py" /></properties><environment framework-version="3.6.2" clr-version="3.8.10 (default, Nov 22 2023, 10:22:35) &#10;[GCC 9.4.0]" os-version="5.15.0-105-generic" platform="Linux" cwd="/home/brunolnetto/github/API" machine-name="x86_64" user="" user-domain="" culture="pt_BR" uiculture="pt_BR" os-architecture="64bit" /><failure><message><![CDATA[]]></message><stack-trace><![CDATA[None]]></stack-trace></failure><reason><message><![CDATA[]]></message></reason><output><![CDATA[]]></output></test-case><test-case id="142" name="tests/api/routes/test_recommendation.py::test_recommend_product_" fullname="tests/api/routes/test_recommendation.py::test_recommend_product_" methodname="test_recommend_product_" classname="tests/api/routes/test_recommendation.py" runstate="Runnable" seed="1" result="Passed" label="" start-time="2024-05-04 18:25:27.618823" end-time="2024-05-04 18:25:27.706204" duration="0.087381" asserts="0"><properties><property name="python-version" value="3.8.10 (default, Nov 22 2023, 10:22:35) &#10;[GCC 9.4.0]" /><property name="fspath" value="tests/api/routes/test_recommendation.py" /></properties><environment framework-version="3.6.2" clr-version="3.8.10 (default, Nov 22 2023, 10:22:35) &#10;[GCC 9.4.0]" os-version="5.15.0-105-generic" platform="Linux" cwd="/home/brunolnetto/github/API" machine-name="x86_64" user="" user-domain="" culture="pt_BR" uiculture="pt_BR" os-architecture="64bit" /><failure><message><![CDATA[]]></message><stack-trace><![CDATA[None]]></stack-trace></failure><reason><message><![CDATA[]]></message></reason><output><![CDATA[]]></output></test-case><test-case id="143" name="tests/api/routes/test_recommendation.py::test_recommend_product_invalid_request" fullname="tests/api/routes/test_recommendation.py::test_recommend_product_invalid_request" methodname="test_recommend_product_invalid_request" classname="tests/api/routes/test_recommendation.py" runstate="Runnable" seed="1" result="Passed" label="" start-time="2024-05-04 18:25:27.707143" end-time="2024-05-04 18:25:27.710281" duration="0.003138" asserts="0"><properties><property name="python-version" value="3.8.10 (default, Nov 22 2023, 10:22:35) &#10;[GCC 9.4.0]" /><property name="fspath" value="tests/api/routes/test_recommendation.py" /></properties><environment framework-version="3.6.2" clr-version="3.8.10 (default, Nov 22 2023, 10:22:35) &#10;[GCC 9.4.0]" os-version="5.15.0-105-generic" platform="Linux" cwd="/home/brunolnetto/github/API" machine-name="x86_64" user="" user-domain="" culture="pt_BR" uiculture="pt_BR" os-architecture="64bit" /><failure><message><![CDATA[]]></message><stack-trace><![CDATA[None]]></stack-trace></failure><reason><message><![CDATA[]]></message></reason><output><![CDATA[]]></output></test-case><environment framework-version="3.6.2" clr-version="3.8.10 (default, Nov 22 2023, 10:22:35) &#10;[GCC 9.4.0]" os-version="5.15.0-105-generic" platform="Linux" cwd="/home/brunolnetto/github/API" machine-name="x86_64" user="" user-domain="" culture="pt_BR" uiculture="pt_BR" os-architecture="64bit" /></test-suite><test-suite id="tests/db/test_db_core.py::TestBaseRepository" name="tests/db/test_db_core.py::TestBaseRepository" fullname="tests/db/test_db_core.py::TestBaseRepository" methodname="" classname="" runstate="Runnable" type="Assembly" testcasecount="1" result="Passed" label="" start-time="2024-05-04 18:25:27.980775" end-time="2024-05-04 18:25:27.981367" duration="0.000592" asserts="0" total="1" passed="1" failed="0" warnings="0" inconclusive="0" skipped="0"><properties><property name="python_version" value="3.8.10 (default, Nov 22 2023, 10:22:35) &#10;[GCC 9.4.0]" /></properties><test-case id="184" name="tests/db/test_db_core.py::TestBaseRepository::test_is_abstract" fullname="tests/db/test_db_core.py::TestBaseRepository::test_is_abstract" methodname="test_is_abstract" classname="TestBaseRepository" runstate="Runnable" seed="1" result="Passed" label="" start-time="2024-05-04 18:25:27.980775" end-time="2024-05-04 18:25:27.981367" duration="0.000592" asserts="0"><properties><property name="python-version" value="3.8.10 (default, Nov 22 2023, 10:22:35) &#10;[GCC 9.4.0]" /><property name="fspath" value="tests/db/test_db_core.py" /></properties><environment framework-version="3.6.2" clr-version="3.8.10 (default, Nov 22 2023, 10:22:35) &#10;[GCC 9.4.0]" os-version="5.15.0-105-generic" platform="Linux" cwd="/home/brunolnetto/github/API" machine-name="x86_64" user="" user-domain="" culture="pt_BR" uiculture="pt_BR" os-architecture="64bit" /><failure><message><![CDATA[]]></message><stack-trace><![CDATA[None]]></stack-trace></failure><reason><message><![CDATA[]]></message></reason><output><![CDATA[]]></output></test-case><environment framework-version="3.6.2" clr-version="3.8.10 (default, Nov 22 2023, 10:22:35) &#10;[GCC 9.4.0]" os-version="5.15.0-105-generic" platform="Linux" cwd="/home/brunolnetto/github/API" machine-name="x86_64" user="" user-domain="" culture="pt_BR" uiculture="pt_BR" os-architecture="64bit" /></test-suite><test-suite id="tests/api/utils/test_native.py" name="tests/api/utils/test_native.py" fullname="tests/api/utils/test_native.py" methodname="" classname="" runstate="Runnable" type="Assembly" testcasecount="14" result="Passed" label="" start-time="2024-05-04 18:25:27.952311" end-time="2024-05-04 18:25:27.971434" duration="0.019123" asserts="0" total="14" passed="14" failed="0" warnings="0" inconclusive="0" skipped="0"><properties><property name="python_version" value="3.8.10 (default, Nov 22 2023, 10:22:35) &#10;[GCC 9.4.0]" /></properties><test-case id="167" name="tests/api/utils/test_native.py::test_invert_dict_failed" fullname="tests/api/utils/test_native.py::test_invert_dict_failed" methodname="test_invert_dict_failed" classname="tests/api/utils/test_native.py" runstate="Runnable" seed="1" result="Passed" label="" start-time="2024-05-04 18:25:27.952311" end-time="2024-05-04 18:25:27.952907" duration="0.000596" asserts="0"><properties><property name="python-version" value="3.8.10 (default, Nov 22 2023, 10:22:35) &#10;[GCC 9.4.0]" /><property name="fspath" value="tests/api/utils/test_native.py" /></properties><environment framework-version="3.6.2" clr-version="3.8.10 (default, Nov 22 2023, 10:22:35) &#10;[GCC 9.4.0]" os-version="5.15.0-105-generic" platform="Linux" cwd="/home/brunolnetto/github/API" machine-name="x86_64" user="" user-domain="" culture="pt_BR" uiculture="pt_BR" os-architecture="64bit" /><failure><message><![CDATA[]]></message><stack-trace><![CDATA[None]]></stack-trace></failure><reason><message><![CDATA[]]></message></reason><output><![CDATA[]]></output></test-case><test-case id="168" name="tests/api/utils/test_native.py::test_invert_dict" fullname="tests/api/utils/test_native.py::test_invert_dict" methodname="test_invert_dict" classname="tests/api/utils/test_native.py" runstate="Runnable" seed="1" result="Passed" label="" start-time="2024-05-04 18:25:27.953529" end-time="2024-05-04 18:25:27.954414" duration="0.000885" asserts="0"><properties><property name="python-version" value="3.8.10 (default, Nov 22 2023, 10:22:35) &#10;[GCC 9.4.0]" /><property name="fspath" value="tests/api/utils/test_native.py" /></properties><environment framework-version="3.6.2" clr-version="3.8.10 (default, Nov 22 2023, 10:22:35) &#10;[GCC 9.4.0]" os-version="5.15.0-105-generic" platform="Linux" cwd="/home/brunolnetto/github/API" machine-name="x86_64" user="" user-domain="" culture="pt_BR" uiculture="pt_BR" os-architecture="64bit" /><failure><message><![CDATA[]]></message><stack-trace><![CDATA[None]]></stack-trace></failure><reason><message><![CDATA[]]></message></reason><output><![CDATA[]]></output></test-case><test-case id="169" name="tests/api/utils/test_native.py::test_flatten_list" fullname="tests/api/utils/test_native.py::test_flatten_list" methodname="test_flatten_list" classname="tests/api/utils/test_native.py" runstate="Runnable" seed="1" result="Passed" label="" start-time="2024-05-04 18:25:27.955049" end-time="2024-05-04 18:25:27.955592" duration="0.000543" asserts="0"><properties><property name="python-version" value="3.8.10 (default, Nov 22 2023, 10:22:35) &#10;[GCC 9.4.0]" /><property name="fspath" value="tests/api/utils/test_native.py" /></properties><environment framework-version="3.6.2" clr-version="3.8.10 (default, Nov 22 2023, 10:22:35) &#10;[GCC 9.4.0]" os-version="5.15.0-105-generic" platform="Linux" cwd="/home/brunolnetto/github/API" machine-name="x86_64" user="" user-domain="" culture="pt_BR" uiculture="pt_BR" os-architecture="64bit" /><failure><message><![CDATA[]]></message><stack-trace><![CDATA[None]]></stack-trace></failure><reason><message><![CDATA[]]></message></reason><output><![CDATA[]]></output></test-case><test-case id="170" name="tests/api/utils/test_native.py::test_sum_dicts" fullname="tests/api/utils/test_native.py::test_sum_dicts" methodname="test_sum_dicts" classname="tests/api/utils/test_native.py" runstate="Runnable" seed="1" result="Passed" label="" start-time="2024-05-04 18:25:27.956134" end-time="2024-05-04 18:25:27.956892" duration="0.000758" asserts="0"><properties><property name="python-version" value="3.8.10 (default, Nov 22 2023, 10:22:35) &#10;[GCC 9.4.0]" /><property name="fspath" value="tests/api/utils/test_native.py" /></properties><environment framework-version="3.6.2" clr-version="3.8.10 (default, Nov 22 2023, 10:22:35) &#10;[GCC 9.4.0]" os-version="5.15.0-105-generic" platform="Linux" cwd="/home/brunolnetto/github/API" machine-name="x86_64" user="" user-domain="" culture="pt_BR" uiculture="pt_BR" os-architecture="64bit" /><failure><message><![CDATA[]]></message><stack-trace><![CDATA[None]]></stack-trace></failure><reason><message><![CDATA[]]></message></reason><output><![CDATA[]]></output></test-case><test-case id="171" name="tests/api/utils/test_native.py::test_pickle_functions" fullname="tests/api/utils/test_native.py::test_pickle_functions" methodname="test_pickle_functions" classname="tests/api/utils/test_native.py" runstate="Runnable" seed="1" result="Passed" label="" start-time="2024-05-04 18:25:27.957985" end-time="2024-05-04 18:25:27.958753" duration="0.000768" asserts="0"><properties><property name="python-version" value="3.8.10 (default, Nov 22 2023, 10:22:35) &#10;[GCC 9.4.0]" /><property name="fspath" value="tests/api/utils/test_native.py" /></properties><environment framework-version="3.6.2" clr-version="3.8.10 (default, Nov 22 2023, 10:22:35) &#10;[GCC 9.4.0]" os-version="5.15.0-105-generic" platform="Linux" cwd="/home/brunolnetto/github/API" machine-name="x86_64" user="" user-domain="" culture="pt_BR" uiculture="pt_BR" os-architecture="64bit" /><failure><message><![CDATA[]]></message><stack-trace><![CDATA[None]]></stack-trace></failure><reason><message><![CDATA[]]></message></reason><output><![CDATA[]]></output></test-case><test-case id="172" name="tests/api/utils/test_native.py::test_dill_functions" fullname="tests/api/utils/test_native.py::test_dill_functions" methodname="test_dill_functions" classname="tests/api/utils/test_native.py" runstate="Runnable" seed="1" result="Passed" label="" start-time="2024-05-04 18:25:27.959739" end-time="2024-05-04 18:25:27.960950" duration="0.001211" asserts="0"><properties><property name="python-version" value="3.8.10 (default, Nov 22 2023, 10:22:35) &#10;[GCC 9.4.0]" /><property name="fspath" value="tests/api/utils/test_native.py" /></properties><environment framework-version="3.6.2" clr-version="3.8.10 (default, Nov 22 2023, 10:22:35) &#10;[GCC 9.4.0]" os-version="5.15.0-105-generic" platform="Linux" cwd="/home/brunolnetto/github/API" machine-name="x86_64" user="" user-domain="" culture="pt_BR" uiculture="pt_BR" os-architecture="64bit" /><failure><message><![CDATA[]]></message><stack-trace><![CDATA[None]]></stack-trace></failure><reason><message><![CDATA[]]></message></reason><output><![CDATA[]]></output></test-case><test-case id="173" name="tests/api/utils/test_native.py::test_cloudpickle_functions" fullname="tests/api/utils/test_native.py::test_cloudpickle_functions" methodname="test_cloudpickle_functions" classname="tests/api/utils/test_native.py" runstate="Runnable" seed="1" result="Passed" label="" start-time="2024-05-04 18:25:27.961999" end-time="2024-05-04 18:25:27.962793" duration="0.000794" asserts="0"><properties><property name="python-version" value="3.8.10 (default, Nov 22 2023, 10:22:35) &#10;[GCC 9.4.0]" /><property name="fspath" value="tests/api/utils/test_native.py" /></properties><environment framework-version="3.6.2" clr-version="3.8.10 (default, Nov 22 2023, 10:22:35) &#10;[GCC 9.4.0]" os-version="5.15.0-105-generic" platform="Linux" cwd="/home/brunolnetto/github/API" machine-name="x86_64" user="" user-domain="" culture="pt_BR" uiculture="pt_BR" os-architecture="64bit" /><failure><message><![CDATA[]]></message><stack-trace><![CDATA[None]]></stack-trace></failure><reason><message><![CDATA[]]></message></reason><output><![CDATA[]]></output></test-case><test-case id="174" name="tests/api/utils/test_native.py::test_remove_list_from_list[list10-list20-expected0]" fullname="tests/api/utils/test_native.py::test_remove_list_from_list[list10-list20-expected0]" methodname="test_remove_list_from_list[list10-list20-expected0]" classname="tests/api/utils/test_native.py" runstate="Runnable" seed="1" result="Passed" label="" start-time="2024-05-04 18:25:27.963533" end-time="2024-05-04 18:25:27.964129" duration="0.000596" asserts="0"><properties><property name="python-version" value="3.8.10 (default, Nov 22 2023, 10:22:35) &#10;[GCC 9.4.0]" /><property name="fspath" value="tests/api/utils/test_native.py" /></properties><environment framework-version="3.6.2" clr-version="3.8.10 (default, Nov 22 2023, 10:22:35) &#10;[GCC 9.4.0]" os-version="5.15.0-105-generic" platform="Linux" cwd="/home/brunolnetto/github/API" machine-name="x86_64" user="" user-domain="" culture="pt_BR" uiculture="pt_BR" os-architecture="64bit" /><failure><message><![CDATA[]]></message><stack-trace><![CDATA[None]]></stack-trace></failure><reason><message><![CDATA[]]></message></reason><output><![CDATA[]]></output></test-case><test-case id="175" name="tests/api/utils/test_native.py::test_remove_list_from_list[list11-list21-expected1]" fullname="tests/api/utils/test_native.py::test_remove_list_from_list[list11-list21-expected1]" methodname="test_remove_list_from_list[list11-list21-expected1]" classname="tests/api/utils/test_native.py" runstate="Runnable" seed="1" result="Passed" label="" start-time="2024-05-04 18:25:27.964998" end-time="2024-05-04 18:25:27.965610" duration="0.000612" asserts="0"><properties><property name="python-version" value="3.8.10 (default, Nov 22 2023, 10:22:35) &#10;[GCC 9.4.0]" /><property name="fspath" value="tests/api/utils/test_native.py" /></properties><environment framework-version="3.6.2" clr-version="3.8.10 (default, Nov 22 2023, 10:22:35) &#10;[GCC 9.4.0]" os-version="5.15.0-105-generic" platform="Linux" cwd="/home/brunolnetto/github/API" machine-name="x86_64" user="" user-domain="" culture="pt_BR" uiculture="pt_BR" os-architecture="64bit" /><failure><message><![CDATA[]]></message><stack-trace><![CDATA[None]]></stack-trace></failure><reason><message><![CDATA[]]></message></reason><output><![CDATA[]]></output></test-case><test-case id="176" name="tests/api/utils/test_native.py::test_remove_list_from_list[list12-list22-expected2]" fullname="tests/api/utils/test_native.py::test_remove_list_from_list[list12-list22-expected2]" methodname="test_remove_list_from_list[list12-list22-expected2]" classname="tests/api/utils/test_native.py" runstate="Runnable" seed="1" result="Passed" label="" start-time="2024-05-04 18:25:27.966325" end-time="2024-05-04 18:25:27.966881" duration="0.000556" asserts="0"><properties><property name="python-version" value="3.8.10 (default, Nov 22 2023, 10:22:35) &#10;[GCC 9.4.0]" /><property name="fspath" value="tests/api/utils/test_native.py" /></properties><environment framework-version="3.6.2" clr-version="3.8.10 (default, Nov 22 2023, 10:22:35) &#10;[GCC 9.4.0]" os-version="5.15.0-105-generic" platform="Linux" cwd="/home/brunolnetto/github/API" machine-name="x86_64" user="" user-domain="" culture="pt_BR" uiculture="pt_BR" os-architecture="64bit" /><failure><message><![CDATA[]]></message><stack-trace><![CDATA[None]]></stack-trace></failure><reason><message><![CDATA[]]></message></reason><output><![CDATA[]]></output></test-case><test-case id="177" name="tests/api/utils/test_native.py::test_remove_list_from_list[list13-list23-expected3]" fullname="tests/api/utils/test_native.py::test_remove_list_from_list[list13-list23-expected3]" methodname="test_remove_list_from_list[list13-list23-expected3]" classname="tests/api/utils/test_native.py" runstate="Runnable" seed="1" result="Passed" label="" start-time="2024-05-04 18:25:27.967572" end-time="2024-05-04 18:25:27.968153" duration="0.000581" asserts="0"><properties><property name="python-version" value="3.8.10 (default, Nov 22 2023, 10:22:35) &#10;[GCC 9.4.0]" /><property name="fspath" value="tests/api/utils/test_native.py" /></properties><environment framework-version="3.6.2" clr-version="3.8.10 (default, Nov 22 2023, 10:22:35) &#10;[GCC 9.4.0]" os-version="5.15.0-105-generic" platform="Linux" cwd="/home/brunolnetto/github/API" machine-name="x86_64" user="" user-domain="" culture="pt_BR" uiculture="pt_BR" os-architecture="64bit" /><failure><message><![CDATA[]]></message><stack-trace><![CDATA[None]]></stack-trace></failure><reason><message><![CDATA[]]></message></reason><output><![CDATA[]]></output></test-case><test-case id="178" name="tests/api/utils/test_native.py::test_remove_list_from_list[list14-list24-expected4]" fullname="tests/api/utils/test_native.py::test_remove_list_from_list[list14-list24-expected4]" methodname="test_remove_list_from_list[list14-list24-expected4]" classname="tests/api/utils/test_native.py" runstate="Runnable" seed="1" result="Passed" label="" start-time="2024-05-04 18:25:27.968863" end-time="2024-05-04 18:25:27.969430" duration="0.000567" asserts="0"><properties><property name="python-version" value="3.8.10 (default, Nov 22 2023, 10:22:35) &#10;[GCC 9.4.0]" /><property name="fspath" value="tests/api/utils/test_native.py" /></properties><environment framework-version="3.6.2" clr-version="3.8.10 (default, Nov 22 2023, 10:22:35) &#10;[GCC 9.4.0]" os-version="5.15.0-105-generic" platform="Linux" cwd="/home/brunolnetto/github/API" machine-name="x86_64" user="" user-domain="" culture="pt_BR" uiculture="pt_BR" os-architecture="64bit" /><failure><message><![CDATA[]]></message><stack-trace><![CDATA[None]]></stack-trace></failure><reason><message><![CDATA[]]></message></reason><output><![CDATA[]]></output></test-case><test-case id="179" name="tests/api/utils/test_native.py::test_remove_list_from_list_handles_duplicates" fullname="tests/api/utils/test_native.py::test_remove_list_from_list_handles_duplicates" methodname="test_remove_list_from_list_handles_duplicates" classname="tests/api/utils/test_native.py" runstate="Runnable" seed="1" result="Passed" label="" start-time="2024-05-04 18:25:27.969926" end-time="2024-05-04 18:25:27.970442" duration="0.000516" asserts="0"><properties><property name="python-version" value="3.8.10 (default, Nov 22 2023, 10:22:35) &#10;[GCC 9.4.0]" /><property name="fspath" value="tests/api/utils/test_native.py" /></properties><environment framework-version="3.6.2" clr-version="3.8.10 (default, Nov 22 2023, 10:22:35) &#10;[GCC 9.4.0]" os-version="5.15.0-105-generic" platform="Linux" cwd="/home/brunolnetto/github/API" machine-name="x86_64" user="" user-domain="" culture="pt_BR" uiculture="pt_BR" os-architecture="64bit" /><failure><message><![CDATA[]]></message><stack-trace><![CDATA[None]]></stack-trace></failure><reason><message><![CDATA[]]></message></reason><output><![CDATA[]]></output></test-case><test-case id="180" name="tests/api/utils/test_native.py::test_remove_list_from_list_returns_new_list" fullname="tests/api/utils/test_native.py::test_remove_list_from_list_returns_new_list" methodname="test_remove_list_from_list_returns_new_list" classname="tests/api/utils/test_native.py" runstate="Runnable" seed="1" result="Passed" label="" start-time="2024-05-04 18:25:27.970939" end-time="2024-05-04 18:25:27.971434" duration="0.000495" asserts="0"><properties><property name="python-version" value="3.8.10 (default, Nov 22 2023, 10:22:35) &#10;[GCC 9.4.0]" /><property name="fspath" value="tests/api/utils/test_native.py" /></properties><environment framework-version="3.6.2" clr-version="3.8.10 (default, Nov 22 2023, 10:22:35) &#10;[GCC 9.4.0]" os-version="5.15.0-105-generic" platform="Linux" cwd="/home/brunolnetto/github/API" machine-name="x86_64" user="" user-domain="" culture="pt_BR" uiculture="pt_BR" os-architecture="64bit" /><failure><message><![CDATA[]]></message><stack-trace><![CDATA[None]]></stack-trace></failure><reason><message><![CDATA[]]></message></reason><output><![CDATA[]]></output></test-case><environment framework-version="3.6.2" clr-version="3.8.10 (default, Nov 22 2023, 10:22:35) &#10;[GCC 9.4.0]" os-version="5.15.0-105-generic" platform="Linux" cwd="/home/brunolnetto/github/API" machine-name="x86_64" user="" user-domain="" culture="pt_BR" uiculture="pt_BR" os-architecture="64bit" /></test-suite><test-suite id="tests/api/services/test_services_providers.py" name="tests/api/services/test_services_providers.py" fullname="tests/api/services/test_services_providers.py" methodname="" classname="" runstate="Runnable" type="Assembly" testcasecount="4" result="Passed" label="" start-time="2024-05-04 18:25:27.711725" end-time="2024-05-04 18:25:27.880552" duration="0.168827" asserts="0" total="4" passed="2" failed="2" warnings="0" inconclusive="0" skipped="0"><properties><property name="python_version" value="3.8.10 (default, Nov 22 2023, 10:22:35) &#10;[GCC 9.4.0]" /></properties><test-case id="144" name="tests/api/services/test_services_providers.py::test_register_provider_with_strong_password" fullname="tests/api/services/test_services_providers.py::test_register_provider_with_strong_password" methodname="test_register_provider_with_strong_password" classname="tests/api/services/test_services_providers.py" runstate="Runnable" seed="1" result="Failed" label="Tests successful registration with a strong password." start-time="2024-05-04 18:25:27.711725" end-time="2024-05-04 18:25:27.863868" duration="0.152143" asserts="0"><properties><property name="python-version" value="3.8.10 (default, Nov 22 2023, 10:22:35) &#10;[GCC 9.4.0]" /><property name="fspath" value="tests/api/services/test_services_providers.py" /></properties><environment framework-version="3.6.2" clr-version="3.8.10 (default, Nov 22 2023, 10:22:35) &#10;[GCC 9.4.0]" os-version="5.15.0-105-generic" platform="Linux" cwd="/home/brunolnetto/github/API" machine-name="x86_64" user="" user-domain="" culture="pt_BR" uiculture="pt_BR" os-architecture="64bit" /><failure><message><![CDATA[mocker = &lt;pytest_mock.plugin.MockerFixture object at 0x7f7b90a58430&gt;

    async def test_register_provider_with_strong_password(mocker):
        """Tests successful registration with a strong password."""
        strong_password = "StrongPassword1!"
        provider_data = {"username": "test_user", "password": strong_password}
    
        # Mock is_password_strong to return True
        mocker.patch("src.api.utils.security.is_password_strong", return_value=True)
    
        # Mock the AsyncSession
        mock_session = mocker.AsyncMock(spec=AsyncSession)
&gt;       provider = await ProviderService().register(provider_data, session=mock_session)

tests/api/services/test_services_providers.py:19: 
_ _ _ _ _ _ _ _ _ _ _ _ _ _ _ _ _ _ _ _ _ _ _ _ _ _ _ _ _ _ _ _ _ _ _ _ _ _ _ _ _ _ _ _ _ _ _ _ _ _ _ _ _ _ _ _ _ _ _ _ _ _ _ _ _ _ _ _ _ _ _ _ _ _ _ _ _ _ _ _ _ _ _ _ _ _ _ _ _ _ _ _ _ _ _ _ _ _ _ _ _ _ _ _ _ _
src/api/services/providers.py:24: in register
    provider_exists = await providers_repository.find_by_filters(filters, session)
_ _ _ _ _ _ _ _ _ _ _ _ _ _ _ _ _ _ _ _ _ _ _ _ _ _ _ _ _ _ _ _ _ _ _ _ _ _ _ _ _ _ _ _ _ _ _ _ _ _ _ _ _ _ _ _ _ _ _ _ _ _ _ _ _ _ _ _ _ _ _ _ _ _ _ _ _ _ _ _ _ _ _ _ _ _ _ _ _ _ _ _ _ _ _ _ _ _ _ _ _ _ _ _ _ _

self = &lt;src.db.base.repository.SQLRepository object at 0x7f7b735a8700&gt;, filters = {'prov_username': 'test_user'}, session = &lt;AsyncMock spec='AsyncSession' id='140168684625824'&gt;

    async def find_by_filters(
        self, filters: dict, session: AsyncSession
    ) -&gt; List[Model]:
        try:
            query = select(self.model)
            for key, value in filters.items():
                # Assuming key is the column name and value is the filter value
                query = query.filter(getattr(self.model, key) == value)
    
            # Use fetch_all if available
&gt;           data = await query.fetch_all()
E           AttributeError: 'Select' object has no attribute 'fetch_all'

src/db/base/repository.py:120: AttributeError]]></message><stack-trace><![CDATA[/home/brunolnetto/github/API/src/db/base/repository.py:120: AttributeError: 'Select' object has no attribute 'fetch_all']]></stack-trace></failure><reason><message><![CDATA[]]></message></reason><output><![CDATA[]]></output></test-case><test-case id="145" name="tests/api/services/test_services_providers.py::test_register_provider_with_weak_password" fullname="tests/api/services/test_services_providers.py::test_register_provider_with_weak_password" methodname="test_register_provider_with_weak_password" classname="tests/api/services/test_services_providers.py" runstate="Runnable" seed="1" result="Failed" label="Tests raising WeakPasswordException for a weak password." start-time="2024-05-04 18:25:27.864960" end-time="2024-05-04 18:25:27.874008" duration="0.009048" asserts="0"><properties><property name="python-version" value="3.8.10 (default, Nov 22 2023, 10:22:35) &#10;[GCC 9.4.0]" /><property name="fspath" value="tests/api/services/test_services_providers.py" /></properties><environment framework-version="3.6.2" clr-version="3.8.10 (default, Nov 22 2023, 10:22:35) &#10;[GCC 9.4.0]" os-version="5.15.0-105-generic" platform="Linux" cwd="/home/brunolnetto/github/API" machine-name="x86_64" user="" user-domain="" culture="pt_BR" uiculture="pt_BR" os-architecture="64bit" /><failure><message><![CDATA[mocker = &lt;pytest_mock.plugin.MockerFixture object at 0x7f7b726e62e0&gt;

    async def test_register_provider_with_weak_password(mocker):
        """Tests raising WeakPasswordException for a weak password."""
        weak_password = "weakpass"
        provider_data = {"username": "test_user", "password": weak_password}
    
        mock_session = mocker.AsyncMock(spec=AsyncSession)
    
        with pytest.raises(HTTPException) as excinfo:
&gt;           await ProviderService().register(provider_data, mock_session)

tests/api/services/test_services_providers.py:35: 
_ _ _ _ _ _ _ _ _ _ _ _ _ _ _ _ _ _ _ _ _ _ _ _ _ _ _ _ _ _ _ _ _ _ _ _ _ _ _ _ _ _ _ _ _ _ _ _ _ _ _ _ _ _ _ _ _ _ _ _ _ _ _ _ _ _ _ _ _ _ _ _ _ _ _ _ _ _ _ _ _ _ _ _ _ _ _ _ _ _ _ _ _ _ _ _ _ _ _ _ _ _ _ _ _ _
src/api/services/providers.py:24: in register
    provider_exists = await providers_repository.find_by_filters(filters, session)
_ _ _ _ _ _ _ _ _ _ _ _ _ _ _ _ _ _ _ _ _ _ _ _ _ _ _ _ _ _ _ _ _ _ _ _ _ _ _ _ _ _ _ _ _ _ _ _ _ _ _ _ _ _ _ _ _ _ _ _ _ _ _ _ _ _ _ _ _ _ _ _ _ _ _ _ _ _ _ _ _ _ _ _ _ _ _ _ _ _ _ _ _ _ _ _ _ _ _ _ _ _ _ _ _ _

self = &lt;src.db.base.repository.SQLRepository object at 0x7f7b735a8700&gt;, filters = {'prov_username': 'test_user'}, session = &lt;AsyncMock spec='AsyncSession' id='140168177541760'&gt;

    async def find_by_filters(
        self, filters: dict, session: AsyncSession
    ) -&gt; List[Model]:
        try:
            query = select(self.model)
            for key, value in filters.items():
                # Assuming key is the column name and value is the filter value
                query = query.filter(getattr(self.model, key) == value)
    
            # Use fetch_all if available
&gt;           data = await query.fetch_all()
E           AttributeError: 'Select' object has no attribute 'fetch_all'

src/db/base/repository.py:120: AttributeError]]></message><stack-trace><![CDATA[/home/brunolnetto/github/API/src/db/base/repository.py:120: AttributeError: 'Select' object has no attribute 'fetch_all']]></stack-trace></failure><reason><message><![CDATA[]]></message></reason><output><![CDATA[]]></output></test-case><test-case id="146" name="tests/api/services/test_services_providers.py::test_register_provider_with_missing_username" fullname="tests/api/services/test_services_providers.py::test_register_provider_with_missing_username" methodname="test_register_provider_with_missing_username" classname="tests/api/services/test_services_providers.py" runstate="Runnable" seed="1" result="Passed" label="Tests raising error for missing username." start-time="2024-05-04 18:25:27.874993" end-time="2024-05-04 18:25:27.877345" duration="0.002352" asserts="0"><properties><property name="python-version" value="3.8.10 (default, Nov 22 2023, 10:22:35) &#10;[GCC 9.4.0]" /><property name="fspath" value="tests/api/services/test_services_providers.py" /></properties><environment framework-version="3.6.2" clr-version="3.8.10 (default, Nov 22 2023, 10:22:35) &#10;[GCC 9.4.0]" os-version="5.15.0-105-generic" platform="Linux" cwd="/home/brunolnetto/github/API" machine-name="x86_64" user="" user-domain="" culture="pt_BR" uiculture="pt_BR" os-architecture="64bit" /><failure><message><![CDATA[]]></message><stack-trace><![CDATA[None]]></stack-trace></failure><reason><message><![CDATA[]]></message></reason><output><![CDATA[]]></output></test-case><test-case id="147" name="tests/api/services/test_services_providers.py::test_register_provider_with_missing_password" fullname="tests/api/services/test_services_providers.py::test_register_provider_with_missing_password" methodname="test_register_provider_with_missing_password" classname="tests/api/services/test_services_providers.py" runstate="Runnable" seed="1" result="Passed" label="Tests raising error for missing password." start-time="2024-05-04 18:25:27.878341" end-time="2024-05-04 18:25:27.880552" duration="0.002211" asserts="0"><properties><property name="python-version" value="3.8.10 (default, Nov 22 2023, 10:22:35) &#10;[GCC 9.4.0]" /><property name="fspath" value="tests/api/services/test_services_providers.py" /></properties><environment framework-version="3.6.2" clr-version="3.8.10 (default, Nov 22 2023, 10:22:35) &#10;[GCC 9.4.0]" os-version="5.15.0-105-generic" platform="Linux" cwd="/home/brunolnetto/github/API" machine-name="x86_64" user="" user-domain="" culture="pt_BR" uiculture="pt_BR" os-architecture="64bit" /><failure><message><![CDATA[]]></message><stack-trace><![CDATA[None]]></stack-trace></failure><reason><message><![CDATA[]]></message></reason><output><![CDATA[]]></output></test-case><environment framework-version="3.6.2" clr-version="3.8.10 (default, Nov 22 2023, 10:22:35) &#10;[GCC 9.4.0]" os-version="5.15.0-105-generic" platform="Linux" cwd="/home/brunolnetto/github/API" machine-name="x86_64" user="" user-domain="" culture="pt_BR" uiculture="pt_BR" os-architecture="64bit" /></test-suite><test-suite id="tests/api/utils/test_statistics.py" name="tests/api/utils/test_statistics.py" fullname="tests/api/utils/test_statistics.py" methodname="" classname="" runstate="Runnable" type="Assembly" testcasecount="2" result="Passed" label="" start-time="2024-05-04 18:25:27.973578" end-time="2024-05-04 18:25:27.980010" duration="0.006432" asserts="0" total="2" passed="2" failed="0" warnings="0" inconclusive="0" skipped="0"><properties><property name="python_version" value="3.8.10 (default, Nov 22 2023, 10:22:35) &#10;[GCC 9.4.0]" /></properties><test-case id="182" name="tests/api/utils/test_statistics.py::test_get_list_statistics" fullname="tests/api/utils/test_statistics.py::test_get_list_statistics" methodname="test_get_list_statistics" classname="tests/api/utils/test_statistics.py" runstate="Runnable" seed="1" result="Passed" label="" start-time="2024-05-04 18:25:27.973578" end-time="2024-05-04 18:25:27.976390" duration="0.002812" asserts="0"><properties><property name="python-version" value="3.8.10 (default, Nov 22 2023, 10:22:35) &#10;[GCC 9.4.0]" /><property name="fspath" value="tests/api/utils/test_statistics.py" /></properties><environment framework-version="3.6.2" clr-version="3.8.10 (default, Nov 22 2023, 10:22:35) &#10;[GCC 9.4.0]" os-version="5.15.0-105-generic" platform="Linux" cwd="/home/brunolnetto/github/API" machine-name="x86_64" user="" user-domain="" culture="pt_BR" uiculture="pt_BR" os-architecture="64bit" /><failure><message><![CDATA[]]></message><stack-trace><![CDATA[None]]></stack-trace></failure><reason><message><![CDATA[]]></message></reason><output><![CDATA[]]></output></test-case><test-case id="183" name="tests/api/utils/test_statistics.py::test_print_list_statistics" fullname="tests/api/utils/test_statistics.py::test_print_list_statistics" methodname="test_print_list_statistics" classname="tests/api/utils/test_statistics.py" runstate="Runnable" seed="1" result="Passed" label="" start-time="2024-05-04 18:25:27.977155" end-time="2024-05-04 18:25:27.980010" duration="0.002855" asserts="0"><properties><property name="python-version" value="3.8.10 (default, Nov 22 2023, 10:22:35) &#10;[GCC 9.4.0]" /><property name="fspath" value="tests/api/utils/test_statistics.py" /></properties><environment framework-version="3.6.2" clr-version="3.8.10 (default, Nov 22 2023, 10:22:35) &#10;[GCC 9.4.0]" os-version="5.15.0-105-generic" platform="Linux" cwd="/home/brunolnetto/github/API" machine-name="x86_64" user="" user-domain="" culture="pt_BR" uiculture="pt_BR" os-architecture="64bit" /><failure><message><![CDATA[]]></message><stack-trace><![CDATA[None]]></stack-trace></failure><reason><message><![CDATA[]]></message></reason><output><![CDATA[]]></output></test-case><environment framework-version="3.6.2" clr-version="3.8.10 (default, Nov 22 2023, 10:22:35) &#10;[GCC 9.4.0]" os-version="5.15.0-105-generic" platform="Linux" cwd="/home/brunolnetto/github/API" machine-name="x86_64" user="" user-domain="" culture="pt_BR" uiculture="pt_BR" os-architecture="64bit" /></test-suite></test-run>